{"/Users/dzulfikri/Documents/Work/Pintarware/walletwise-backend/src/app.ts": {"path":"/Users/dzulfikri/Documents/Work/Pintarware/walletwise-backend/src/app.ts","statementMap":{"0":{"start":{"line":6,"column":0},"end":{"line":6,"column":29}},"1":{"start":{"line":7,"column":0},"end":{"line":7,"column":23}},"2":{"start":{"line":8,"column":0},"end":{"line":8,"column":27}},"3":{"start":{"line":9,"column":0},"end":{"line":9,"column":40}},"4":{"start":{"line":10,"column":0},"end":{"line":10,"column":37}},"5":{"start":{"line":11,"column":0},"end":{"line":11,"column":63}},"6":{"start":{"line":12,"column":0},"end":{"line":12,"column":65}},"7":{"start":{"line":13,"column":0},"end":{"line":13,"column":43}},"8":{"start":{"line":14,"column":0},"end":{"line":14,"column":85}},"9":{"start":{"line":16,"column":12},"end":{"line":16,"column":21}},"10":{"start":{"line":19,"column":0},"end":{"line":19,"column":null}},"11":{"start":{"line":20,"column":0},"end":{"line":23,"column":null}},"12":{"start":{"line":24,"column":0},"end":{"line":24,"column":null}},"13":{"start":{"line":25,"column":0},"end":{"line":25,"column":null}},"14":{"start":{"line":26,"column":0},"end":{"line":26,"column":null}},"15":{"start":{"line":29,"column":0},"end":{"line":29,"column":null}},"16":{"start":{"line":31,"column":0},"end":{"line":31,"column":null}},"17":{"start":{"line":34,"column":0},"end":{"line":34,"column":null}},"18":{"start":{"line":37,"column":0},"end":{"line":39,"column":null}},"19":{"start":{"line":38,"column":2},"end":{"line":38,"column":null}},"20":{"start":{"line":42,"column":0},"end":{"line":42,"column":null}},"21":{"start":{"line":45,"column":0},"end":{"line":53,"column":null}},"22":{"start":{"line":46,"column":2},"end":{"line":52,"column":null}},"23":{"start":{"line":56,"column":0},"end":{"line":56,"column":null}},"24":{"start":{"line":58,"column":0},"end":{"line":58,"column":null}}},"fnMap":{"0":{"name":"(anonymous_1)","decl":{"start":{"line":37,"column":19},"end":{"line":37,"column":20}},"loc":{"start":{"line":37,"column":33},"end":{"line":39,"column":1}}},"1":{"name":"(anonymous_2)","decl":{"start":{"line":45,"column":8},"end":{"line":45,"column":9}},"loc":{"start":{"line":45,"column":21},"end":{"line":53,"column":1}}}},"branchMap":{},"s":{"0":4,"1":4,"2":4,"3":4,"4":4,"5":4,"6":4,"7":4,"8":4,"9":4,"10":4,"11":4,"12":4,"13":4,"14":4,"15":4,"16":4,"17":4,"18":4,"19":1,"20":4,"21":4,"22":3,"23":4,"24":4},"f":{"0":1,"1":3},"b":{}}
,"/Users/dzulfikri/Documents/Work/Pintarware/walletwise-backend/src/config/env.ts": {"path":"/Users/dzulfikri/Documents/Work/Pintarware/walletwise-backend/src/config/env.ts","statementMap":{"0":{"start":{"line":6,"column":15},"end":{"line":12,"column":1}},"1":{"start":{"line":7,"column":16},"end":{"line":7,"column":32}},"2":{"start":{"line":8,"column":2},"end":{"line":10,"column":3}},"3":{"start":{"line":9,"column":4},"end":{"line":9,"column":null}},"4":{"start":{"line":11,"column":2},"end":{"line":11,"column":null}},"5":{"start":{"line":14,"column":13},"end":{"line":60,"column":null}},"6":{"start":{"line":28,"column":4},"end":{"line":28,"column":null}},"7":{"start":{"line":28,"column":37},"end":{"line":28,"column":null}},"8":{"start":{"line":29,"column":21},"end":{"line":29,"column":46}},"9":{"start":{"line":30,"column":18},"end":{"line":30,"column":83}},"10":{"start":{"line":31,"column":4},"end":{"line":31,"column":null}},"11":{"start":{"line":62,"column":0},"end":{"line":62,"column":null}}},"fnMap":{"0":{"name":"(anonymous_0)","decl":{"start":{"line":6,"column":15},"end":{"line":6,"column":16}},"loc":{"start":{"line":6,"column":62},"end":{"line":12,"column":1}}},"1":{"name":"(anonymous_1)","decl":{"start":{"line":27,"column":2},"end":{"line":27,"column":6}},"loc":{"start":{"line":27,"column":18},"end":{"line":32,"column":3}}}},"branchMap":{"0":{"loc":{"start":{"line":8,"column":2},"end":{"line":10,"column":3}},"type":"if","locations":[{"start":{"line":8,"column":2},"end":{"line":10,"column":3}},{"start":{},"end":{}}]},"1":{"loc":{"start":{"line":8,"column":6},"end":{"line":8,"column":55}},"type":"binary-expr","locations":[{"start":{"line":8,"column":6},"end":{"line":8,"column":25}},{"start":{"line":8,"column":29},"end":{"line":8,"column":55}}]},"2":{"loc":{"start":{"line":11,"column":9},"end":{"line":11,"column":36}},"type":"binary-expr","locations":[{"start":{"line":11,"column":9},"end":{"line":11,"column":14}},{"start":{"line":11,"column":18},"end":{"line":11,"column":30}},{"start":{"line":11,"column":34},"end":{"line":11,"column":36}}]},"3":{"loc":{"start":{"line":28,"column":4},"end":{"line":28,"column":null}},"type":"if","locations":[{"start":{"line":28,"column":4},"end":{"line":28,"column":null}},{"start":{},"end":{}}]},"4":{"loc":{"start":{"line":30,"column":18},"end":{"line":30,"column":83}},"type":"cond-expr","locations":[{"start":{"line":30,"column":29},"end":{"line":30,"column":63}},{"start":{"line":30,"column":66},"end":{"line":30,"column":83}}]}},"s":{"0":7,"1":154,"2":154,"3":0,"4":154,"5":7,"6":1,"7":1,"8":0,"9":0,"10":0,"11":7},"f":{"0":154,"1":1},"b":{"0":[0,154],"1":[154,35],"2":[154,35,0],"3":[1,0],"4":[0,0]}}
,"/Users/dzulfikri/Documents/Work/Pintarware/walletwise-backend/src/constants/categories.ts": {"path":"/Users/dzulfikri/Documents/Work/Pintarware/walletwise-backend/src/constants/categories.ts","statementMap":{"0":{"start":{"line":35,"column":0},"end":{"line":35,"column":16}},"1":{"start":{"line":6,"column":13},"end":{"line":18,"column":null}},"2":{"start":{"line":20,"column":13},"end":{"line":33,"column":null}},"3":{"start":{"line":36,"column":2},"end":{"line":39,"column":null}}},"fnMap":{"0":{"name":"isSystemCategory","decl":{"start":{"line":35,"column":16},"end":{"line":35,"column":32}},"loc":{"start":{"line":35,"column":46},"end":{"line":40,"column":1}}}},"branchMap":{"0":{"loc":{"start":{"line":37,"column":4},"end":{"line":38,"column":91}},"type":"binary-expr","locations":[{"start":{"line":37,"column":4},"end":{"line":37,"column":89}},{"start":{"line":38,"column":4},"end":{"line":38,"column":91}}]}},"s":{"0":6,"1":6,"2":6,"3":9},"f":{"0":9},"b":{"0":[9,6]}}
,"/Users/dzulfikri/Documents/Work/Pintarware/walletwise-backend/src/constants/subscription.ts": {"path":"/Users/dzulfikri/Documents/Work/Pintarware/walletwise-backend/src/constants/subscription.ts","statementMap":{"0":{"start":{"line":9,"column":13},"end":{"line":9,"column":null}},"1":{"start":{"line":12,"column":13},"end":{"line":17,"column":null}},"2":{"start":{"line":19,"column":13},"end":{"line":19,"column":null}},"3":{"start":{"line":21,"column":13},"end":{"line":24,"column":null}}},"fnMap":{},"branchMap":{},"s":{"0":7,"1":7,"2":7,"3":7},"f":{},"b":{}}
,"/Users/dzulfikri/Documents/Work/Pintarware/walletwise-backend/src/controllers/auth.controller.ts": {"path":"/Users/dzulfikri/Documents/Work/Pintarware/walletwise-backend/src/controllers/auth.controller.ts","statementMap":{"0":{"start":{"line":7,"column":0},"end":{"line":7,"column":57}},"1":{"start":{"line":8,"column":0},"end":{"line":8,"column":72}},"2":{"start":{"line":9,"column":0},"end":{"line":9,"column":52}},"3":{"start":{"line":10,"column":0},"end":{"line":10,"column":56}},"4":{"start":{"line":18,"column":4},"end":{"line":53,"column":5}},"5":{"start":{"line":20,"column":31},"end":{"line":20,"column":65}},"6":{"start":{"line":22,"column":6},"end":{"line":25,"column":7}},"7":{"start":{"line":23,"column":23},"end":{"line":23,"column":62}},"8":{"start":{"line":24,"column":8},"end":{"line":24,"column":null}},"9":{"start":{"line":28,"column":21},"end":{"line":28,"column":70}},"10":{"start":{"line":31,"column":6},"end":{"line":36,"column":null}},"11":{"start":{"line":38,"column":6},"end":{"line":43,"column":null}},"12":{"start":{"line":45,"column":6},"end":{"line":50,"column":null}},"13":{"start":{"line":52,"column":6},"end":{"line":52,"column":null}},"14":{"start":{"line":61,"column":4},"end":{"line":96,"column":5}},"15":{"start":{"line":63,"column":31},"end":{"line":63,"column":62}},"16":{"start":{"line":65,"column":6},"end":{"line":68,"column":7}},"17":{"start":{"line":66,"column":23},"end":{"line":66,"column":62}},"18":{"start":{"line":67,"column":8},"end":{"line":67,"column":null}},"19":{"start":{"line":71,"column":21},"end":{"line":71,"column":67}},"20":{"start":{"line":74,"column":6},"end":{"line":79,"column":null}},"21":{"start":{"line":81,"column":6},"end":{"line":86,"column":null}},"22":{"start":{"line":88,"column":6},"end":{"line":93,"column":null}},"23":{"start":{"line":95,"column":6},"end":{"line":95,"column":null}},"24":{"start":{"line":104,"column":4},"end":{"line":129,"column":5}},"25":{"start":{"line":106,"column":27},"end":{"line":106,"column":51}},"26":{"start":{"line":108,"column":6},"end":{"line":110,"column":7}},"27":{"start":{"line":109,"column":8},"end":{"line":109,"column":null}},"28":{"start":{"line":113,"column":21},"end":{"line":113,"column":65}},"29":{"start":{"line":116,"column":6},"end":{"line":121,"column":null}},"30":{"start":{"line":123,"column":6},"end":{"line":126,"column":null}},"31":{"start":{"line":128,"column":6},"end":{"line":128,"column":null}},"32":{"start":{"line":137,"column":4},"end":{"line":153,"column":5}},"33":{"start":{"line":139,"column":22},"end":{"line":139,"column":46}},"34":{"start":{"line":141,"column":6},"end":{"line":143,"column":7}},"35":{"start":{"line":142,"column":8},"end":{"line":142,"column":null}},"36":{"start":{"line":145,"column":22},"end":{"line":145,"column":58}},"37":{"start":{"line":147,"column":6},"end":{"line":150,"column":null}},"38":{"start":{"line":152,"column":6},"end":{"line":152,"column":null}},"39":{"start":{"line":161,"column":4},"end":{"line":193,"column":5}},"40":{"start":{"line":163,"column":22},"end":{"line":163,"column":46}},"41":{"start":{"line":165,"column":6},"end":{"line":167,"column":7}},"42":{"start":{"line":166,"column":8},"end":{"line":166,"column":null}},"43":{"start":{"line":176,"column":10},"end":{"line":176,"column":18}},"44":{"start":{"line":178,"column":22},"end":{"line":185,"column":8}},"45":{"start":{"line":187,"column":6},"end":{"line":190,"column":null}},"46":{"start":{"line":192,"column":6},"end":{"line":192,"column":null}},"47":{"start":{"line":201,"column":4},"end":{"line":212,"column":5}},"48":{"start":{"line":203,"column":6},"end":{"line":203,"column":null}},"49":{"start":{"line":204,"column":6},"end":{"line":204,"column":null}},"50":{"start":{"line":206,"column":6},"end":{"line":209,"column":null}},"51":{"start":{"line":211,"column":6},"end":{"line":211,"column":null}},"52":{"start":{"line":12,"column":0},"end":{"line":12,"column":13}},"53":{"start":{"line":216,"column":13},"end":{"line":216,"column":null}}},"fnMap":{"0":{"name":"(anonymous_0)","decl":{"start":{"line":17,"column":2},"end":{"line":17,"column":7}},"loc":{"start":{"line":17,"column":64},"end":{"line":54,"column":3}}},"1":{"name":"(anonymous_1)","decl":{"start":{"line":60,"column":2},"end":{"line":60,"column":7}},"loc":{"start":{"line":60,"column":61},"end":{"line":97,"column":3}}},"2":{"name":"(anonymous_2)","decl":{"start":{"line":103,"column":2},"end":{"line":103,"column":7}},"loc":{"start":{"line":103,"column":68},"end":{"line":130,"column":3}}},"3":{"name":"(anonymous_3)","decl":{"start":{"line":136,"column":2},"end":{"line":136,"column":7}},"loc":{"start":{"line":136,"column":66},"end":{"line":154,"column":3}}},"4":{"name":"(anonymous_4)","decl":{"start":{"line":160,"column":2},"end":{"line":160,"column":7}},"loc":{"start":{"line":160,"column":69},"end":{"line":194,"column":3}}},"5":{"name":"(anonymous_5)","decl":{"start":{"line":200,"column":2},"end":{"line":200,"column":7}},"loc":{"start":{"line":200,"column":63},"end":{"line":213,"column":3}}}},"branchMap":{"0":{"loc":{"start":{"line":22,"column":6},"end":{"line":25,"column":7}},"type":"if","locations":[{"start":{"line":22,"column":6},"end":{"line":25,"column":7}},{"start":{},"end":{}}]},"1":{"loc":{"start":{"line":65,"column":6},"end":{"line":68,"column":7}},"type":"if","locations":[{"start":{"line":65,"column":6},"end":{"line":68,"column":7}},{"start":{},"end":{}}]},"2":{"loc":{"start":{"line":108,"column":6},"end":{"line":110,"column":7}},"type":"if","locations":[{"start":{"line":108,"column":6},"end":{"line":110,"column":7}},{"start":{},"end":{}}]},"3":{"loc":{"start":{"line":141,"column":6},"end":{"line":143,"column":7}},"type":"if","locations":[{"start":{"line":141,"column":6},"end":{"line":143,"column":7}},{"start":{},"end":{}}]},"4":{"loc":{"start":{"line":165,"column":6},"end":{"line":167,"column":7}},"type":"if","locations":[{"start":{"line":165,"column":6},"end":{"line":167,"column":7}},{"start":{},"end":{}}]}},"s":{"0":4,"1":4,"2":4,"3":4,"4":5,"5":5,"6":5,"7":2,"8":2,"9":3,"10":2,"11":2,"12":2,"13":3,"14":3,"15":3,"16":3,"17":0,"18":0,"19":3,"20":1,"21":1,"22":1,"23":2,"24":0,"25":0,"26":0,"27":0,"28":0,"29":0,"30":0,"31":0,"32":1,"33":1,"34":1,"35":0,"36":1,"37":1,"38":0,"39":0,"40":0,"41":0,"42":0,"43":0,"44":0,"45":0,"46":0,"47":1,"48":1,"49":1,"50":1,"51":0,"52":4,"53":4},"f":{"0":5,"1":3,"2":0,"3":1,"4":0,"5":1},"b":{"0":[2,3],"1":[0,3],"2":[0,0],"3":[0,1],"4":[0,0]}}
,"/Users/dzulfikri/Documents/Work/Pintarware/walletwise-backend/src/controllers/billing.controller.ts": {"path":"/Users/dzulfikri/Documents/Work/Pintarware/walletwise-backend/src/controllers/billing.controller.ts","statementMap":{"0":{"start":{"line":7,"column":0},"end":{"line":7,"column":63}},"1":{"start":{"line":15,"column":4},"end":{"line":23,"column":5}},"2":{"start":{"line":16,"column":20},"end":{"line":16,"column":45}},"3":{"start":{"line":17,"column":6},"end":{"line":20,"column":null}},"4":{"start":{"line":22,"column":6},"end":{"line":22,"column":null}},"5":{"start":{"line":9,"column":0},"end":{"line":9,"column":13}},"6":{"start":{"line":27,"column":13},"end":{"line":27,"column":null}}},"fnMap":{"0":{"name":"(anonymous_0)","decl":{"start":{"line":14,"column":2},"end":{"line":14,"column":7}},"loc":{"start":{"line":14,"column":65},"end":{"line":24,"column":3}}}},"branchMap":{},"s":{"0":4,"1":0,"2":0,"3":0,"4":0,"5":4,"6":4},"f":{"0":0},"b":{}}
,"/Users/dzulfikri/Documents/Work/Pintarware/walletwise-backend/src/controllers/category.controller.ts": {"path":"/Users/dzulfikri/Documents/Work/Pintarware/walletwise-backend/src/controllers/category.controller.ts","statementMap":{"0":{"start":{"line":16,"column":0},"end":{"line":16,"column":7}},"1":{"start":{"line":39,"column":0},"end":{"line":39,"column":7}},"2":{"start":{"line":62,"column":0},"end":{"line":62,"column":7}},"3":{"start":{"line":92,"column":0},"end":{"line":92,"column":7}},"4":{"start":{"line":130,"column":0},"end":{"line":130,"column":7}},"5":{"start":{"line":7,"column":0},"end":{"line":7,"column":66}},"6":{"start":{"line":8,"column":0},"end":{"line":8,"column":91}},"7":{"start":{"line":9,"column":0},"end":{"line":9,"column":52}},"8":{"start":{"line":10,"column":0},"end":{"line":10,"column":56}},"9":{"start":{"line":17,"column":2},"end":{"line":32,"column":3}},"10":{"start":{"line":18,"column":19},"end":{"line":18,"column":35}},"11":{"start":{"line":20,"column":4},"end":{"line":22,"column":5}},"12":{"start":{"line":21,"column":6},"end":{"line":21,"column":null}},"13":{"start":{"line":24,"column":23},"end":{"line":24,"column":73}},"14":{"start":{"line":26,"column":4},"end":{"line":29,"column":null}},"15":{"start":{"line":31,"column":4},"end":{"line":31,"column":null}},"16":{"start":{"line":40,"column":2},"end":{"line":55,"column":3}},"17":{"start":{"line":41,"column":19},"end":{"line":41,"column":35}},"18":{"start":{"line":43,"column":4},"end":{"line":45,"column":5}},"19":{"start":{"line":44,"column":6},"end":{"line":44,"column":null}},"20":{"start":{"line":47,"column":23},"end":{"line":47,"column":72}},"21":{"start":{"line":49,"column":4},"end":{"line":52,"column":null}},"22":{"start":{"line":54,"column":4},"end":{"line":54,"column":null}},"23":{"start":{"line":63,"column":2},"end":{"line":85,"column":3}},"24":{"start":{"line":64,"column":19},"end":{"line":64,"column":35}},"25":{"start":{"line":66,"column":4},"end":{"line":68,"column":5}},"26":{"start":{"line":67,"column":6},"end":{"line":67,"column":null}},"27":{"start":{"line":70,"column":29},"end":{"line":70,"column":69}},"28":{"start":{"line":72,"column":4},"end":{"line":75,"column":5}},"29":{"start":{"line":73,"column":21},"end":{"line":73,"column":60}},"30":{"start":{"line":74,"column":6},"end":{"line":74,"column":null}},"31":{"start":{"line":77,"column":21},"end":{"line":77,"column":88}},"32":{"start":{"line":79,"column":4},"end":{"line":82,"column":null}},"33":{"start":{"line":84,"column":4},"end":{"line":84,"column":null}},"34":{"start":{"line":93,"column":2},"end":{"line":123,"column":3}},"35":{"start":{"line":94,"column":19},"end":{"line":94,"column":35}},"36":{"start":{"line":95,"column":23},"end":{"line":95,"column":86}},"37":{"start":{"line":97,"column":4},"end":{"line":99,"column":5}},"38":{"start":{"line":98,"column":6},"end":{"line":98,"column":null}},"39":{"start":{"line":100,"column":4},"end":{"line":102,"column":5}},"40":{"start":{"line":101,"column":6},"end":{"line":101,"column":null}},"41":{"start":{"line":104,"column":29},"end":{"line":104,"column":69}},"42":{"start":{"line":106,"column":4},"end":{"line":109,"column":5}},"43":{"start":{"line":107,"column":21},"end":{"line":107,"column":60}},"44":{"start":{"line":108,"column":6},"end":{"line":108,"column":null}},"45":{"start":{"line":111,"column":21},"end":{"line":114,"column":null}},"46":{"start":{"line":117,"column":4},"end":{"line":120,"column":null}},"47":{"start":{"line":122,"column":4},"end":{"line":122,"column":null}},"48":{"start":{"line":131,"column":2},"end":{"line":150,"column":3}},"49":{"start":{"line":132,"column":19},"end":{"line":132,"column":35}},"50":{"start":{"line":133,"column":23},"end":{"line":133,"column":86}},"51":{"start":{"line":135,"column":4},"end":{"line":137,"column":5}},"52":{"start":{"line":136,"column":6},"end":{"line":136,"column":null}},"53":{"start":{"line":138,"column":4},"end":{"line":140,"column":5}},"54":{"start":{"line":139,"column":6},"end":{"line":139,"column":null}},"55":{"start":{"line":142,"column":4},"end":{"line":142,"column":null}},"56":{"start":{"line":144,"column":4},"end":{"line":147,"column":null}},"57":{"start":{"line":149,"column":4},"end":{"line":149,"column":null}}},"fnMap":{"0":{"name":"getAll","decl":{"start":{"line":16,"column":22},"end":{"line":16,"column":28}},"loc":{"start":{"line":16,"column":76},"end":{"line":33,"column":1}}},"1":{"name":"getCustom","decl":{"start":{"line":39,"column":22},"end":{"line":39,"column":31}},"loc":{"start":{"line":39,"column":79},"end":{"line":56,"column":1}}},"2":{"name":"create","decl":{"start":{"line":62,"column":22},"end":{"line":62,"column":28}},"loc":{"start":{"line":62,"column":76},"end":{"line":86,"column":1}}},"3":{"name":"update","decl":{"start":{"line":92,"column":22},"end":{"line":92,"column":28}},"loc":{"start":{"line":92,"column":76},"end":{"line":124,"column":1}}},"4":{"name":"remove","decl":{"start":{"line":130,"column":22},"end":{"line":130,"column":28}},"loc":{"start":{"line":130,"column":76},"end":{"line":151,"column":1}}}},"branchMap":{"0":{"loc":{"start":{"line":20,"column":4},"end":{"line":22,"column":5}},"type":"if","locations":[{"start":{"line":20,"column":4},"end":{"line":22,"column":5}},{"start":{},"end":{}}]},"1":{"loc":{"start":{"line":43,"column":4},"end":{"line":45,"column":5}},"type":"if","locations":[{"start":{"line":43,"column":4},"end":{"line":45,"column":5}},{"start":{},"end":{}}]},"2":{"loc":{"start":{"line":66,"column":4},"end":{"line":68,"column":5}},"type":"if","locations":[{"start":{"line":66,"column":4},"end":{"line":68,"column":5}},{"start":{},"end":{}}]},"3":{"loc":{"start":{"line":72,"column":4},"end":{"line":75,"column":5}},"type":"if","locations":[{"start":{"line":72,"column":4},"end":{"line":75,"column":5}},{"start":{},"end":{}}]},"4":{"loc":{"start":{"line":95,"column":23},"end":{"line":95,"column":86}},"type":"cond-expr","locations":[{"start":{"line":95,"column":54},"end":{"line":95,"column":70}},{"start":{"line":95,"column":73},"end":{"line":95,"column":86}}]},"5":{"loc":{"start":{"line":97,"column":4},"end":{"line":99,"column":5}},"type":"if","locations":[{"start":{"line":97,"column":4},"end":{"line":99,"column":5}},{"start":{},"end":{}}]},"6":{"loc":{"start":{"line":100,"column":4},"end":{"line":102,"column":5}},"type":"if","locations":[{"start":{"line":100,"column":4},"end":{"line":102,"column":5}},{"start":{},"end":{}}]},"7":{"loc":{"start":{"line":100,"column":8},"end":{"line":100,"column":53}},"type":"binary-expr","locations":[{"start":{"line":100,"column":8},"end":{"line":100,"column":19}},{"start":{"line":100,"column":23},"end":{"line":100,"column":53}}]},"8":{"loc":{"start":{"line":106,"column":4},"end":{"line":109,"column":5}},"type":"if","locations":[{"start":{"line":106,"column":4},"end":{"line":109,"column":5}},{"start":{},"end":{}}]},"9":{"loc":{"start":{"line":133,"column":23},"end":{"line":133,"column":86}},"type":"cond-expr","locations":[{"start":{"line":133,"column":54},"end":{"line":133,"column":70}},{"start":{"line":133,"column":73},"end":{"line":133,"column":86}}]},"10":{"loc":{"start":{"line":135,"column":4},"end":{"line":137,"column":5}},"type":"if","locations":[{"start":{"line":135,"column":4},"end":{"line":137,"column":5}},{"start":{},"end":{}}]},"11":{"loc":{"start":{"line":138,"column":4},"end":{"line":140,"column":5}},"type":"if","locations":[{"start":{"line":138,"column":4},"end":{"line":140,"column":5}},{"start":{},"end":{}}]},"12":{"loc":{"start":{"line":138,"column":8},"end":{"line":138,"column":53}},"type":"binary-expr","locations":[{"start":{"line":138,"column":8},"end":{"line":138,"column":19}},{"start":{"line":138,"column":23},"end":{"line":138,"column":53}}]}},"s":{"0":4,"1":4,"2":4,"3":4,"4":4,"5":4,"6":4,"7":4,"8":4,"9":0,"10":0,"11":0,"12":0,"13":0,"14":0,"15":0,"16":0,"17":0,"18":0,"19":0,"20":0,"21":0,"22":0,"23":0,"24":0,"25":0,"26":0,"27":0,"28":0,"29":0,"30":0,"31":0,"32":0,"33":0,"34":0,"35":0,"36":0,"37":0,"38":0,"39":0,"40":0,"41":0,"42":0,"43":0,"44":0,"45":0,"46":0,"47":0,"48":0,"49":0,"50":0,"51":0,"52":0,"53":0,"54":0,"55":0,"56":0,"57":0},"f":{"0":0,"1":0,"2":0,"3":0,"4":0},"b":{"0":[0,0],"1":[0,0],"2":[0,0],"3":[0,0],"4":[0,0],"5":[0,0],"6":[0,0],"7":[0,0],"8":[0,0],"9":[0,0],"10":[0,0],"11":[0,0],"12":[0,0]}}
,"/Users/dzulfikri/Documents/Work/Pintarware/walletwise-backend/src/controllers/fx-rates.controller.ts": {"path":"/Users/dzulfikri/Documents/Work/Pintarware/walletwise-backend/src/controllers/fx-rates.controller.ts","statementMap":{"0":{"start":{"line":7,"column":0},"end":{"line":7,"column":64}},"1":{"start":{"line":15,"column":4},"end":{"line":23,"column":5}},"2":{"start":{"line":16,"column":20},"end":{"line":16,"column":51}},"3":{"start":{"line":17,"column":6},"end":{"line":20,"column":null}},"4":{"start":{"line":22,"column":6},"end":{"line":22,"column":null}},"5":{"start":{"line":31,"column":4},"end":{"line":40,"column":5}},"6":{"start":{"line":32,"column":20},"end":{"line":32,"column":55}},"7":{"start":{"line":33,"column":6},"end":{"line":37,"column":null}},"8":{"start":{"line":39,"column":6},"end":{"line":39,"column":null}},"9":{"start":{"line":9,"column":0},"end":{"line":9,"column":13}},"10":{"start":{"line":44,"column":13},"end":{"line":44,"column":null}}},"fnMap":{"0":{"name":"(anonymous_0)","decl":{"start":{"line":14,"column":2},"end":{"line":14,"column":7}},"loc":{"start":{"line":14,"column":65},"end":{"line":24,"column":3}}},"1":{"name":"(anonymous_1)","decl":{"start":{"line":30,"column":2},"end":{"line":30,"column":7}},"loc":{"start":{"line":30,"column":69},"end":{"line":41,"column":3}}}},"branchMap":{},"s":{"0":4,"1":0,"2":0,"3":0,"4":0,"5":0,"6":0,"7":0,"8":0,"9":4,"10":4},"f":{"0":0,"1":0},"b":{}}
,"/Users/dzulfikri/Documents/Work/Pintarware/walletwise-backend/src/controllers/payment.controller.ts": {"path":"/Users/dzulfikri/Documents/Work/Pintarware/walletwise-backend/src/controllers/payment.controller.ts","statementMap":{"0":{"start":{"line":7,"column":0},"end":{"line":7,"column":63}},"1":{"start":{"line":8,"column":0},"end":{"line":8,"column":67}},"2":{"start":{"line":9,"column":0},"end":{"line":9,"column":52}},"3":{"start":{"line":10,"column":0},"end":{"line":10,"column":56}},"4":{"start":{"line":17,"column":4},"end":{"line":45,"column":5}},"5":{"start":{"line":18,"column":21},"end":{"line":18,"column":37}},"6":{"start":{"line":19,"column":6},"end":{"line":21,"column":7}},"7":{"start":{"line":20,"column":8},"end":{"line":20,"column":null}},"8":{"start":{"line":23,"column":31},"end":{"line":23,"column":70}},"9":{"start":{"line":24,"column":6},"end":{"line":27,"column":7}},"10":{"start":{"line":25,"column":23},"end":{"line":25,"column":62}},"11":{"start":{"line":26,"column":8},"end":{"line":26,"column":null}},"12":{"start":{"line":29,"column":61},"end":{"line":29,"column":82}},"13":{"start":{"line":31,"column":21},"end":{"line":37,"column":8}},"14":{"start":{"line":39,"column":6},"end":{"line":42,"column":null}},"15":{"start":{"line":44,"column":6},"end":{"line":44,"column":null}},"16":{"start":{"line":12,"column":0},"end":{"line":12,"column":13}},"17":{"start":{"line":49,"column":13},"end":{"line":49,"column":null}}},"fnMap":{"0":{"name":"(anonymous_0)","decl":{"start":{"line":16,"column":2},"end":{"line":16,"column":7}},"loc":{"start":{"line":16,"column":62},"end":{"line":46,"column":3}}}},"branchMap":{"0":{"loc":{"start":{"line":19,"column":6},"end":{"line":21,"column":7}},"type":"if","locations":[{"start":{"line":19,"column":6},"end":{"line":21,"column":7}},{"start":{},"end":{}}]},"1":{"loc":{"start":{"line":24,"column":6},"end":{"line":27,"column":7}},"type":"if","locations":[{"start":{"line":24,"column":6},"end":{"line":27,"column":7}},{"start":{},"end":{}}]}},"s":{"0":4,"1":4,"2":4,"3":4,"4":0,"5":0,"6":0,"7":0,"8":0,"9":0,"10":0,"11":0,"12":0,"13":0,"14":0,"15":0,"16":4,"17":4},"f":{"0":0},"b":{"0":[0,0],"1":[0,0]}}
,"/Users/dzulfikri/Documents/Work/Pintarware/walletwise-backend/src/controllers/transaction.controller.ts": {"path":"/Users/dzulfikri/Documents/Work/Pintarware/walletwise-backend/src/controllers/transaction.controller.ts","statementMap":{"0":{"start":{"line":7,"column":0},"end":{"line":7,"column":71}},"1":{"start":{"line":8,"column":0},"end":{"line":8,"column":100}},"2":{"start":{"line":9,"column":0},"end":{"line":9,"column":52}},"3":{"start":{"line":10,"column":0},"end":{"line":10,"column":56}},"4":{"start":{"line":18,"column":4},"end":{"line":42,"column":5}},"5":{"start":{"line":19,"column":21},"end":{"line":19,"column":37}},"6":{"start":{"line":21,"column":6},"end":{"line":23,"column":7}},"7":{"start":{"line":22,"column":8},"end":{"line":22,"column":null}},"8":{"start":{"line":26,"column":22},"end":{"line":32,"column":null}},"9":{"start":{"line":34,"column":27},"end":{"line":34,"column":75}},"10":{"start":{"line":36,"column":6},"end":{"line":39,"column":null}},"11":{"start":{"line":41,"column":6},"end":{"line":41,"column":null}},"12":{"start":{"line":50,"column":4},"end":{"line":66,"column":5}},"13":{"start":{"line":51,"column":21},"end":{"line":51,"column":37}},"14":{"start":{"line":52,"column":28},"end":{"line":52,"column":51}},"15":{"start":{"line":54,"column":6},"end":{"line":56,"column":7}},"16":{"start":{"line":55,"column":8},"end":{"line":55,"column":null}},"17":{"start":{"line":58,"column":26},"end":{"line":58,"column":81}},"18":{"start":{"line":60,"column":6},"end":{"line":63,"column":null}},"19":{"start":{"line":65,"column":6},"end":{"line":65,"column":null}},"20":{"start":{"line":74,"column":4},"end":{"line":97,"column":5}},"21":{"start":{"line":75,"column":21},"end":{"line":75,"column":37}},"22":{"start":{"line":77,"column":6},"end":{"line":79,"column":7}},"23":{"start":{"line":78,"column":8},"end":{"line":78,"column":null}},"24":{"start":{"line":82,"column":31},"end":{"line":82,"column":74}},"25":{"start":{"line":84,"column":6},"end":{"line":87,"column":7}},"26":{"start":{"line":85,"column":23},"end":{"line":85,"column":62}},"27":{"start":{"line":86,"column":8},"end":{"line":86,"column":null}},"28":{"start":{"line":89,"column":26},"end":{"line":89,"column":88}},"29":{"start":{"line":91,"column":6},"end":{"line":94,"column":null}},"30":{"start":{"line":96,"column":6},"end":{"line":96,"column":null}},"31":{"start":{"line":105,"column":4},"end":{"line":133,"column":5}},"32":{"start":{"line":106,"column":21},"end":{"line":106,"column":37}},"33":{"start":{"line":107,"column":28},"end":{"line":107,"column":51}},"34":{"start":{"line":109,"column":6},"end":{"line":111,"column":7}},"35":{"start":{"line":110,"column":8},"end":{"line":110,"column":null}},"36":{"start":{"line":114,"column":31},"end":{"line":114,"column":74}},"37":{"start":{"line":116,"column":6},"end":{"line":119,"column":7}},"38":{"start":{"line":117,"column":23},"end":{"line":117,"column":62}},"39":{"start":{"line":118,"column":8},"end":{"line":118,"column":null}},"40":{"start":{"line":121,"column":26},"end":{"line":124,"column":null}},"41":{"start":{"line":127,"column":6},"end":{"line":130,"column":null}},"42":{"start":{"line":132,"column":6},"end":{"line":132,"column":null}},"43":{"start":{"line":141,"column":4},"end":{"line":157,"column":5}},"44":{"start":{"line":142,"column":21},"end":{"line":142,"column":37}},"45":{"start":{"line":143,"column":28},"end":{"line":143,"column":51}},"46":{"start":{"line":145,"column":6},"end":{"line":147,"column":7}},"47":{"start":{"line":146,"column":8},"end":{"line":146,"column":null}},"48":{"start":{"line":149,"column":21},"end":{"line":149,"column":75}},"49":{"start":{"line":151,"column":6},"end":{"line":154,"column":null}},"50":{"start":{"line":156,"column":6},"end":{"line":156,"column":null}},"51":{"start":{"line":165,"column":4},"end":{"line":187,"column":5}},"52":{"start":{"line":166,"column":21},"end":{"line":166,"column":37}},"53":{"start":{"line":168,"column":6},"end":{"line":170,"column":7}},"54":{"start":{"line":169,"column":8},"end":{"line":169,"column":null}},"55":{"start":{"line":173,"column":22},"end":{"line":177,"column":null}},"56":{"start":{"line":179,"column":22},"end":{"line":179,"column":74}},"57":{"start":{"line":181,"column":6},"end":{"line":184,"column":null}},"58":{"start":{"line":186,"column":6},"end":{"line":186,"column":null}},"59":{"start":{"line":195,"column":4},"end":{"line":216,"column":5}},"60":{"start":{"line":196,"column":21},"end":{"line":196,"column":37}},"61":{"start":{"line":198,"column":6},"end":{"line":200,"column":7}},"62":{"start":{"line":199,"column":8},"end":{"line":199,"column":null}},"63":{"start":{"line":202,"column":22},"end":{"line":206,"column":null}},"64":{"start":{"line":208,"column":24},"end":{"line":208,"column":78}},"65":{"start":{"line":210,"column":6},"end":{"line":213,"column":null}},"66":{"start":{"line":215,"column":6},"end":{"line":215,"column":null}},"67":{"start":{"line":224,"column":4},"end":{"line":255,"column":5}},"68":{"start":{"line":225,"column":21},"end":{"line":225,"column":37}},"69":{"start":{"line":227,"column":6},"end":{"line":229,"column":7}},"70":{"start":{"line":228,"column":8},"end":{"line":228,"column":null}},"71":{"start":{"line":231,"column":22},"end":{"line":231,"column":58}},"72":{"start":{"line":232,"column":6},"end":{"line":234,"column":7}},"73":{"start":{"line":233,"column":8},"end":{"line":233,"column":null}},"74":{"start":{"line":236,"column":22},"end":{"line":242,"column":null}},"75":{"start":{"line":244,"column":48},"end":{"line":247,"column":null}},"76":{"start":{"line":250,"column":6},"end":{"line":250,"column":null}},"77":{"start":{"line":251,"column":6},"end":{"line":251,"column":null}},"78":{"start":{"line":252,"column":6},"end":{"line":252,"column":null}},"79":{"start":{"line":254,"column":6},"end":{"line":254,"column":null}},"80":{"start":{"line":12,"column":0},"end":{"line":12,"column":13}},"81":{"start":{"line":259,"column":13},"end":{"line":259,"column":null}}},"fnMap":{"0":{"name":"(anonymous_0)","decl":{"start":{"line":17,"column":2},"end":{"line":17,"column":7}},"loc":{"start":{"line":17,"column":62},"end":{"line":43,"column":3}}},"1":{"name":"(anonymous_1)","decl":{"start":{"line":49,"column":2},"end":{"line":49,"column":7}},"loc":{"start":{"line":49,"column":63},"end":{"line":67,"column":3}}},"2":{"name":"(anonymous_2)","decl":{"start":{"line":73,"column":2},"end":{"line":73,"column":7}},"loc":{"start":{"line":73,"column":62},"end":{"line":98,"column":3}}},"3":{"name":"(anonymous_3)","decl":{"start":{"line":104,"column":2},"end":{"line":104,"column":7}},"loc":{"start":{"line":104,"column":62},"end":{"line":134,"column":3}}},"4":{"name":"(anonymous_4)","decl":{"start":{"line":140,"column":2},"end":{"line":140,"column":7}},"loc":{"start":{"line":140,"column":62},"end":{"line":158,"column":3}}},"5":{"name":"(anonymous_5)","decl":{"start":{"line":164,"column":2},"end":{"line":164,"column":7}},"loc":{"start":{"line":164,"column":66},"end":{"line":188,"column":3}}},"6":{"name":"(anonymous_6)","decl":{"start":{"line":194,"column":2},"end":{"line":194,"column":7}},"loc":{"start":{"line":194,"column":68},"end":{"line":217,"column":3}}},"7":{"name":"(anonymous_7)","decl":{"start":{"line":223,"column":2},"end":{"line":223,"column":7}},"loc":{"start":{"line":223,"column":74},"end":{"line":256,"column":3}}}},"branchMap":{"0":{"loc":{"start":{"line":21,"column":6},"end":{"line":23,"column":7}},"type":"if","locations":[{"start":{"line":21,"column":6},"end":{"line":23,"column":7}},{"start":{},"end":{}}]},"1":{"loc":{"start":{"line":30,"column":19},"end":{"line":30,"column":92}},"type":"cond-expr","locations":[{"start":{"line":30,"column":41},"end":{"line":30,"column":80}},{"start":{"line":30,"column":83},"end":{"line":30,"column":92}}]},"2":{"loc":{"start":{"line":31,"column":17},"end":{"line":31,"column":86}},"type":"cond-expr","locations":[{"start":{"line":31,"column":37},"end":{"line":31,"column":74}},{"start":{"line":31,"column":77},"end":{"line":31,"column":86}}]},"3":{"loc":{"start":{"line":54,"column":6},"end":{"line":56,"column":7}},"type":"if","locations":[{"start":{"line":54,"column":6},"end":{"line":56,"column":7}},{"start":{},"end":{}}]},"4":{"loc":{"start":{"line":77,"column":6},"end":{"line":79,"column":7}},"type":"if","locations":[{"start":{"line":77,"column":6},"end":{"line":79,"column":7}},{"start":{},"end":{}}]},"5":{"loc":{"start":{"line":84,"column":6},"end":{"line":87,"column":7}},"type":"if","locations":[{"start":{"line":84,"column":6},"end":{"line":87,"column":7}},{"start":{},"end":{}}]},"6":{"loc":{"start":{"line":109,"column":6},"end":{"line":111,"column":7}},"type":"if","locations":[{"start":{"line":109,"column":6},"end":{"line":111,"column":7}},{"start":{},"end":{}}]},"7":{"loc":{"start":{"line":116,"column":6},"end":{"line":119,"column":7}},"type":"if","locations":[{"start":{"line":116,"column":6},"end":{"line":119,"column":7}},{"start":{},"end":{}}]},"8":{"loc":{"start":{"line":145,"column":6},"end":{"line":147,"column":7}},"type":"if","locations":[{"start":{"line":145,"column":6},"end":{"line":147,"column":7}},{"start":{},"end":{}}]},"9":{"loc":{"start":{"line":168,"column":6},"end":{"line":170,"column":7}},"type":"if","locations":[{"start":{"line":168,"column":6},"end":{"line":170,"column":7}},{"start":{},"end":{}}]},"10":{"loc":{"start":{"line":175,"column":19},"end":{"line":175,"column":92}},"type":"cond-expr","locations":[{"start":{"line":175,"column":41},"end":{"line":175,"column":80}},{"start":{"line":175,"column":83},"end":{"line":175,"column":92}}]},"11":{"loc":{"start":{"line":176,"column":17},"end":{"line":176,"column":86}},"type":"cond-expr","locations":[{"start":{"line":176,"column":37},"end":{"line":176,"column":74}},{"start":{"line":176,"column":77},"end":{"line":176,"column":86}}]},"12":{"loc":{"start":{"line":198,"column":6},"end":{"line":200,"column":7}},"type":"if","locations":[{"start":{"line":198,"column":6},"end":{"line":200,"column":7}},{"start":{},"end":{}}]},"13":{"loc":{"start":{"line":204,"column":19},"end":{"line":204,"column":92}},"type":"cond-expr","locations":[{"start":{"line":204,"column":41},"end":{"line":204,"column":80}},{"start":{"line":204,"column":83},"end":{"line":204,"column":92}}]},"14":{"loc":{"start":{"line":205,"column":17},"end":{"line":205,"column":86}},"type":"cond-expr","locations":[{"start":{"line":205,"column":37},"end":{"line":205,"column":74}},{"start":{"line":205,"column":77},"end":{"line":205,"column":86}}]},"15":{"loc":{"start":{"line":227,"column":6},"end":{"line":229,"column":7}},"type":"if","locations":[{"start":{"line":227,"column":6},"end":{"line":229,"column":7}},{"start":{},"end":{}}]},"16":{"loc":{"start":{"line":231,"column":22},"end":{"line":231,"column":58}},"type":"binary-expr","locations":[{"start":{"line":231,"column":22},"end":{"line":231,"column":49}},{"start":{"line":231,"column":53},"end":{"line":231,"column":58}}]},"17":{"loc":{"start":{"line":232,"column":6},"end":{"line":234,"column":7}},"type":"if","locations":[{"start":{"line":232,"column":6},"end":{"line":234,"column":7}},{"start":{},"end":{}}]},"18":{"loc":{"start":{"line":232,"column":10},"end":{"line":232,"column":48}},"type":"binary-expr","locations":[{"start":{"line":232,"column":10},"end":{"line":232,"column":26}},{"start":{"line":232,"column":30},"end":{"line":232,"column":48}}]},"19":{"loc":{"start":{"line":240,"column":19},"end":{"line":240,"column":92}},"type":"cond-expr","locations":[{"start":{"line":240,"column":41},"end":{"line":240,"column":80}},{"start":{"line":240,"column":83},"end":{"line":240,"column":92}}]},"20":{"loc":{"start":{"line":241,"column":17},"end":{"line":241,"column":86}},"type":"cond-expr","locations":[{"start":{"line":241,"column":37},"end":{"line":241,"column":74}},{"start":{"line":241,"column":77},"end":{"line":241,"column":86}}]}},"s":{"0":4,"1":4,"2":4,"3":4,"4":1,"5":1,"6":1,"7":0,"8":1,"9":1,"10":1,"11":0,"12":2,"13":2,"14":2,"15":2,"16":0,"17":2,"18":1,"19":1,"20":3,"21":3,"22":3,"23":0,"24":3,"25":3,"26":2,"27":2,"28":1,"29":1,"30":2,"31":0,"32":0,"33":0,"34":0,"35":0,"36":0,"37":0,"38":0,"39":0,"40":0,"41":0,"42":0,"43":1,"44":1,"45":1,"46":1,"47":0,"48":1,"49":1,"50":0,"51":1,"52":1,"53":1,"54":0,"55":1,"56":1,"57":1,"58":0,"59":0,"60":0,"61":0,"62":0,"63":0,"64":0,"65":0,"66":0,"67":0,"68":0,"69":0,"70":0,"71":0,"72":0,"73":0,"74":0,"75":0,"76":0,"77":0,"78":0,"79":0,"80":4,"81":4},"f":{"0":1,"1":2,"2":3,"3":0,"4":1,"5":1,"6":0,"7":0},"b":{"0":[0,1],"1":[0,1],"2":[0,1],"3":[0,2],"4":[0,3],"5":[2,1],"6":[0,0],"7":[0,0],"8":[0,1],"9":[0,1],"10":[0,1],"11":[0,1],"12":[0,0],"13":[0,0],"14":[0,0],"15":[0,0],"16":[0,0],"17":[0,0],"18":[0,0],"19":[0,0],"20":[0,0]}}
,"/Users/dzulfikri/Documents/Work/Pintarware/walletwise-backend/src/controllers/wallet.controller.ts": {"path":"/Users/dzulfikri/Documents/Work/Pintarware/walletwise-backend/src/controllers/wallet.controller.ts","statementMap":{"0":{"start":{"line":7,"column":0},"end":{"line":7,"column":61}},"1":{"start":{"line":8,"column":0},"end":{"line":8,"column":85}},"2":{"start":{"line":9,"column":0},"end":{"line":9,"column":52}},"3":{"start":{"line":10,"column":0},"end":{"line":10,"column":56}},"4":{"start":{"line":18,"column":4},"end":{"line":33,"column":5}},"5":{"start":{"line":19,"column":21},"end":{"line":19,"column":37}},"6":{"start":{"line":21,"column":6},"end":{"line":23,"column":7}},"7":{"start":{"line":22,"column":8},"end":{"line":22,"column":null}},"8":{"start":{"line":25,"column":22},"end":{"line":25,"column":56}},"9":{"start":{"line":27,"column":6},"end":{"line":30,"column":null}},"10":{"start":{"line":32,"column":6},"end":{"line":32,"column":null}},"11":{"start":{"line":41,"column":4},"end":{"line":57,"column":5}},"12":{"start":{"line":42,"column":21},"end":{"line":42,"column":37}},"13":{"start":{"line":43,"column":23},"end":{"line":43,"column":46}},"14":{"start":{"line":45,"column":6},"end":{"line":47,"column":7}},"15":{"start":{"line":46,"column":8},"end":{"line":46,"column":null}},"16":{"start":{"line":49,"column":21},"end":{"line":49,"column":66}},"17":{"start":{"line":51,"column":6},"end":{"line":54,"column":null}},"18":{"start":{"line":56,"column":6},"end":{"line":56,"column":null}},"19":{"start":{"line":65,"column":4},"end":{"line":88,"column":5}},"20":{"start":{"line":66,"column":21},"end":{"line":66,"column":37}},"21":{"start":{"line":68,"column":6},"end":{"line":70,"column":7}},"22":{"start":{"line":69,"column":8},"end":{"line":69,"column":null}},"23":{"start":{"line":73,"column":31},"end":{"line":73,"column":69}},"24":{"start":{"line":75,"column":6},"end":{"line":78,"column":7}},"25":{"start":{"line":76,"column":23},"end":{"line":76,"column":62}},"26":{"start":{"line":77,"column":8},"end":{"line":77,"column":null}},"27":{"start":{"line":80,"column":21},"end":{"line":80,"column":78}},"28":{"start":{"line":82,"column":6},"end":{"line":85,"column":null}},"29":{"start":{"line":87,"column":6},"end":{"line":87,"column":null}},"30":{"start":{"line":96,"column":4},"end":{"line":120,"column":5}},"31":{"start":{"line":97,"column":21},"end":{"line":97,"column":37}},"32":{"start":{"line":98,"column":23},"end":{"line":98,"column":46}},"33":{"start":{"line":100,"column":6},"end":{"line":102,"column":7}},"34":{"start":{"line":101,"column":8},"end":{"line":101,"column":null}},"35":{"start":{"line":105,"column":31},"end":{"line":105,"column":69}},"36":{"start":{"line":107,"column":6},"end":{"line":110,"column":7}},"37":{"start":{"line":108,"column":23},"end":{"line":108,"column":62}},"38":{"start":{"line":109,"column":8},"end":{"line":109,"column":null}},"39":{"start":{"line":112,"column":21},"end":{"line":112,"column":88}},"40":{"start":{"line":114,"column":6},"end":{"line":117,"column":null}},"41":{"start":{"line":119,"column":6},"end":{"line":119,"column":null}},"42":{"start":{"line":128,"column":4},"end":{"line":144,"column":5}},"43":{"start":{"line":129,"column":21},"end":{"line":129,"column":37}},"44":{"start":{"line":130,"column":23},"end":{"line":130,"column":46}},"45":{"start":{"line":132,"column":6},"end":{"line":134,"column":7}},"46":{"start":{"line":133,"column":8},"end":{"line":133,"column":null}},"47":{"start":{"line":136,"column":21},"end":{"line":136,"column":65}},"48":{"start":{"line":138,"column":6},"end":{"line":141,"column":null}},"49":{"start":{"line":143,"column":6},"end":{"line":143,"column":null}},"50":{"start":{"line":152,"column":4},"end":{"line":167,"column":5}},"51":{"start":{"line":153,"column":21},"end":{"line":153,"column":37}},"52":{"start":{"line":155,"column":6},"end":{"line":157,"column":7}},"53":{"start":{"line":156,"column":8},"end":{"line":156,"column":null}},"54":{"start":{"line":159,"column":22},"end":{"line":159,"column":60}},"55":{"start":{"line":161,"column":6},"end":{"line":164,"column":null}},"56":{"start":{"line":166,"column":6},"end":{"line":166,"column":null}},"57":{"start":{"line":12,"column":0},"end":{"line":12,"column":13}},"58":{"start":{"line":171,"column":13},"end":{"line":171,"column":null}}},"fnMap":{"0":{"name":"(anonymous_0)","decl":{"start":{"line":17,"column":2},"end":{"line":17,"column":7}},"loc":{"start":{"line":17,"column":62},"end":{"line":34,"column":3}}},"1":{"name":"(anonymous_1)","decl":{"start":{"line":40,"column":2},"end":{"line":40,"column":7}},"loc":{"start":{"line":40,"column":63},"end":{"line":58,"column":3}}},"2":{"name":"(anonymous_2)","decl":{"start":{"line":64,"column":2},"end":{"line":64,"column":7}},"loc":{"start":{"line":64,"column":62},"end":{"line":89,"column":3}}},"3":{"name":"(anonymous_3)","decl":{"start":{"line":95,"column":2},"end":{"line":95,"column":7}},"loc":{"start":{"line":95,"column":62},"end":{"line":121,"column":3}}},"4":{"name":"(anonymous_4)","decl":{"start":{"line":127,"column":2},"end":{"line":127,"column":7}},"loc":{"start":{"line":127,"column":62},"end":{"line":145,"column":3}}},"5":{"name":"(anonymous_5)","decl":{"start":{"line":151,"column":2},"end":{"line":151,"column":7}},"loc":{"start":{"line":151,"column":66},"end":{"line":168,"column":3}}}},"branchMap":{"0":{"loc":{"start":{"line":21,"column":6},"end":{"line":23,"column":7}},"type":"if","locations":[{"start":{"line":21,"column":6},"end":{"line":23,"column":7}},{"start":{},"end":{}}]},"1":{"loc":{"start":{"line":45,"column":6},"end":{"line":47,"column":7}},"type":"if","locations":[{"start":{"line":45,"column":6},"end":{"line":47,"column":7}},{"start":{},"end":{}}]},"2":{"loc":{"start":{"line":68,"column":6},"end":{"line":70,"column":7}},"type":"if","locations":[{"start":{"line":68,"column":6},"end":{"line":70,"column":7}},{"start":{},"end":{}}]},"3":{"loc":{"start":{"line":75,"column":6},"end":{"line":78,"column":7}},"type":"if","locations":[{"start":{"line":75,"column":6},"end":{"line":78,"column":7}},{"start":{},"end":{}}]},"4":{"loc":{"start":{"line":100,"column":6},"end":{"line":102,"column":7}},"type":"if","locations":[{"start":{"line":100,"column":6},"end":{"line":102,"column":7}},{"start":{},"end":{}}]},"5":{"loc":{"start":{"line":107,"column":6},"end":{"line":110,"column":7}},"type":"if","locations":[{"start":{"line":107,"column":6},"end":{"line":110,"column":7}},{"start":{},"end":{}}]},"6":{"loc":{"start":{"line":132,"column":6},"end":{"line":134,"column":7}},"type":"if","locations":[{"start":{"line":132,"column":6},"end":{"line":134,"column":7}},{"start":{},"end":{}}]},"7":{"loc":{"start":{"line":155,"column":6},"end":{"line":157,"column":7}},"type":"if","locations":[{"start":{"line":155,"column":6},"end":{"line":157,"column":7}},{"start":{},"end":{}}]}},"s":{"0":4,"1":4,"2":4,"3":4,"4":1,"5":1,"6":1,"7":0,"8":1,"9":1,"10":0,"11":3,"12":3,"13":3,"14":3,"15":0,"16":3,"17":1,"18":2,"19":2,"20":2,"21":2,"22":0,"23":2,"24":2,"25":1,"26":1,"27":1,"28":1,"29":1,"30":0,"31":0,"32":0,"33":0,"34":0,"35":0,"36":0,"37":0,"38":0,"39":0,"40":0,"41":0,"42":1,"43":1,"44":1,"45":1,"46":0,"47":1,"48":1,"49":0,"50":1,"51":1,"52":1,"53":0,"54":1,"55":1,"56":0,"57":4,"58":4},"f":{"0":1,"1":3,"2":2,"3":0,"4":1,"5":1},"b":{"0":[0,1],"1":[0,3],"2":[0,2],"3":[1,1],"4":[0,0],"5":[0,0],"6":[0,1],"7":[0,1]}}
,"/Users/dzulfikri/Documents/Work/Pintarware/walletwise-backend/src/controllers/webhook.controller.ts": {"path":"/Users/dzulfikri/Documents/Work/Pintarware/walletwise-backend/src/controllers/webhook.controller.ts","statementMap":{"0":{"start":{"line":8,"column":0},"end":{"line":8,"column":27}},"1":{"start":{"line":9,"column":0},"end":{"line":9,"column":38}},"2":{"start":{"line":10,"column":0},"end":{"line":10,"column":63}},"3":{"start":{"line":11,"column":0},"end":{"line":11,"column":43}},"4":{"start":{"line":18,"column":16},"end":{"line":18,"column":69}},"5":{"start":{"line":20,"column":20},"end":{"line":20,"column":50}},"6":{"start":{"line":22,"column":4},"end":{"line":26,"column":5}},"7":{"start":{"line":23,"column":6},"end":{"line":23,"column":null}},"8":{"start":{"line":24,"column":6},"end":{"line":24,"column":null}},"9":{"start":{"line":25,"column":6},"end":{"line":25,"column":12}},"10":{"start":{"line":28,"column":4},"end":{"line":32,"column":5}},"11":{"start":{"line":29,"column":6},"end":{"line":29,"column":null}},"12":{"start":{"line":30,"column":6},"end":{"line":30,"column":null}},"13":{"start":{"line":31,"column":6},"end":{"line":31,"column":12}},"14":{"start":{"line":35,"column":4},"end":{"line":42,"column":5}},"15":{"start":{"line":36,"column":6},"end":{"line":36,"column":null}},"16":{"start":{"line":38,"column":18},"end":{"line":38,"column":66}},"17":{"start":{"line":39,"column":6},"end":{"line":39,"column":null}},"18":{"start":{"line":40,"column":6},"end":{"line":40,"column":null}},"19":{"start":{"line":41,"column":6},"end":{"line":41,"column":12}},"20":{"start":{"line":44,"column":4},"end":{"line":44,"column":null}},"21":{"start":{"line":46,"column":4},"end":{"line":67,"column":5}},"22":{"start":{"line":47,"column":22},"end":{"line":47,"column":66}},"23":{"start":{"line":48,"column":25},"end":{"line":48,"column":35}},"24":{"start":{"line":50,"column":21},"end":{"line":55,"column":8}},"25":{"start":{"line":57,"column":6},"end":{"line":66,"column":7}},"26":{"start":{"line":59,"column":20},"end":{"line":59,"column":125}},"27":{"start":{"line":60,"column":8},"end":{"line":65,"column":9}},"28":{"start":{"line":61,"column":10},"end":{"line":64,"column":null}},"29":{"start":{"line":69,"column":4},"end":{"line":69,"column":null}},"30":{"start":{"line":76,"column":26},"end":{"line":76,"column":79}},"31":{"start":{"line":78,"column":4},"end":{"line":82,"column":5}},"32":{"start":{"line":79,"column":6},"end":{"line":79,"column":null}},"33":{"start":{"line":80,"column":6},"end":{"line":80,"column":null}},"34":{"start":{"line":81,"column":6},"end":{"line":81,"column":12}},"35":{"start":{"line":84,"column":20},"end":{"line":84,"column":null}},"36":{"start":{"line":90,"column":4},"end":{"line":90,"column":null}},"37":{"start":{"line":92,"column":4},"end":{"line":111,"column":5}},"38":{"start":{"line":93,"column":25},"end":{"line":93,"column":44}},"39":{"start":{"line":95,"column":21},"end":{"line":100,"column":8}},"40":{"start":{"line":102,"column":6},"end":{"line":110,"column":7}},"41":{"start":{"line":103,"column":20},"end":{"line":103,"column":125}},"42":{"start":{"line":104,"column":8},"end":{"line":109,"column":9}},"43":{"start":{"line":105,"column":10},"end":{"line":108,"column":null}},"44":{"start":{"line":113,"column":4},"end":{"line":113,"column":null}},"45":{"start":{"line":13,"column":0},"end":{"line":13,"column":13}},"46":{"start":{"line":117,"column":13},"end":{"line":117,"column":null}}},"fnMap":{"0":{"name":"(anonymous_1)","decl":{"start":{"line":17,"column":2},"end":{"line":17,"column":7}},"loc":{"start":{"line":17,"column":42},"end":{"line":70,"column":3}}},"1":{"name":"(anonymous_2)","decl":{"start":{"line":75,"column":2},"end":{"line":75,"column":7}},"loc":{"start":{"line":75,"column":42},"end":{"line":114,"column":3}}}},"branchMap":{"0":{"loc":{"start":{"line":22,"column":4},"end":{"line":26,"column":5}},"type":"if","locations":[{"start":{"line":22,"column":4},"end":{"line":26,"column":5}},{"start":{},"end":{}}]},"1":{"loc":{"start":{"line":22,"column":8},"end":{"line":22,"column":53}},"type":"binary-expr","locations":[{"start":{"line":22,"column":8},"end":{"line":22,"column":16}},{"start":{"line":22,"column":20},"end":{"line":22,"column":45}},{"start":{"line":22,"column":49},"end":{"line":22,"column":53}}]},"2":{"loc":{"start":{"line":28,"column":4},"end":{"line":32,"column":5}},"type":"if","locations":[{"start":{"line":28,"column":4},"end":{"line":32,"column":5}},{"start":{},"end":{}}]},"3":{"loc":{"start":{"line":38,"column":18},"end":{"line":38,"column":66}},"type":"cond-expr","locations":[{"start":{"line":38,"column":41},"end":{"line":38,"column":52}},{"start":{"line":38,"column":55},"end":{"line":38,"column":66}}]},"4":{"loc":{"start":{"line":46,"column":4},"end":{"line":67,"column":5}},"type":"if","locations":[{"start":{"line":46,"column":4},"end":{"line":67,"column":5}},{"start":{},"end":{}}]},"5":{"loc":{"start":{"line":57,"column":6},"end":{"line":66,"column":7}},"type":"if","locations":[{"start":{"line":57,"column":6},"end":{"line":66,"column":7}},{"start":{},"end":{}}]},"6":{"loc":{"start":{"line":60,"column":8},"end":{"line":65,"column":9}},"type":"if","locations":[{"start":{"line":60,"column":8},"end":{"line":65,"column":9}},{"start":{},"end":{}}]},"7":{"loc":{"start":{"line":78,"column":4},"end":{"line":82,"column":5}},"type":"if","locations":[{"start":{"line":78,"column":4},"end":{"line":82,"column":5}},{"start":{},"end":{}}]},"8":{"loc":{"start":{"line":78,"column":8},"end":{"line":78,"column":78}},"type":"binary-expr","locations":[{"start":{"line":78,"column":8},"end":{"line":78,"column":32}},{"start":{"line":78,"column":36},"end":{"line":78,"column":78}}]},"9":{"loc":{"start":{"line":92,"column":4},"end":{"line":111,"column":5}},"type":"if","locations":[{"start":{"line":92,"column":4},"end":{"line":111,"column":5}},{"start":{},"end":{}}]},"10":{"loc":{"start":{"line":92,"column":8},"end":{"line":92,"column":56}},"type":"binary-expr","locations":[{"start":{"line":92,"column":8},"end":{"line":92,"column":33}},{"start":{"line":92,"column":37},"end":{"line":92,"column":56}}]},"11":{"loc":{"start":{"line":102,"column":6},"end":{"line":110,"column":7}},"type":"if","locations":[{"start":{"line":102,"column":6},"end":{"line":110,"column":7}},{"start":{},"end":{}}]},"12":{"loc":{"start":{"line":104,"column":8},"end":{"line":109,"column":9}},"type":"if","locations":[{"start":{"line":104,"column":8},"end":{"line":109,"column":9}},{"start":{},"end":{}}]}},"s":{"0":4,"1":4,"2":4,"3":4,"4":0,"5":0,"6":0,"7":0,"8":0,"9":0,"10":0,"11":0,"12":0,"13":0,"14":0,"15":0,"16":0,"17":0,"18":0,"19":0,"20":0,"21":0,"22":0,"23":0,"24":0,"25":0,"26":0,"27":0,"28":0,"29":0,"30":0,"31":0,"32":0,"33":0,"34":0,"35":0,"36":0,"37":0,"38":0,"39":0,"40":0,"41":0,"42":0,"43":0,"44":0,"45":4,"46":4},"f":{"0":0,"1":0},"b":{"0":[0,0],"1":[0,0,0],"2":[0,0],"3":[0,0],"4":[0,0],"5":[0,0],"6":[0,0],"7":[0,0],"8":[0,0],"9":[0,0],"10":[0,0],"11":[0,0],"12":[0,0]}}
,"/Users/dzulfikri/Documents/Work/Pintarware/walletwise-backend/src/middleware/auth.middleware.ts": {"path":"/Users/dzulfikri/Documents/Work/Pintarware/walletwise-backend/src/middleware/auth.middleware.ts","statementMap":{"0":{"start":{"line":7,"column":0},"end":{"line":7,"column":51}},"1":{"start":{"line":8,"column":0},"end":{"line":8,"column":56}},"2":{"start":{"line":26,"column":27},"end":{"line":52,"column":1}},"3":{"start":{"line":27,"column":2},"end":{"line":51,"column":3}},"4":{"start":{"line":29,"column":18},"end":{"line":29,"column":41}},"5":{"start":{"line":31,"column":4},"end":{"line":33,"column":5}},"6":{"start":{"line":32,"column":6},"end":{"line":32,"column":null}},"7":{"start":{"line":36,"column":20},"end":{"line":36,"column":44}},"8":{"start":{"line":39,"column":4},"end":{"line":42,"column":null}},"9":{"start":{"line":44,"column":4},"end":{"line":44,"column":null}},"10":{"start":{"line":46,"column":4},"end":{"line":50,"column":5}},"11":{"start":{"line":47,"column":6},"end":{"line":47,"column":null}},"12":{"start":{"line":49,"column":6},"end":{"line":49,"column":null}},"13":{"start":{"line":26,"column":13},"end":{"line":26,"column":27}},"14":{"start":{"line":58,"column":28},"end":{"line":78,"column":1}},"15":{"start":{"line":59,"column":2},"end":{"line":77,"column":3}},"16":{"start":{"line":60,"column":18},"end":{"line":60,"column":41}},"17":{"start":{"line":62,"column":4},"end":{"line":64,"column":5}},"18":{"start":{"line":63,"column":6},"end":{"line":63,"column":null}},"19":{"start":{"line":66,"column":20},"end":{"line":66,"column":44}},"20":{"start":{"line":68,"column":4},"end":{"line":71,"column":null}},"21":{"start":{"line":73,"column":4},"end":{"line":73,"column":null}},"22":{"start":{"line":76,"column":4},"end":{"line":76,"column":null}},"23":{"start":{"line":58,"column":13},"end":{"line":58,"column":28}}},"fnMap":{"0":{"name":"(anonymous_0)","decl":{"start":{"line":26,"column":27},"end":{"line":26,"column":28}},"loc":{"start":{"line":26,"column":86},"end":{"line":52,"column":1}}},"1":{"name":"(anonymous_1)","decl":{"start":{"line":58,"column":28},"end":{"line":58,"column":29}},"loc":{"start":{"line":58,"column":87},"end":{"line":78,"column":1}}}},"branchMap":{"0":{"loc":{"start":{"line":31,"column":4},"end":{"line":33,"column":5}},"type":"if","locations":[{"start":{"line":31,"column":4},"end":{"line":33,"column":5}},{"start":{},"end":{}}]},"1":{"loc":{"start":{"line":46,"column":4},"end":{"line":50,"column":5}},"type":"if","locations":[{"start":{"line":46,"column":4},"end":{"line":50,"column":5}},{"start":{"line":48,"column":11},"end":{"line":50,"column":5}}]},"2":{"loc":{"start":{"line":62,"column":4},"end":{"line":64,"column":5}},"type":"if","locations":[{"start":{"line":62,"column":4},"end":{"line":64,"column":5}},{"start":{},"end":{}}]}},"s":{"0":5,"1":5,"2":5,"3":30,"4":30,"5":30,"6":9,"7":21,"8":19,"9":19,"10":11,"11":9,"12":2,"13":5,"14":5,"15":3,"16":3,"17":3,"18":1,"19":2,"20":1,"21":1,"22":1,"23":5},"f":{"0":30,"1":3},"b":{"0":[9,21],"1":[9,2],"2":[1,2]}}
,"/Users/dzulfikri/Documents/Work/Pintarware/walletwise-backend/src/middleware/error.middleware.ts": {"path":"/Users/dzulfikri/Documents/Work/Pintarware/walletwise-backend/src/middleware/error.middleware.ts","statementMap":{"0":{"start":{"line":6,"column":0},"end":{"line":6,"column":45}},"1":{"start":{"line":7,"column":0},"end":{"line":7,"column":43}},"2":{"start":{"line":9,"column":28},"end":{"line":37,"column":1}},"3":{"start":{"line":15,"column":2},"end":{"line":15,"column":null}},"4":{"start":{"line":17,"column":2},"end":{"line":27,"column":3}},"5":{"start":{"line":18,"column":4},"end":{"line":25,"column":null}},"6":{"start":{"line":26,"column":4},"end":{"line":26,"column":10}},"7":{"start":{"line":30,"column":2},"end":{"line":36,"column":null}},"8":{"start":{"line":9,"column":13},"end":{"line":9,"column":28}},"9":{"start":{"line":40,"column":0},"end":{"line":40,"column":52}}},"fnMap":{"0":{"name":"(anonymous_0)","decl":{"start":{"line":9,"column":28},"end":{"line":9,"column":null}},"loc":{"start":{"line":14,"column":10},"end":{"line":37,"column":1}}}},"branchMap":{"0":{"loc":{"start":{"line":17,"column":2},"end":{"line":27,"column":3}},"type":"if","locations":[{"start":{"line":17,"column":2},"end":{"line":27,"column":3}},{"start":{},"end":{}}]},"1":{"loc":{"start":{"line":23,"column":12},"end":{"line":23,"column":74}},"type":"binary-expr","locations":[{"start":{"line":23,"column":12},"end":{"line":23,"column":44}},{"start":{"line":23,"column":48},"end":{"line":23,"column":74}}]}},"s":{"0":5,"1":5,"2":5,"3":23,"4":23,"5":22,"6":22,"7":1,"8":5,"9":5},"f":{"0":23},"b":{"0":[22,1],"1":[22,6]}}
,"/Users/dzulfikri/Documents/Work/Pintarware/walletwise-backend/src/middleware/logger.middleware.ts": {"path":"/Users/dzulfikri/Documents/Work/Pintarware/walletwise-backend/src/middleware/logger.middleware.ts","statementMap":{"0":{"start":{"line":7,"column":0},"end":{"line":7,"column":43}},"1":{"start":{"line":9,"column":29},"end":{"line":19,"column":1}},"2":{"start":{"line":10,"column":16},"end":{"line":10,"column":26}},"3":{"start":{"line":12,"column":2},"end":{"line":16,"column":null}},"4":{"start":{"line":13,"column":21},"end":{"line":13,"column":39}},"5":{"start":{"line":14,"column":17},"end":{"line":14,"column":101}},"6":{"start":{"line":15,"column":4},"end":{"line":15,"column":null}},"7":{"start":{"line":18,"column":2},"end":{"line":18,"column":null}},"8":{"start":{"line":9,"column":13},"end":{"line":9,"column":29}}},"fnMap":{"0":{"name":"(anonymous_0)","decl":{"start":{"line":9,"column":29},"end":{"line":9,"column":30}},"loc":{"start":{"line":9,"column":87},"end":{"line":19,"column":1}}},"1":{"name":"(anonymous_1)","decl":{"start":{"line":12,"column":19},"end":{"line":12,"column":22}},"loc":{"start":{"line":12,"column":24},"end":{"line":16,"column":3}}}},"branchMap":{},"s":{"0":4,"1":4,"2":38,"3":38,"4":38,"5":38,"6":38,"7":38,"8":4},"f":{"0":38,"1":38},"b":{}}
,"/Users/dzulfikri/Documents/Work/Pintarware/walletwise-backend/src/middleware/subscription.middleware.ts": {"path":"/Users/dzulfikri/Documents/Work/Pintarware/walletwise-backend/src/middleware/subscription.middleware.ts","statementMap":{"0":{"start":{"line":7,"column":0},"end":{"line":7,"column":46}},"1":{"start":{"line":8,"column":0},"end":{"line":8,"column":55}},"2":{"start":{"line":14,"column":30},"end":{"line":42,"column":1}},"3":{"start":{"line":19,"column":2},"end":{"line":41,"column":3}},"4":{"start":{"line":20,"column":19},"end":{"line":20,"column":35}},"5":{"start":{"line":22,"column":4},"end":{"line":24,"column":5}},"6":{"start":{"line":23,"column":6},"end":{"line":23,"column":null}},"7":{"start":{"line":26,"column":25},"end":{"line":28,"column":6}},"8":{"start":{"line":30,"column":17},"end":{"line":30,"column":45}},"9":{"start":{"line":32,"column":4},"end":{"line":36,"column":5}},"10":{"start":{"line":33,"column":6},"end":{"line":35,"column":null}},"11":{"start":{"line":38,"column":4},"end":{"line":38,"column":null}},"12":{"start":{"line":40,"column":4},"end":{"line":40,"column":null}},"13":{"start":{"line":14,"column":13},"end":{"line":14,"column":30}},"14":{"start":{"line":49,"column":39},"end":{"line":90,"column":1}},"15":{"start":{"line":54,"column":2},"end":{"line":89,"column":3}},"16":{"start":{"line":55,"column":19},"end":{"line":55,"column":35}},"17":{"start":{"line":57,"column":4},"end":{"line":59,"column":5}},"18":{"start":{"line":58,"column":6},"end":{"line":58,"column":null}},"19":{"start":{"line":61,"column":25},"end":{"line":63,"column":6}},"20":{"start":{"line":65,"column":15},"end":{"line":65,"column":96}},"21":{"start":{"line":67,"column":4},"end":{"line":76,"column":5}},"22":{"start":{"line":68,"column":22},"end":{"line":68,"column":43}},"23":{"start":{"line":69,"column":6},"end":{"line":75,"column":7}},"24":{"start":{"line":70,"column":20},"end":{"line":70,"column":37}},"25":{"start":{"line":71,"column":20},"end":{"line":71,"column":30}},"26":{"start":{"line":72,"column":8},"end":{"line":74,"column":9}},"27":{"start":{"line":73,"column":10},"end":{"line":73,"column":null}},"28":{"start":{"line":78,"column":20},"end":{"line":78,"column":78}},"29":{"start":{"line":80,"column":4},"end":{"line":84,"column":5}},"30":{"start":{"line":81,"column":6},"end":{"line":83,"column":null}},"31":{"start":{"line":86,"column":4},"end":{"line":86,"column":null}},"32":{"start":{"line":88,"column":4},"end":{"line":88,"column":null}},"33":{"start":{"line":49,"column":13},"end":{"line":49,"column":39}}},"fnMap":{"0":{"name":"(anonymous_0)","decl":{"start":{"line":14,"column":30},"end":{"line":14,"column":35}},"loc":{"start":{"line":18,"column":19},"end":{"line":42,"column":1}}},"1":{"name":"(anonymous_1)","decl":{"start":{"line":49,"column":39},"end":{"line":49,"column":44}},"loc":{"start":{"line":53,"column":19},"end":{"line":90,"column":1}}}},"branchMap":{"0":{"loc":{"start":{"line":22,"column":4},"end":{"line":24,"column":5}},"type":"if","locations":[{"start":{"line":22,"column":4},"end":{"line":24,"column":5}},{"start":{},"end":{}}]},"1":{"loc":{"start":{"line":30,"column":17},"end":{"line":30,"column":45}},"type":"binary-expr","locations":[{"start":{"line":30,"column":17},"end":{"line":30,"column":35}},{"start":{"line":30,"column":39},"end":{"line":30,"column":45}}]},"2":{"loc":{"start":{"line":32,"column":4},"end":{"line":36,"column":5}},"type":"if","locations":[{"start":{"line":32,"column":4},"end":{"line":36,"column":5}},{"start":{},"end":{}}]},"3":{"loc":{"start":{"line":57,"column":4},"end":{"line":59,"column":5}},"type":"if","locations":[{"start":{"line":57,"column":4},"end":{"line":59,"column":5}},{"start":{},"end":{}}]},"4":{"loc":{"start":{"line":65,"column":16},"end":{"line":65,"column":44}},"type":"binary-expr","locations":[{"start":{"line":65,"column":16},"end":{"line":65,"column":34}},{"start":{"line":65,"column":38},"end":{"line":65,"column":44}}]},"5":{"loc":{"start":{"line":67,"column":4},"end":{"line":76,"column":5}},"type":"if","locations":[{"start":{"line":67,"column":4},"end":{"line":76,"column":5}},{"start":{},"end":{}}]},"6":{"loc":{"start":{"line":69,"column":6},"end":{"line":75,"column":7}},"type":"if","locations":[{"start":{"line":69,"column":6},"end":{"line":75,"column":7}},{"start":{},"end":{}}]},"7":{"loc":{"start":{"line":72,"column":8},"end":{"line":74,"column":9}},"type":"if","locations":[{"start":{"line":72,"column":8},"end":{"line":74,"column":9}},{"start":{},"end":{}}]},"8":{"loc":{"start":{"line":72,"column":12},"end":{"line":72,"column":73}},"type":"binary-expr","locations":[{"start":{"line":72,"column":12},"end":{"line":72,"column":40}},{"start":{"line":72,"column":44},"end":{"line":72,"column":73}}]},"9":{"loc":{"start":{"line":78,"column":20},"end":{"line":78,"column":78}},"type":"binary-expr","locations":[{"start":{"line":78,"column":20},"end":{"line":78,"column":54}},{"start":{"line":78,"column":58},"end":{"line":78,"column":78}}]},"10":{"loc":{"start":{"line":80,"column":4},"end":{"line":84,"column":5}},"type":"if","locations":[{"start":{"line":80,"column":4},"end":{"line":84,"column":5}},{"start":{},"end":{}}]}},"s":{"0":4,"1":4,"2":4,"3":0,"4":0,"5":0,"6":0,"7":0,"8":0,"9":0,"10":0,"11":0,"12":0,"13":4,"14":4,"15":0,"16":0,"17":0,"18":0,"19":0,"20":0,"21":0,"22":0,"23":0,"24":0,"25":0,"26":0,"27":0,"28":0,"29":0,"30":0,"31":0,"32":0,"33":4},"f":{"0":0,"1":0},"b":{"0":[0,0],"1":[0,0],"2":[0,0],"3":[0,0],"4":[0,0],"5":[0,0],"6":[0,0],"7":[0,0],"8":[0,0],"9":[0,0],"10":[0,0]}}
,"/Users/dzulfikri/Documents/Work/Pintarware/walletwise-backend/src/routes/webhook.routes.ts": {"path":"/Users/dzulfikri/Documents/Work/Pintarware/walletwise-backend/src/routes/webhook.routes.ts","statementMap":{"0":{"start":{"line":7,"column":0},"end":{"line":7,"column":32}},"1":{"start":{"line":8,"column":0},"end":{"line":8,"column":72}},"2":{"start":{"line":11,"column":13},"end":{"line":11,"column":null}},"3":{"start":{"line":12,"column":0},"end":{"line":12,"column":null}},"4":{"start":{"line":12,"column":44},"end":{"line":12,"column":78}},"5":{"start":{"line":15,"column":13},"end":{"line":15,"column":null}},"6":{"start":{"line":16,"column":0},"end":{"line":16,"column":null}},"7":{"start":{"line":16,"column":44},"end":{"line":16,"column":78}},"8":{"start":{"line":18,"column":0},"end":{"line":18,"column":null}}},"fnMap":{"0":{"name":"(anonymous_0)","decl":{"start":{"line":12,"column":30},"end":{"line":12,"column":31}},"loc":{"start":{"line":12,"column":44},"end":{"line":12,"column":78}}},"1":{"name":"(anonymous_1)","decl":{"start":{"line":16,"column":30},"end":{"line":16,"column":31}},"loc":{"start":{"line":16,"column":44},"end":{"line":16,"column":78}}}},"branchMap":{},"s":{"0":4,"1":4,"2":4,"3":4,"4":0,"5":4,"6":4,"7":0,"8":4},"f":{"0":0,"1":0},"b":{}}
,"/Users/dzulfikri/Documents/Work/Pintarware/walletwise-backend/src/routes/v1/auth.routes.ts": {"path":"/Users/dzulfikri/Documents/Work/Pintarware/walletwise-backend/src/routes/v1/auth.routes.ts","statementMap":{"0":{"start":{"line":6,"column":0},"end":{"line":6,"column":32}},"1":{"start":{"line":7,"column":0},"end":{"line":7,"column":69}},"2":{"start":{"line":8,"column":0},"end":{"line":8,"column":65}},"3":{"start":{"line":10,"column":15},"end":{"line":10,"column":23}},"4":{"start":{"line":18,"column":0},"end":{"line":18,"column":null}},"5":{"start":{"line":18,"column":45},"end":{"line":18,"column":84}},"6":{"start":{"line":22,"column":0},"end":{"line":22,"column":null}},"7":{"start":{"line":22,"column":42},"end":{"line":22,"column":78}},"8":{"start":{"line":26,"column":0},"end":{"line":26,"column":null}},"9":{"start":{"line":26,"column":44},"end":{"line":26,"column":87}},"10":{"start":{"line":34,"column":0},"end":{"line":36,"column":null}},"11":{"start":{"line":35,"column":2},"end":{"line":35,"column":43}},"12":{"start":{"line":40,"column":0},"end":{"line":42,"column":null}},"13":{"start":{"line":41,"column":2},"end":{"line":41,"column":46}},"14":{"start":{"line":46,"column":0},"end":{"line":48,"column":null}},"15":{"start":{"line":47,"column":2},"end":{"line":47,"column":39}},"16":{"start":{"line":50,"column":0},"end":{"line":50,"column":null}}},"fnMap":{"0":{"name":"(anonymous_0)","decl":{"start":{"line":18,"column":25},"end":{"line":18,"column":26}},"loc":{"start":{"line":18,"column":45},"end":{"line":18,"column":84}}},"1":{"name":"(anonymous_1)","decl":{"start":{"line":22,"column":22},"end":{"line":22,"column":23}},"loc":{"start":{"line":22,"column":42},"end":{"line":22,"column":78}}},"2":{"name":"(anonymous_2)","decl":{"start":{"line":26,"column":24},"end":{"line":26,"column":25}},"loc":{"start":{"line":26,"column":44},"end":{"line":26,"column":87}}},"3":{"name":"(anonymous_3)","decl":{"start":{"line":34,"column":36},"end":{"line":34,"column":37}},"loc":{"start":{"line":35,"column":2},"end":{"line":35,"column":43}}},"4":{"name":"(anonymous_4)","decl":{"start":{"line":40,"column":38},"end":{"line":40,"column":39}},"loc":{"start":{"line":41,"column":2},"end":{"line":41,"column":46}}},"5":{"name":"(anonymous_5)","decl":{"start":{"line":46,"column":36},"end":{"line":46,"column":37}},"loc":{"start":{"line":47,"column":2},"end":{"line":47,"column":39}}}},"branchMap":{},"s":{"0":4,"1":4,"2":4,"3":4,"4":4,"5":5,"6":4,"7":3,"8":4,"9":0,"10":4,"11":1,"12":4,"13":0,"14":4,"15":1,"16":4},"f":{"0":5,"1":3,"2":0,"3":1,"4":0,"5":1},"b":{}}
,"/Users/dzulfikri/Documents/Work/Pintarware/walletwise-backend/src/routes/v1/billing.routes.ts": {"path":"/Users/dzulfikri/Documents/Work/Pintarware/walletwise-backend/src/routes/v1/billing.routes.ts","statementMap":{"0":{"start":{"line":6,"column":0},"end":{"line":6,"column":32}},"1":{"start":{"line":7,"column":0},"end":{"line":7,"column":75}},"2":{"start":{"line":9,"column":15},"end":{"line":9,"column":23}},"3":{"start":{"line":12,"column":0},"end":{"line":12,"column":null}},"4":{"start":{"line":12,"column":41},"end":{"line":12,"column":83}},"5":{"start":{"line":14,"column":0},"end":{"line":14,"column":null}}},"fnMap":{"0":{"name":"(anonymous_0)","decl":{"start":{"line":12,"column":21},"end":{"line":12,"column":22}},"loc":{"start":{"line":12,"column":41},"end":{"line":12,"column":83}}}},"branchMap":{},"s":{"0":4,"1":4,"2":4,"3":4,"4":0,"5":4},"f":{"0":0},"b":{}}
,"/Users/dzulfikri/Documents/Work/Pintarware/walletwise-backend/src/routes/v1/category.routes.ts": {"path":"/Users/dzulfikri/Documents/Work/Pintarware/walletwise-backend/src/routes/v1/category.routes.ts","statementMap":{"0":{"start":{"line":6,"column":0},"end":{"line":6,"column":32}},"1":{"start":{"line":7,"column":0},"end":{"line":7,"column":78}},"2":{"start":{"line":8,"column":0},"end":{"line":8,"column":65}},"3":{"start":{"line":9,"column":0},"end":{"line":9,"column":85}},"4":{"start":{"line":11,"column":15},"end":{"line":11,"column":23}},"5":{"start":{"line":14,"column":0},"end":{"line":14,"column":null}},"6":{"start":{"line":18,"column":0},"end":{"line":18,"column":null}},"7":{"start":{"line":18,"column":36},"end":{"line":18,"column":77}},"8":{"start":{"line":21,"column":0},"end":{"line":21,"column":null}},"9":{"start":{"line":25,"column":0},"end":{"line":25,"column":null}},"10":{"start":{"line":25,"column":42},"end":{"line":25,"column":86}},"11":{"start":{"line":29,"column":0},"end":{"line":29,"column":null}},"12":{"start":{"line":29,"column":37},"end":{"line":29,"column":78}},"13":{"start":{"line":33,"column":0},"end":{"line":33,"column":null}},"14":{"start":{"line":33,"column":41},"end":{"line":33,"column":82}},"15":{"start":{"line":37,"column":0},"end":{"line":37,"column":null}},"16":{"start":{"line":37,"column":42},"end":{"line":37,"column":83}},"17":{"start":{"line":39,"column":0},"end":{"line":39,"column":null}}},"fnMap":{"0":{"name":"(anonymous_9)","decl":{"start":{"line":18,"column":16},"end":{"line":18,"column":17}},"loc":{"start":{"line":18,"column":36},"end":{"line":18,"column":77}}},"1":{"name":"(anonymous_10)","decl":{"start":{"line":25,"column":22},"end":{"line":25,"column":23}},"loc":{"start":{"line":25,"column":42},"end":{"line":25,"column":86}}},"2":{"name":"(anonymous_11)","decl":{"start":{"line":29,"column":17},"end":{"line":29,"column":18}},"loc":{"start":{"line":29,"column":37},"end":{"line":29,"column":78}}},"3":{"name":"(anonymous_12)","decl":{"start":{"line":33,"column":21},"end":{"line":33,"column":22}},"loc":{"start":{"line":33,"column":41},"end":{"line":33,"column":82}}},"4":{"name":"(anonymous_13)","decl":{"start":{"line":37,"column":22},"end":{"line":37,"column":23}},"loc":{"start":{"line":37,"column":42},"end":{"line":37,"column":83}}}},"branchMap":{},"s":{"0":4,"1":4,"2":4,"3":4,"4":4,"5":4,"6":4,"7":0,"8":4,"9":4,"10":0,"11":4,"12":0,"13":4,"14":0,"15":4,"16":0,"17":4},"f":{"0":0,"1":0,"2":0,"3":0,"4":0},"b":{}}
,"/Users/dzulfikri/Documents/Work/Pintarware/walletwise-backend/src/routes/v1/index.ts": {"path":"/Users/dzulfikri/Documents/Work/Pintarware/walletwise-backend/src/routes/v1/index.ts","statementMap":{"0":{"start":{"line":6,"column":0},"end":{"line":6,"column":29}},"1":{"start":{"line":7,"column":0},"end":{"line":7,"column":23}},"2":{"start":{"line":8,"column":0},"end":{"line":8,"column":41}},"3":{"start":{"line":9,"column":0},"end":{"line":9,"column":45}},"4":{"start":{"line":10,"column":0},"end":{"line":10,"column":55}},"5":{"start":{"line":11,"column":0},"end":{"line":11,"column":47}},"6":{"start":{"line":12,"column":0},"end":{"line":12,"column":47}},"7":{"start":{"line":13,"column":0},"end":{"line":13,"column":49}},"8":{"start":{"line":14,"column":0},"end":{"line":14,"column":49}},"9":{"start":{"line":16,"column":17},"end":{"line":16,"column":33}},"10":{"start":{"line":18,"column":0},"end":{"line":18,"column":null}},"11":{"start":{"line":19,"column":0},"end":{"line":19,"column":null}},"12":{"start":{"line":20,"column":0},"end":{"line":20,"column":null}},"13":{"start":{"line":21,"column":0},"end":{"line":21,"column":null}},"14":{"start":{"line":22,"column":0},"end":{"line":22,"column":null}},"15":{"start":{"line":23,"column":0},"end":{"line":23,"column":null}},"16":{"start":{"line":24,"column":0},"end":{"line":24,"column":null}},"17":{"start":{"line":27,"column":0},"end":{"line":30,"column":null}},"18":{"start":{"line":28,"column":19},"end":{"line":28,"column":78}},"19":{"start":{"line":29,"column":2},"end":{"line":29,"column":null}},"20":{"start":{"line":32,"column":0},"end":{"line":32,"column":null}}},"fnMap":{"0":{"name":"(anonymous_1)","decl":{"start":{"line":27,"column":30},"end":{"line":27,"column":31}},"loc":{"start":{"line":27,"column":44},"end":{"line":30,"column":1}}}},"branchMap":{},"s":{"0":4,"1":4,"2":4,"3":4,"4":4,"5":4,"6":4,"7":4,"8":4,"9":4,"10":4,"11":4,"12":4,"13":4,"14":4,"15":4,"16":4,"17":4,"18":0,"19":0,"20":4},"f":{"0":0},"b":{}}
,"/Users/dzulfikri/Documents/Work/Pintarware/walletwise-backend/src/routes/v1/payment.routes.ts": {"path":"/Users/dzulfikri/Documents/Work/Pintarware/walletwise-backend/src/routes/v1/payment.routes.ts","statementMap":{"0":{"start":{"line":5,"column":0},"end":{"line":5,"column":32}},"1":{"start":{"line":6,"column":0},"end":{"line":6,"column":75}},"2":{"start":{"line":7,"column":0},"end":{"line":7,"column":65}},"3":{"start":{"line":9,"column":15},"end":{"line":9,"column":23}},"4":{"start":{"line":11,"column":0},"end":{"line":11,"column":null}},"5":{"start":{"line":12,"column":0},"end":{"line":12,"column":null}},"6":{"start":{"line":12,"column":43},"end":{"line":12,"column":83}},"7":{"start":{"line":14,"column":0},"end":{"line":14,"column":null}}},"fnMap":{"0":{"name":"(anonymous_0)","decl":{"start":{"line":12,"column":23},"end":{"line":12,"column":24}},"loc":{"start":{"line":12,"column":43},"end":{"line":12,"column":83}}}},"branchMap":{},"s":{"0":4,"1":4,"2":4,"3":4,"4":4,"5":4,"6":0,"7":4},"f":{"0":0},"b":{}}
,"/Users/dzulfikri/Documents/Work/Pintarware/walletwise-backend/src/routes/v1/settings.routes.ts": {"path":"/Users/dzulfikri/Documents/Work/Pintarware/walletwise-backend/src/routes/v1/settings.routes.ts","statementMap":{"0":{"start":{"line":6,"column":0},"end":{"line":6,"column":32}},"1":{"start":{"line":7,"column":0},"end":{"line":7,"column":76}},"2":{"start":{"line":8,"column":0},"end":{"line":8,"column":65}},"3":{"start":{"line":10,"column":15},"end":{"line":10,"column":23}},"4":{"start":{"line":14,"column":0},"end":{"line":16,"column":null}},"5":{"start":{"line":15,"column":2},"end":{"line":15,"column":44}},"6":{"start":{"line":19,"column":0},"end":{"line":21,"column":null}},"7":{"start":{"line":20,"column":2},"end":{"line":20,"column":48}},"8":{"start":{"line":23,"column":0},"end":{"line":23,"column":null}}},"fnMap":{"0":{"name":"(anonymous_0)","decl":{"start":{"line":14,"column":24},"end":{"line":14,"column":25}},"loc":{"start":{"line":15,"column":2},"end":{"line":15,"column":44}}},"1":{"name":"(anonymous_1)","decl":{"start":{"line":19,"column":46},"end":{"line":19,"column":47}},"loc":{"start":{"line":20,"column":2},"end":{"line":20,"column":48}}}},"branchMap":{},"s":{"0":4,"1":4,"2":4,"3":4,"4":4,"5":0,"6":4,"7":0,"8":4},"f":{"0":0,"1":0},"b":{}}
,"/Users/dzulfikri/Documents/Work/Pintarware/walletwise-backend/src/routes/v1/transaction.routes.ts": {"path":"/Users/dzulfikri/Documents/Work/Pintarware/walletwise-backend/src/routes/v1/transaction.routes.ts","statementMap":{"0":{"start":{"line":6,"column":0},"end":{"line":6,"column":32}},"1":{"start":{"line":7,"column":0},"end":{"line":7,"column":83}},"2":{"start":{"line":8,"column":0},"end":{"line":8,"column":65}},"3":{"start":{"line":9,"column":0},"end":{"line":9,"column":76}},"4":{"start":{"line":11,"column":15},"end":{"line":11,"column":23}},"5":{"start":{"line":14,"column":0},"end":{"line":14,"column":null}},"6":{"start":{"line":18,"column":0},"end":{"line":18,"column":null}},"7":{"start":{"line":18,"column":43},"end":{"line":18,"column":91}},"8":{"start":{"line":21,"column":0},"end":{"line":21,"column":null}},"9":{"start":{"line":21,"column":61},"end":{"line":21,"column":111}},"10":{"start":{"line":22,"column":0},"end":{"line":22,"column":null}},"11":{"start":{"line":22,"column":58},"end":{"line":22,"column":114}},"12":{"start":{"line":26,"column":0},"end":{"line":26,"column":null}},"13":{"start":{"line":26,"column":36},"end":{"line":26,"column":80}},"14":{"start":{"line":30,"column":0},"end":{"line":30,"column":null}},"15":{"start":{"line":30,"column":39},"end":{"line":30,"column":84}},"16":{"start":{"line":34,"column":0},"end":{"line":34,"column":null}},"17":{"start":{"line":34,"column":37},"end":{"line":34,"column":81}},"18":{"start":{"line":38,"column":0},"end":{"line":38,"column":null}},"19":{"start":{"line":38,"column":41},"end":{"line":38,"column":85}},"20":{"start":{"line":42,"column":0},"end":{"line":42,"column":null}},"21":{"start":{"line":42,"column":42},"end":{"line":42,"column":86}},"22":{"start":{"line":44,"column":0},"end":{"line":44,"column":null}}},"fnMap":{"0":{"name":"(anonymous_0)","decl":{"start":{"line":18,"column":23},"end":{"line":18,"column":24}},"loc":{"start":{"line":18,"column":43},"end":{"line":18,"column":91}}},"1":{"name":"(anonymous_1)","decl":{"start":{"line":21,"column":41},"end":{"line":21,"column":42}},"loc":{"start":{"line":21,"column":61},"end":{"line":21,"column":111}}},"2":{"name":"(anonymous_2)","decl":{"start":{"line":22,"column":38},"end":{"line":22,"column":39}},"loc":{"start":{"line":22,"column":58},"end":{"line":22,"column":114}}},"3":{"name":"(anonymous_3)","decl":{"start":{"line":26,"column":16},"end":{"line":26,"column":17}},"loc":{"start":{"line":26,"column":36},"end":{"line":26,"column":80}}},"4":{"name":"(anonymous_4)","decl":{"start":{"line":30,"column":19},"end":{"line":30,"column":20}},"loc":{"start":{"line":30,"column":39},"end":{"line":30,"column":84}}},"5":{"name":"(anonymous_5)","decl":{"start":{"line":34,"column":17},"end":{"line":34,"column":18}},"loc":{"start":{"line":34,"column":37},"end":{"line":34,"column":81}}},"6":{"name":"(anonymous_6)","decl":{"start":{"line":38,"column":21},"end":{"line":38,"column":22}},"loc":{"start":{"line":38,"column":41},"end":{"line":38,"column":85}}},"7":{"name":"(anonymous_7)","decl":{"start":{"line":42,"column":22},"end":{"line":42,"column":23}},"loc":{"start":{"line":42,"column":42},"end":{"line":42,"column":86}}}},"branchMap":{},"s":{"0":4,"1":4,"2":4,"3":4,"4":4,"5":4,"6":4,"7":1,"8":4,"9":0,"10":4,"11":0,"12":4,"13":1,"14":4,"15":2,"16":4,"17":3,"18":4,"19":0,"20":4,"21":1,"22":4},"f":{"0":1,"1":0,"2":0,"3":1,"4":2,"5":3,"6":0,"7":1},"b":{}}
[...]
rt":{"line":48,"column":6},"end":{"line":48,"column":null}},"11":{"start":{"line":52,"column":4},"end":{"line":54,"column":5}},"12":{"start":{"line":53,"column":6},"end":{"line":53,"column":null}},"13":{"start":{"line":56,"column":4},"end":{"line":56,"column":null}},"14":{"start":{"line":63,"column":4},"end":{"line":63,"column":null}},"15":{"start":{"line":65,"column":17},"end":{"line":67,"column":6}},"16":{"start":{"line":68,"column":4},"end":{"line":70,"column":5}},"17":{"start":{"line":69,"column":6},"end":{"line":69,"column":null}},"18":{"start":{"line":73,"column":20},"end":{"line":77,"column":null}},"19":{"start":{"line":78,"column":19},"end":{"line":78,"column":29}},"20":{"start":{"line":79,"column":20},"end":{"line":79,"column":95}},"21":{"start":{"line":80,"column":15},"end":{"line":80,"column":42}},"22":{"start":{"line":83,"column":16},"end":{"line":83,"column":26}},"23":{"start":{"line":84,"column":18},"end":{"line":84,"column":31}},"24":{"start":{"line":85,"column":23},"end":{"line":85,"column":28}},"25":{"start":{"line":86,"column":4},"end":{"line":97,"column":5}},"26":{"start":{"line":87,"column":21},"end":{"line":87,"column":44}},"27":{"start":{"line":88,"column":6},"end":{"line":95,"column":7}},"28":{"start":{"line":89,"column":20},"end":{"line":89,"column":36}},"29":{"start":{"line":90,"column":22},"end":{"line":90,"column":35}},"30":{"start":{"line":91,"column":8},"end":{"line":94,"column":9}},"31":{"start":{"line":92,"column":10},"end":{"line":92,"column":null}},"32":{"start":{"line":93,"column":10},"end":{"line":93,"column":null}},"33":{"start":{"line":99,"column":24},"end":{"line":101,"column":6}},"34":{"start":{"line":103,"column":18},"end":{"line":103,"column":37}},"35":{"start":{"line":104,"column":23},"end":{"line":104,"column":54}},"36":{"start":{"line":106,"column":4},"end":{"line":117,"column":5}},"37":{"start":{"line":107,"column":6},"end":{"line":111,"column":7}},"38":{"start":{"line":108,"column":8},"end":{"line":110,"column":null}},"39":{"start":{"line":112,"column":6},"end":{"line":116,"column":null}},"40":{"start":{"line":120,"column":27},"end":{"line":127,"column":6}},"41":{"start":{"line":129,"column":4},"end":{"line":131,"column":5}},"42":{"start":{"line":130,"column":6},"end":{"line":130,"column":null}},"43":{"start":{"line":134,"column":19},"end":{"line":143,"column":6}},"44":{"start":{"line":146,"column":4},"end":{"line":158,"column":5}},"45":{"start":{"line":147,"column":6},"end":{"line":157,"column":null}},"46":{"start":{"line":160,"column":4},"end":{"line":160,"column":null}},"47":{"start":{"line":167,"column":4},"end":{"line":167,"column":null}},"48":{"start":{"line":169,"column":27},"end":{"line":169,"column":63}},"49":{"start":{"line":172,"column":4},"end":{"line":185,"column":5}},"50":{"start":{"line":173,"column":30},"end":{"line":180,"column":8}},"51":{"start":{"line":182,"column":6},"end":{"line":184,"column":7}},"52":{"start":{"line":183,"column":8},"end":{"line":183,"column":null}},"53":{"start":{"line":188,"column":19},"end":{"line":196,"column":6}},"54":{"start":{"line":199,"column":4},"end":{"line":226,"column":5}},"55":{"start":{"line":200,"column":19},"end":{"line":200,"column":56}},"56":{"start":{"line":201,"column":6},"end":{"line":225,"column":7}},"57":{"start":{"line":202,"column":8},"end":{"line":212,"column":null}},"58":{"start":{"line":213,"column":13},"end":{"line":225,"column":7}},"59":{"start":{"line":214,"column":8},"end":{"line":224,"column":null}},"60":{"start":{"line":228,"column":4},"end":{"line":228,"column":null}},"61":{"start":{"line":235,"column":4},"end":{"line":235,"column":null}},"62":{"start":{"line":237,"column":4},"end":{"line":237,"column":null}},"63":{"start":{"line":240,"column":4},"end":{"line":242,"column":null}},"64":{"start":{"line":244,"column":4},"end":{"line":244,"column":null}},"65":{"start":{"line":251,"column":4},"end":{"line":251,"column":null}},"66":{"start":{"line":252,"column":20},"end":{"line":260,"column":6}},"67":{"start":{"line":263,"column":25},"end":{"line":263,"column":110}},"68":{"start":{"line":263,"column":86},"end":{"line":263,"column":106}},"69":{"start":{"line":265,"column":4},"end":{"line":269,"column":null}},"70":{"start":{"line":24,"column":0},"end":{"line":24,"column":13}},"71":{"start":{"line":273,"column":13},"end":{"line":273,"column":null}}},"fnMap":{"0":{"name":"(anonymous_0)","decl":{"start":{"line":28,"column":2},"end":{"line":28,"column":7}},"loc":{"start":{"line":28,"column":29},"end":{"line":36,"column":3}}},"1":{"name":"(anonymous_1)","decl":{"start":{"line":41,"column":2},"end":{"line":41,"column":7}},"loc":{"start":{"line":41,"column":48},"end":{"line":57,"column":3}}},"2":{"name":"(anonymous_2)","decl":{"start":{"line":62,"column":2},"end":{"line":62,"column":7}},"loc":{"start":{"line":62,"column":54},"end":{"line":161,"column":3}}},"3":{"name":"(anonymous_3)","decl":{"start":{"line":166,"column":2},"end":{"line":166,"column":7}},"loc":{"start":{"line":166,"column":72},"end":{"line":229,"column":3}}},"4":{"name":"(anonymous_4)","decl":{"start":{"line":234,"column":2},"end":{"line":234,"column":7}},"loc":{"start":{"line":234,"column":47},"end":{"line":245,"column":3}}},"5":{"name":"(anonymous_5)","decl":{"start":{"line":250,"column":2},"end":{"line":250,"column":7}},"loc":{"start":{"line":250,"column":33},"end":{"line":270,"column":3}}},"6":{"name":"(anonymous_6)","decl":{"start":{"line":263,"column":40},"end":{"line":263,"column":41}},"loc":{"start":{"line":263,"column":86},"end":{"line":263,"column":106}}}},"branchMap":{"0":{"loc":{"start":{"line":47,"column":4},"end":{"line":49,"column":5}},"type":"if","locations":[{"start":{"line":47,"column":4},"end":{"line":49,"column":5}},{"start":{},"end":{}}]},"1":{"loc":{"start":{"line":52,"column":4},"end":{"line":54,"column":5}},"type":"if","locations":[{"start":{"line":52,"column":4},"end":{"line":54,"column":5}},{"start":{},"end":{}}]},"2":{"loc":{"start":{"line":68,"column":4},"end":{"line":70,"column":5}},"type":"if","locations":[{"start":{"line":68,"column":4},"end":{"line":70,"column":5}},{"start":{},"end":{}}]},"3":{"loc":{"start":{"line":79,"column":21},"end":{"line":79,"column":43}},"type":"binary-expr","locations":[{"start":{"line":79,"column":21},"end":{"line":79,"column":33}},{"start":{"line":79,"column":37},"end":{"line":79,"column":43}}]},"4":{"loc":{"start":{"line":86,"column":4},"end":{"line":97,"column":5}},"type":"if","locations":[{"start":{"line":86,"column":4},"end":{"line":97,"column":5}},{"start":{},"end":{}}]},"5":{"loc":{"start":{"line":87,"column":21},"end":{"line":87,"column":44}},"type":"binary-expr","locations":[{"start":{"line":87,"column":21},"end":{"line":87,"column":36}},{"start":{"line":87,"column":40},"end":{"line":87,"column":44}}]},"6":{"loc":{"start":{"line":88,"column":6},"end":{"line":95,"column":7}},"type":"if","locations":[{"start":{"line":88,"column":6},"end":{"line":95,"column":7}},{"start":{},"end":{}}]},"7":{"loc":{"start":{"line":91,"column":8},"end":{"line":94,"column":9}},"type":"if","locations":[{"start":{"line":91,"column":8},"end":{"line":94,"column":9}},{"start":{},"end":{}}]},"8":{"loc":{"start":{"line":91,"column":12},"end":{"line":91,"column":49}},"type":"binary-expr","locations":[{"start":{"line":91,"column":12},"end":{"line":91,"column":32}},{"start":{"line":91,"column":36},"end":{"line":91,"column":49}}]},"9":{"loc":{"start":{"line":104,"column":23},"end":{"line":104,"column":54}},"type":"cond-expr","locations":[{"start":{"line":104,"column":45},"end":{"line":104,"column":46}},{"start":{"line":104,"column":49},"end":{"line":104,"column":54}}]},"10":{"loc":{"start":{"line":106,"column":4},"end":{"line":117,"column":5}},"type":"if","locations":[{"start":{"line":106,"column":4},"end":{"line":117,"column":5}},{"start":{},"end":{}}]},"11":{"loc":{"start":{"line":106,"column":8},"end":{"line":106,"column":56}},"type":"binary-expr","locations":[{"start":{"line":106,"column":8},"end":{"line":106,"column":27}},{"start":{"line":106,"column":31},"end":{"line":106,"column":56}}]},"12":{"loc":{"start":{"line":107,"column":6},"end":{"line":111,"column":7}},"type":"if","locations":[{"start":{"line":107,"column":6},"end":{"line":111,"column":7}},{"start":{},"end":{}}]},"13":{"loc":{"start":{"line":113,"column":8},"end":{"line":115,"column":96}},"type":"cond-expr","locations":[{"start":{"line":114,"column":12},"end":{"line":114,"column":89}},{"start":{"line":115,"column":12},"end":{"line":115,"column":96}}]},"14":{"loc":{"start":{"line":129,"column":4},"end":{"line":131,"column":5}},"type":"if","locations":[{"start":{"line":129,"column":4},"end":{"line":131,"column":5}},{"start":{},"end":{}}]},"15":{"loc":{"start":{"line":146,"column":4},"end":{"line":158,"column":5}},"type":"if","locations":[{"start":{"line":146,"column":4},"end":{"line":158,"column":5}},{"start":{},"end":{}}]},"16":{"loc":{"start":{"line":172,"column":4},"end":{"line":185,"column":5}},"type":"if","locations":[{"start":{"line":172,"column":4},"end":{"line":185,"column":5}},{"start":{},"end":{}}]},"17":{"loc":{"start":{"line":172,"column":8},"end":{"line":172,"column":54}},"type":"binary-expr","locations":[{"start":{"line":172,"column":8},"end":{"line":172,"column":17}},{"start":{"line":172,"column":21},"end":{"line":172,"column":54}}]},"18":{"loc":{"start":{"line":182,"column":6},"end":{"line":184,"column":7}},"type":"if","locations":[{"start":{"line":182,"column":6},"end":{"line":184,"column":7}},{"start":{},"end":{}}]},"19":{"loc":{"start":{"line":191,"column":12},"end":{"line":191,"column":44}},"type":"binary-expr","locations":[{"start":{"line":191,"column":12},"end":{"line":191,"column":21}},{"start":{"line":191,"column":25},"end":{"line":191,"column":44}}]},"20":{"loc":{"start":{"line":192,"column":12},"end":{"line":192,"column":67}},"type":"binary-expr","locations":[{"start":{"line":192,"column":12},"end":{"line":192,"column":38}},{"start":{"line":192,"column":42},"end":{"line":192,"column":67}}]},"21":{"loc":{"start":{"line":193,"column":12},"end":{"line":193,"column":61}},"type":"binary-expr","locations":[{"start":{"line":193,"column":12},"end":{"line":193,"column":36}},{"start":{"line":193,"column":40},"end":{"line":193,"column":61}}]},"22":{"loc":{"start":{"line":194,"column":12},"end":{"line":194,"column":58}},"type":"binary-expr","locations":[{"start":{"line":194,"column":12},"end":{"line":194,"column":35}},{"start":{"line":194,"column":39},"end":{"line":194,"column":58}}]},"23":{"loc":{"start":{"line":199,"column":4},"end":{"line":226,"column":5}},"type":"if","locations":[{"start":{"line":199,"column":4},"end":{"line":226,"column":5}},{"start":{},"end":{}}]},"24":{"loc":{"start":{"line":199,"column":8},"end":{"line":199,"column":77}},"type":"binary-expr","locations":[{"start":{"line":199,"column":8},"end":{"line":199,"column":34}},{"start":{"line":199,"column":38},"end":{"line":199,"column":77}}]},"25":{"loc":{"start":{"line":201,"column":6},"end":{"line":225,"column":7}},"type":"if","locations":[{"start":{"line":201,"column":6},"end":{"line":225,"column":7}},{"start":{"line":213,"column":13},"end":{"line":225,"column":7}}]},"26":{"loc":{"start":{"line":213,"column":13},"end":{"line":225,"column":7}},"type":"if","locations":[{"start":{"line":213,"column":13},"end":{"line":225,"column":7}},{"start":{},"end":{}}]}},"s":{"0":5,"1":5,"2":5,"3":5,"4":3,"5":3,"6":3,"7":8,"8":8,"9":8,"10":2,"11":6,"12":2,"13":4,"14":6,"15":6,"16":6,"17":1,"18":5,"19":5,"20":5,"21":5,"22":5,"23":5,"24":5,"25":5,"26":0,"27":0,"28":0,"29":0,"30":0,"31":0,"32":0,"33":5,"34":5,"35":5,"36":5,"37":1,"38":0,"39":1,"40":4,"41":4,"42":1,"43":3,"44":3,"45":3,"46":3,"47":0,"48":0,"49":0,"50":0,"51":0,"52":0,"53":0,"54":0,"55":0,"56":0,"57":0,"58":0,"59":0,"60":0,"61":2,"62":2,"63":2,"64":2,"65":3,"66":3,"67":3,"68":4,"69":3,"70":5,"71":5},"f":{"0":3,"1":8,"2":6,"3":0,"4":2,"5":3,"6":4},"b":{"0":[2,6],"1":[2,4],"2":[1,5],"3":[5,0],"4":[0,5],"5":[0,0],"6":[0,0],"7":[0,0],"8":[0,0],"9":[0,5],"10":[1,4],"11":[5,3],"12":[0,1],"13":[1,0],"14":[1,3],"15":[3,0],"16":[0,0],"17":[0,0],"18":[0,0],"19":[0,0],"20":[0,0],"21":[0,0],"22":[0,0],"23":[0,0],"24":[0,0],"25":[0,0],"26":[0,0]}}
,"/Users/dzulfikri/Documents/Work/Pintarware/walletwise-backend/src/utils/errors.ts": {"path":"/Users/dzulfikri/Documents/Work/Pintarware/walletwise-backend/src/utils/errors.ts","statementMap":{"0":{"start":{"line":12,"column":4},"end":{"line":12,"column":null}},"1":{"start":{"line":8,"column":11},"end":{"line":8,"column":29}},"2":{"start":{"line":9,"column":11},"end":{"line":9,"column":26}},"3":{"start":{"line":10,"column":11},"end":{"line":10,"column":26}},"4":{"start":{"line":13,"column":4},"end":{"line":13,"column":null}},"5":{"start":{"line":6,"column":0},"end":{"line":6,"column":13}},"6":{"start":{"line":19,"column":4},"end":{"line":19,"column":null}},"7":{"start":{"line":18,"column":38},"end":{"line":18,"column":72}},"8":{"start":{"line":20,"column":4},"end":{"line":20,"column":null}},"9":{"start":{"line":17,"column":0},"end":{"line":17,"column":13}},"10":{"start":{"line":26,"column":4},"end":{"line":26,"column":null}},"11":{"start":{"line":27,"column":4},"end":{"line":27,"column":null}},"12":{"start":{"line":24,"column":0},"end":{"line":24,"column":13}},"13":{"start":{"line":33,"column":4},"end":{"line":33,"column":null}},"14":{"start":{"line":34,"column":4},"end":{"line":34,"column":null}},"15":{"start":{"line":31,"column":0},"end":{"line":31,"column":13}},"16":{"start":{"line":42,"column":4},"end":{"line":42,"column":null}},"17":{"start":{"line":43,"column":4},"end":{"line":43,"column":null}},"18":{"start":{"line":38,"column":0},"end":{"line":38,"column":13}},"19":{"start":{"line":49,"column":4},"end":{"line":49,"column":null}},"20":{"start":{"line":50,"column":4},"end":{"line":50,"column":null}},"21":{"start":{"line":47,"column":0},"end":{"line":47,"column":13}},"22":{"start":{"line":56,"column":4},"end":{"line":56,"column":null}},"23":{"start":{"line":57,"column":4},"end":{"line":57,"column":null}},"24":{"start":{"line":54,"column":0},"end":{"line":54,"column":13}}},"fnMap":{"0":{"name":"(anonymous_0)","decl":{"start":{"line":7,"column":2},"end":{"line":7,"column":null}},"loc":{"start":{"line":10,"column":42},"end":{"line":14,"column":3}}},"1":{"name":"(anonymous_1)","decl":{"start":{"line":18,"column":2},"end":{"line":18,"column":14}},"loc":{"start":{"line":18,"column":72},"end":{"line":21,"column":3}}},"2":{"name":"(anonymous_2)","decl":{"start":{"line":25,"column":2},"end":{"line":25,"column":14}},"loc":{"start":{"line":25,"column":55},"end":{"line":28,"column":3}}},"3":{"name":"(anonymous_3)","decl":{"start":{"line":32,"column":2},"end":{"line":32,"column":14}},"loc":{"start":{"line":32,"column":47},"end":{"line":35,"column":3}}},"4":{"name":"(anonymous_4)","decl":{"start":{"line":39,"column":2},"end":{"line":39,"column":null}},"loc":{"start":{"line":40,"column":94},"end":{"line":44,"column":3}}},"5":{"name":"(anonymous_5)","decl":{"start":{"line":48,"column":2},"end":{"line":48,"column":14}},"loc":{"start":{"line":48,"column":30},"end":{"line":51,"column":3}}},"6":{"name":"(anonymous_6)","decl":{"start":{"line":55,"column":2},"end":{"line":55,"column":14}},"loc":{"start":{"line":55,"column":29},"end":{"line":58,"column":3}}}},"branchMap":{"0":{"loc":{"start":{"line":10,"column":11},"end":{"line":10,"column":42}},"type":"default-arg","locations":[{"start":{"line":10,"column":26},"end":{"line":10,"column":42}}]},"1":{"loc":{"start":{"line":25,"column":14},"end":{"line":25,"column":55}},"type":"default-arg","locations":[{"start":{"line":25,"column":32},"end":{"line":25,"column":55}}]},"2":{"loc":{"start":{"line":32,"column":14},"end":{"line":32,"column":47}},"type":"default-arg","locations":[{"start":{"line":32,"column":32},"end":{"line":32,"column":47}}]},"3":{"loc":{"start":{"line":40,"column":4},"end":{"line":40,"column":94}},"type":"default-arg","locations":[{"start":{"line":40,"column":22},"end":{"line":40,"column":94}}]}},"s":{"0":60,"1":60,"2":60,"3":60,"4":60,"5":12,"6":10,"7":10,"8":10,"9":12,"10":21,"11":21,"12":12,"13":9,"14":9,"15":12,"16":1,"17":1,"18":12,"19":11,"20":11,"21":12,"22":6,"23":6,"24":12},"f":{"0":60,"1":10,"2":21,"3":9,"4":1,"5":11,"6":6},"b":{"0":[1],"1":[1],"2":[1],"3":[1]}}
,"/Users/dzulfikri/Documents/Work/Pintarware/walletwise-backend/src/utils/jwt.ts": {"path":"/Users/dzulfikri/Documents/Work/Pintarware/walletwise-backend/src/utils/jwt.ts","statementMap":{"0":{"start":{"line":6,"column":0},"end":{"line":6,"column":30}},"1":{"start":{"line":7,"column":0},"end":{"line":7,"column":38}},"2":{"start":{"line":14,"column":35},"end":{"line":18,"column":1}},"3":{"start":{"line":15,"column":2},"end":{"line":17,"column":null}},"4":{"start":{"line":14,"column":13},"end":{"line":14,"column":35}},"5":{"start":{"line":20,"column":36},"end":{"line":24,"column":1}},"6":{"start":{"line":21,"column":2},"end":{"line":23,"column":null}},"7":{"start":{"line":20,"column":13},"end":{"line":20,"column":36}},"8":{"start":{"line":26,"column":33},"end":{"line":32,"column":1}},"9":{"start":{"line":27,"column":2},"end":{"line":31,"column":3}},"10":{"start":{"line":28,"column":4},"end":{"line":28,"column":null}},"11":{"start":{"line":30,"column":4},"end":{"line":30,"column":null}},"12":{"start":{"line":26,"column":13},"end":{"line":26,"column":33}},"13":{"start":{"line":34,"column":34},"end":{"line":40,"column":1}},"14":{"start":{"line":35,"column":2},"end":{"line":39,"column":3}},"15":{"start":{"line":36,"column":4},"end":{"line":36,"column":null}},"16":{"start":{"line":38,"column":4},"end":{"line":38,"column":null}},"17":{"start":{"line":34,"column":13},"end":{"line":34,"column":34}}},"fnMap":{"0":{"name":"(anonymous_1)","decl":{"start":{"line":14,"column":35},"end":{"line":14,"column":36}},"loc":{"start":{"line":14,"column":67},"end":{"line":18,"column":1}}},"1":{"name":"(anonymous_2)","decl":{"start":{"line":20,"column":36},"end":{"line":20,"column":37}},"loc":{"start":{"line":20,"column":68},"end":{"line":24,"column":1}}},"2":{"name":"(anonymous_3)","decl":{"start":{"line":26,"column":33},"end":{"line":26,"column":34}},"loc":{"start":{"line":26,"column":63},"end":{"line":32,"column":1}}},"3":{"name":"(anonymous_4)","decl":{"start":{"line":34,"column":34},"end":{"line":34,"column":35}},"loc":{"start":{"line":34,"column":64},"end":{"line":40,"column":1}}}},"branchMap":{},"s":{"0":6,"1":6,"2":6,"3":7,"4":6,"5":6,"6":7,"7":6,"8":6,"9":26,"10":26,"11":5,"12":6,"13":6,"14":3,"15":3,"16":2,"17":6},"f":{"0":7,"1":7,"2":26,"3":3},"b":{}}
,"/Users/dzulfikri/Documents/Work/Pintarware/walletwise-backend/src/utils/validation.ts": {"path":"/Users/dzulfikri/Documents/Work/Pintarware/walletwise-backend/src/utils/validation.ts","statementMap":{"0":{"start":{"line":11,"column":31},"end":{"line":23,"column":1}},"1":{"start":{"line":12,"column":43},"end":{"line":12,"column":45}},"2":{"start":{"line":14,"column":2},"end":{"line":20,"column":null}},"3":{"start":{"line":15,"column":18},"end":{"line":15,"column":38}},"4":{"start":{"line":16,"column":4},"end":{"line":18,"column":5}},"5":{"start":{"line":17,"column":6},"end":{"line":17,"column":null}},"6":{"start":{"line":19,"column":4},"end":{"line":19,"column":null}},"7":{"start":{"line":22,"column":2},"end":{"line":22,"column":null}},"8":{"start":{"line":11,"column":13},"end":{"line":11,"column":31}}},"fnMap":{"0":{"name":"(anonymous_0)","decl":{"start":{"line":11,"column":31},"end":{"line":11,"column":32}},"loc":{"start":{"line":11,"column":77},"end":{"line":23,"column":1}}},"1":{"name":"(anonymous_1)","decl":{"start":{"line":14,"column":23},"end":{"line":14,"column":24}},"loc":{"start":{"line":14,"column":33},"end":{"line":20,"column":3}}}},"branchMap":{"0":{"loc":{"start":{"line":16,"column":4},"end":{"line":18,"column":5}},"type":"if","locations":[{"start":{"line":16,"column":4},"end":{"line":18,"column":5}},{"start":{},"end":{}}]}},"s":{"0":5,"1":7,"2":7,"3":16,"4":16,"5":15,"6":16,"7":7,"8":5},"f":{"0":7,"1":16},"b":{"0":[15,1]}}
}
