TN:
SF:src/app.ts
FN:37,(anonymous_1)
FN:45,(anonymous_2)
FNF:2
FNH:2
FNDA:1,(anonymous_1)
FNDA:3,(anonymous_2)
DA:6,4
DA:7,4
DA:8,4
DA:9,4
DA:10,4
DA:11,4
DA:12,4
DA:13,4
DA:14,4
DA:16,4
DA:19,4
DA:20,4
DA:24,4
DA:25,4
DA:26,4
DA:29,4
DA:31,4
DA:34,4
DA:37,4
DA:38,1
DA:42,4
DA:45,4
DA:46,3
DA:56,4
DA:58,4
LF:25
LH:25
BRF:0
BRH:0
end_of_record
TN:
SF:src/config/env.ts
FN:6,(anonymous_0)
FN:27,(anonymous_1)
FNF:2
FNH:2
FNDA:154,(anonymous_0)
FNDA:1,(anonymous_1)
DA:6,7
DA:7,154
DA:8,154
DA:9,0
DA:11,154
DA:14,7
DA:28,1
DA:29,0
DA:30,0
DA:31,0
DA:62,7
LF:11
LH:7
BRDA:8,0,0,0
BRDA:8,0,1,154
BRDA:8,1,0,154
BRDA:8,1,1,35
BRDA:11,2,0,154
BRDA:11,2,1,35
BRDA:11,2,2,0
BRDA:28,3,0,1
BRDA:28,3,1,0
BRDA:30,4,0,0
BRDA:30,4,1,0
BRF:11
BRH:6
end_of_record
TN:
SF:src/constants/categories.ts
FN:35,isSystemCategory
FNF:1
FNH:1
FNDA:9,isSystemCategory
DA:6,6
DA:20,6
DA:35,6
DA:36,9
LF:4
LH:4
BRDA:37,0,0,9
BRDA:37,0,1,6
BRF:2
BRH:2
end_of_record
TN:
SF:src/constants/subscription.ts
FNF:0
FNH:0
DA:9,7
DA:12,7
DA:19,7
DA:21,7
LF:4
LH:4
BRF:0
BRH:0
end_of_record
TN:
SF:src/controllers/auth.controller.ts
FN:17,(anonymous_0)
FN:60,(anonymous_1)
FN:103,(anonymous_2)
FN:136,(anonymous_3)
FN:160,(anonymous_4)
FN:200,(anonymous_5)
FNF:6
FNH:4
FNDA:5,(anonymous_0)
FNDA:3,(anonymous_1)
FNDA:0,(anonymous_2)
FNDA:1,(anonymous_3)
FNDA:0,(anonymous_4)
FNDA:1,(anonymous_5)
DA:7,4
DA:8,4
DA:9,4
DA:10,4
DA:12,4
DA:18,5
DA:20,5
DA:22,5
DA:23,2
DA:24,2
DA:28,3
DA:31,2
DA:38,2
DA:45,2
DA:52,3
DA:61,3
DA:63,3
DA:65,3
DA:66,0
DA:67,0
DA:71,3
DA:74,1
DA:81,1
DA:88,1
DA:95,2
DA:104,0
DA:106,0
DA:108,0
DA:109,0
DA:113,0
DA:116,0
DA:123,0
DA:128,0
DA:137,1
DA:139,1
DA:141,1
DA:142,0
DA:145,1
DA:147,1
DA:152,0
DA:161,0
DA:163,0
DA:165,0
DA:166,0
DA:176,0
DA:178,0
DA:187,0
DA:192,0
DA:201,1
DA:203,1
DA:204,1
DA:206,1
DA:211,0
DA:216,4
LF:54
LH:33
BRDA:22,0,0,2
BRDA:22,0,1,3
BRDA:65,1,0,0
BRDA:65,1,1,3
BRDA:108,2,0,0
BRDA:108,2,1,0
BRDA:141,3,0,0
BRDA:141,3,1,1
BRDA:165,4,0,0
BRDA:165,4,1,0
BRF:10
BRH:4
end_of_record
TN:
SF:src/controllers/billing.controller.ts
FN:14,(anonymous_0)
FNF:1
FNH:0
FNDA:0,(anonymous_0)
DA:7,4
DA:9,4
DA:15,0
DA:16,0
DA:17,0
DA:22,0
DA:27,4
LF:7
LH:3
BRF:0
BRH:0
end_of_record
TN:
SF:src/controllers/category.controller.ts
FN:16,getAll
FN:39,getCustom
FN:62,create
FN:92,update
FN:130,remove
FNF:5
FNH:0
FNDA:0,getAll
FNDA:0,getCustom
FNDA:0,create
FNDA:0,update
FNDA:0,remove
DA:7,4
DA:8,4
DA:9,4
DA:10,4
DA:16,4
DA:17,0
DA:18,0
DA:20,0
DA:21,0
DA:24,0
DA:26,0
DA:31,0
DA:39,4
DA:40,0
DA:41,0
DA:43,0
DA:44,0
DA:47,0
DA:49,0
DA:54,0
DA:62,4
DA:63,0
DA:64,0
DA:66,0
DA:67,0
DA:70,0
DA:72,0
DA:73,0
DA:74,0
DA:77,0
DA:79,0
DA:84,0
DA:92,4
DA:93,0
DA:94,0
DA:95,0
DA:97,0
DA:98,0
DA:100,0
DA:101,0
DA:104,0
DA:106,0
DA:107,0
DA:108,0
DA:111,0
DA:117,0
DA:122,0
DA:130,4
DA:131,0
DA:132,0
DA:133,0
DA:135,0
DA:136,0
DA:138,0
DA:139,0
DA:142,0
DA:144,0
DA:149,0
LF:58
LH:9
BRDA:20,0,0,0
BRDA:20,0,1,0
BRDA:43,1,0,0
BRDA:43,1,1,0
BRDA:66,2,0,0
BRDA:66,2,1,0
BRDA:72,3,0,0
BRDA:72,3,1,0
BRDA:95,4,0,0
BRDA:95,4,1,0
BRDA:97,5,0,0
BRDA:97,5,1,0
BRDA:100,6,0,0
BRDA:100,6,1,0
BRDA:100,7,0,0
BRDA:100,7,1,0
BRDA:106,8,0,0
BRDA:106,8,1,0
BRDA:133,9,0,0
BRDA:133,9,1,0
BRDA:135,10,0,0
BRDA:135,10,1,0
BRDA:138,11,0,0
BRDA:138,11,1,0
BRDA:138,12,0,0
BRDA:138,12,1,0
BRF:26
BRH:0
end_of_record
TN:
SF:src/controllers/fx-rates.controller.ts
FN:14,(anonymous_0)
FN:30,(anonymous_1)
FNF:2
FNH:0
FNDA:0,(anonymous_0)
FNDA:0,(anonymous_1)
DA:7,4
DA:9,4
DA:15,0
DA:16,0
DA:17,0
DA:22,0
DA:31,0
DA:32,0
DA:33,0
DA:39,0
DA:44,4
LF:11
LH:3
BRF:0
BRH:0
end_of_record
TN:
SF:src/controllers/payment.controller.ts
FN:16,(anonymous_0)
FNF:1
FNH:0
FNDA:0,(anonymous_0)
DA:7,4
DA:8,4
DA:9,4
DA:10,4
DA:12,4
DA:17,0
DA:18,0
DA:19,0
DA:20,0
DA:23,0
DA:24,0
DA:25,0
DA:26,0
DA:29,0
DA:31,0
DA:39,0
DA:44,0
DA:49,4
LF:18
LH:6
BRDA:19,0,0,0
BRDA:19,0,1,0
BRDA:24,1,0,0
BRDA:24,1,1,0
BRF:4
BRH:0
end_of_record
TN:
SF:src/controllers/transaction.controller.ts
FN:17,(anonymous_0)
FN:49,(anonymous_1)
FN:73,(anonymous_2)
FN:104,(anonymous_3)
FN:140,(anonymous_4)
FN:164,(anonymous_5)
FN:194,(anonymous_6)
FN:223,(anonymous_7)
FNF:8
FNH:5
FNDA:1,(anonymous_0)
FNDA:2,(anonymous_1)
FNDA:3,(anonymous_2)
FNDA:0,(anonymous_3)
FNDA:1,(anonymous_4)
FNDA:1,(anonymous_5)
FNDA:0,(anonymous_6)
FNDA:0,(anonymous_7)
DA:7,4
DA:8,4
DA:9,4
DA:10,4
DA:12,4
DA:18,1
DA:19,1
DA:21,1
DA:22,0
DA:26,1
DA:34,1
DA:36,1
DA:41,0
DA:50,2
DA:51,2
DA:52,2
DA:54,2
DA:55,0
DA:58,2
DA:60,1
DA:65,1
DA:74,3
DA:75,3
DA:77,3
DA:78,0
DA:82,3
DA:84,3
DA:85,2
DA:86,2
DA:89,1
DA:91,1
DA:96,2
DA:105,0
DA:106,0
DA:107,0
DA:109,0
DA:110,0
DA:114,0
DA:116,0
DA:117,0
DA:118,0
DA:121,0
DA:127,0
DA:132,0
DA:141,1
DA:142,1
DA:143,1
DA:145,1
DA:146,0
DA:149,1
DA:151,1
DA:156,0
DA:165,1
DA:166,1
DA:168,1
DA:169,0
DA:173,1
DA:179,1
DA:181,1
DA:186,0
DA:195,0
DA:196,0
DA:198,0
DA:199,0
DA:202,0
DA:208,0
DA:210,0
DA:215,0
DA:224,0
DA:225,0
DA:227,0
DA:228,0
DA:231,0
DA:232,0
DA:233,0
DA:236,0
DA:244,0
DA:250,0
DA:251,0
DA:252,0
DA:254,0
DA:259,4
LF:82
LH:41
BRDA:21,0,0,0
BRDA:21,0,1,1
BRDA:30,1,0,0
BRDA:30,1,1,1
BRDA:31,2,0,0
BRDA:31,2,1,1
BRDA:54,3,0,0
BRDA:54,3,1,2
BRDA:77,4,0,0
BRDA:77,4,1,3
BRDA:84,5,0,2
BRDA:84,5,1,1
BRDA:109,6,0,0
BRDA:109,6,1,0
BRDA:116,7,0,0
BRDA:116,7,1,0
BRDA:145,8,0,0
BRDA:145,8,1,1
BRDA:168,9,0,0
BRDA:168,9,1,1
BRDA:175,10,0,0
BRDA:175,10,1,1
BRDA:176,11,0,0
BRDA:176,11,1,1
BRDA:198,12,0,0
BRDA:198,12,1,0
BRDA:204,13,0,0
BRDA:204,13,1,0
BRDA:205,14,0,0
BRDA:205,14,1,0
BRDA:227,15,0,0
BRDA:227,15,1,0
BRDA:231,16,0,0
BRDA:231,16,1,0
BRDA:232,17,0,0
BRDA:232,17,1,0
BRDA:232,18,0,0
BRDA:232,18,1,0
BRDA:240,19,0,0
BRDA:240,19,1,0
BRDA:241,20,0,0
BRDA:241,20,1,0
BRF:42
BRH:11
end_of_record
TN:
SF:src/controllers/wallet.controller.ts
FN:17,(anonymous_0)
FN:40,(anonymous_1)
FN:64,(anonymous_2)
FN:95,(anonymous_3)
FN:127,(anonymous_4)
FN:151,(anonymous_5)
FNF:6
FNH:5
FNDA:1,(anonymous_0)
FNDA:3,(anonymous_1)
FNDA:2,(anonymous_2)
FNDA:0,(anonymous_3)
FNDA:1,(anonymous_4)
FNDA:1,(anonymous_5)
DA:7,4
DA:8,4
DA:9,4
DA:10,4
DA:12,4
DA:18,1
DA:19,1
DA:21,1
DA:22,0
DA:25,1
DA:27,1
DA:32,0
DA:41,3
DA:42,3
DA:43,3
DA:45,3
DA:46,0
DA:49,3
DA:51,1
DA:56,2
DA:65,2
DA:66,2
DA:68,2
DA:69,0
DA:73,2
DA:75,2
DA:76,1
DA:77,1
DA:80,1
DA:82,1
DA:87,1
DA:96,0
DA:97,0
DA:98,0
DA:100,0
DA:101,0
DA:105,0
DA:107,0
DA:108,0
DA:109,0
DA:112,0
DA:114,0
DA:119,0
DA:128,1
DA:129,1
DA:130,1
DA:132,1
DA:133,0
DA:136,1
DA:138,1
DA:143,0
DA:152,1
DA:153,1
DA:155,1
DA:156,0
DA:159,1
DA:161,1
DA:166,0
DA:171,4
LF:59
LH:39
BRDA:21,0,0,0
BRDA:21,0,1,1
BRDA:45,1,0,0
BRDA:45,1,1,3
BRDA:68,2,0,0
BRDA:68,2,1,2
BRDA:75,3,0,1
BRDA:75,3,1,1
BRDA:100,4,0,0
BRDA:100,4,1,0
BRDA:107,5,0,0
BRDA:107,5,1,0
BRDA:132,6,0,0
BRDA:132,6,1,1
BRDA:155,7,0,0
BRDA:155,7,1,1
BRF:16
BRH:7
end_of_record
TN:
SF:src/controllers/webhook.controller.ts
FN:17,(anonymous_1)
FN:75,(anonymous_2)
FNF:2
FNH:0
FNDA:0,(anonymous_1)
FNDA:0,(anonymous_2)
DA:8,4
DA:9,4
DA:10,4
DA:11,4
DA:13,4
DA:18,0
DA:20,0
DA:22,0
DA:23,0
DA:24,0
DA:25,0
DA:28,0
DA:29,0
DA:30,0
DA:31,0
DA:35,0
DA:36,0
DA:38,0
DA:39,0
DA:40,0
DA:41,0
DA:44,0
DA:46,0
DA:47,0
DA:48,0
DA:50,0
DA:57,0
DA:59,0
DA:60,0
DA:61,0
DA:69,0
DA:76,0
DA:78,0
DA:79,0
DA:80,0
DA:81,0
DA:84,0
DA:90,0
DA:92,0
DA:93,0
DA:95,0
DA:102,0
DA:103,0
DA:104,0
DA:105,0
DA:113,0
DA:117,4
LF:47
LH:6
BRDA:22,0,0,0
BRDA:22,0,1,0
BRDA:22,1,0,0
BRDA:22,1,1,0
BRDA:22,1,2,0
BRDA:28,2,0,0
BRDA:28,2,1,0
BRDA:38,3,0,0
BRDA:38,3,1,0
BRDA:46,4,0,0
BRDA:46,4,1,0
BRDA:57,5,0,0
BRDA:57,5,1,0
BRDA:60,6,0,0
BRDA:60,6,1,0
BRDA:78,7,0,0
BRDA:78,7,1,0
BRDA:78,8,0,0
BRDA:78,8,1,0
BRDA:92,9,0,0
BRDA:92,9,1,0
BRDA:92,10,0,0
BRDA:92,10,1,0
BRDA:102,11,0,0
BRDA:102,11,1,0
BRDA:104,12,0,0
BRDA:104,12,1,0
BRF:27
BRH:0
end_of_record
TN:
SF:src/middleware/auth.middleware.ts
FN:26,(anonymous_0)
FN:58,(anonymous_1)
FNF:2
FNH:2
FNDA:30,(anonymous_0)
FNDA:3,(anonymous_1)
DA:7,5
DA:8,5
DA:26,5
DA:27,30
DA:29,30
DA:31,30
DA:32,9
DA:36,21
DA:39,19
DA:44,19
DA:46,11
DA:47,9
DA:49,2
DA:58,5
DA:59,3
DA:60,3
DA:62,3
DA:63,1
DA:66,2
DA:68,1
DA:73,1
DA:76,1
LF:22
LH:22
BRDA:31,0,0,9
BRDA:31,0,1,21
BRDA:46,1,0,9
BRDA:46,1,1,2
BRDA:62,2,0,1
BRDA:62,2,1,2
BRF:6
BRH:6
end_of_record
TN:
SF:src/middleware/error.middleware.ts
FN:9,(anonymous_0)
FNF:1
FNH:1
FNDA:23,(anonymous_0)
DA:6,5
DA:7,5
DA:9,5
DA:15,23
DA:17,23
DA:18,22
DA:26,22
DA:30,1
DA:40,5
LF:9
LH:9
BRDA:17,0,0,22
BRDA:17,0,1,1
BRDA:23,1,0,22
BRDA:23,1,1,6
BRF:4
BRH:4
end_of_record
TN:
SF:src/middleware/logger.middleware.ts
FN:9,(anonymous_0)
FN:12,(anonymous_1)
FNF:2
FNH:2
FNDA:38,(anonymous_0)
FNDA:38,(anonymous_1)
DA:7,4
DA:9,4
DA:10,38
DA:12,38
DA:13,38
DA:14,38
DA:15,38
DA:18,38
LF:8
LH:8
BRF:0
BRH:0
end_of_record
TN:
SF:src/middleware/subscription.middleware.ts
FN:14,(anonymous_0)
FN:49,(anonymous_1)
FNF:2
FNH:0
FNDA:0,(anonymous_0)
FNDA:0,(anonymous_1)
DA:7,4
DA:8,4
DA:14,4
DA:19,0
DA:20,0
DA:22,0
DA:23,0
DA:26,0
DA:30,0
DA:32,0
DA:33,0
DA:38,0
DA:40,0
DA:49,4
DA:54,0
DA:55,0
DA:57,0
DA:58,0
DA:61,0
DA:65,0
DA:67,0
DA:68,0
DA:69,0
DA:70,0
DA:71,0
DA:72,0
DA:73,0
DA:78,0
DA:80,0
DA:81,0
DA:86,0
DA:88,0
LF:32
LH:4
BRDA:22,0,0,0
BRDA:22,0,1,0
BRDA:30,1,0,0
BRDA:30,1,1,0
BRDA:32,2,0,0
BRDA:32,2,1,0
BRDA:57,3,0,0
BRDA:57,3,1,0
BRDA:65,4,0,0
BRDA:65,4,1,0
BRDA:67,5,0,0
BRDA:67,5,1,0
BRDA:69,6,0,0
BRDA:69,6,1,0
BRDA:72,7,0,0
BRDA:72,7,1,0
BRDA:72,8,0,0
BRDA:72,8,1,0
BRDA:78,9,0,0
BRDA:78,9,1,0
BRDA:80,10,0,0
BRDA:80,10,1,0
BRF:22
BRH:0
end_of_record
TN:
SF:src/routes/webhook.routes.ts
FN:12,(anonymous_0)
FN:16,(anonymous_1)
FNF:2
FNH:0
FNDA:0,(anonymous_0)
FNDA:0,(anonymous_1)
DA:7,4
DA:8,4
DA:11,4
DA:12,4
DA:15,4
DA:16,4
DA:18,4
LF:7
LH:7
BRF:0
BRH:0
end_of_record
TN:
SF:src/routes/v1/auth.routes.ts
FN:18,(anonymous_0)
FN:22,(anonymous_1)
FN:26,(anonymous_2)
FN:34,(anonymous_3)
FN:40,(anonymous_4)
FN:46,(anonymous_5)
FNF:6
FNH:4
FNDA:5,(anonymous_0)
FNDA:3,(anonymous_1)
FNDA:0,(anonymous_2)
FNDA:1,(anonymous_3)
FNDA:0,(anonymous_4)
FNDA:1,(anonymous_5)
DA:6,4
DA:7,4
DA:8,4
DA:10,4
DA:18,5
DA:22,4
DA:26,4
DA:34,4
DA:35,1
DA:40,4
DA:41,0
DA:46,4
DA:47,1
DA:50,4
LF:14
LH:13
BRF:0
BRH:0
end_of_record
TN:
SF:src/routes/v1/billing.routes.ts
FN:12,(anonymous_0)
FNF:1
FNH:0
FNDA:0,(anonymous_0)
DA:6,4
DA:7,4
DA:9,4
DA:12,4
DA:14,4
LF:5
LH:5
BRF:0
BRH:0
end_of_record
TN:
SF:src/routes/v1/category.routes.ts
FN:18,(anonymous_9)
FN:25,(anonymous_10)
FN:29,(anonymous_11)
FN:33,(anonymous_12)
FN:37,(anonymous_13)
FNF:5
FNH:0
FNDA:0,(anonymous_9)
FNDA:0,(anonymous_10)
FNDA:0,(anonymous_11)
FNDA:0,(anonymous_12)
FNDA:0,(anonymous_13)
DA:6,4
DA:7,4
DA:8,4
DA:9,4
DA:11,4
DA:14,4
DA:18,4
DA:21,4
DA:25,4
DA:29,4
DA:33,4
DA:37,4
DA:39,4
LF:13
LH:13
BRF:0
BRH:0
end_of_record
TN:
SF:src/routes/v1/index.ts
FN:27,(anonymous_1)
FNF:1
FNH:0
FNDA:0,(anonymous_1)
DA:6,4
DA:7,4
DA:8,4
DA:9,4
DA:10,4
DA:11,4
DA:12,4
DA:13,4
DA:14,4
DA:16,4
DA:18,4
DA:19,4
DA:20,4
DA:21,4
DA:22,4
DA:23,4
DA:24,4
DA:27,4
DA:28,0
DA:29,0
DA:32,4
LF:21
LH:19
BRF:0
BRH:0
end_of_record
TN:
SF:src/routes/v1/payment.routes.ts
FN:12,(anonymous_0)
FNF:1
FNH:0
FNDA:0,(anonymous_0)
DA:5,4
DA:6,4
DA:7,4
DA:9,4
DA:11,4
DA:12,4
DA:14,4
LF:7
LH:7
BRF:0
BRH:0
end_of_record
TN:
SF:src/routes/v1/settings.routes.ts
FN:14,(anonymous_0)
FN:19,(anonymous_1)
FNF:2
FNH:0
FNDA:0,(anonymous_0)
FNDA:0,(anonymous_1)
DA:6,4
DA:7,4
DA:8,4
DA:10,4
DA:14,4
DA:15,0
DA:19,4
DA:20,0
DA:23,4
LF:9
LH:7
BRF:0
BRH:0
end_of_record
TN:
SF:src/routes/v1/transaction.routes.ts
FN:18,(anonymous_0)
FN:21,(anonymous_1)
FN:22,(anonymous_2)
FN:26,(anonymous_3)
FN:30,(anonymous_4)
FN:34,(anonymous_5)
FN:38,(anonymous_6)
FN:42,(anonymous_7)
FNF:8
FNH:5
FNDA:1,(anonymous_0)
FNDA:0,(anonymous_1)
FNDA:0,(anonymous_2)
FNDA:1,(anonymous_3)
FNDA:2,(anonymous_4)
FNDA:3,(anonymous_5)
FNDA:0,(anonymous_6)
FNDA:1,(anonymous_7)
DA:6,4
DA:7,4
DA:8,4
DA:9,4
DA:11,4
DA:14,4
DA:18,4
DA:21,4
DA:22,4
DA:26,4
DA:30,4
DA:34,4
DA:38,4
DA:42,4
DA:44,4
LF:15
LH:15
BRF:0
BRH:0
end_of_record
TN:
SF:src/routes/v1/wallet.routes.ts
FN:17,(anonymous_0)
FN:21,(anonymous_1)
FN:25,(anonymous_2)
FN:29,(anonymous_3)
FN:33,(anonymous_4)
FN:37,(anonymous_5)
FNF:6
FNH:5
FNDA:1,(anonymous_0)
FNDA:1,(anonymous_1)
FNDA:3,(anonymous_2)
FNDA:2,(anonymous_3)
FNDA:0,(anonymous_4)
FNDA:1,(anonymous_5)
DA:6,4
DA:7,4
DA:8,4
DA:10,4
DA:13,4
DA:17,4
DA:21,4
DA:25,4
DA:29,4
DA:33,4
DA:37,4
DA:39,4
LF:12
LH:12
BRF:0
BRH:0
end_of_record
TN:
SF:src/schemas/auth.schemas.ts
FNF:0
FNH:0
DA:5,5
DA:8,5
DA:10,5
DA:22,5
DA:27,5
LF:5
LH:5
BRF:0
BRH:0
end_of_record
TN:
SF:src/schemas/billing.schemas.ts
FNF:0
FNH:0
DA:5,1
DA:7,1
DA:18,1
LF:3
LH:3
BRF:0
BRH:0
end_of_record
TN:
SF:src/schemas/category.schemas.ts
FNF:0
FNH:0
DA:1,5
DA:3,5
DA:8,5
LF:3
LH:3
BRF:0
BRH:0
end_of_record
TN:
SF:src/schemas/payment.schemas.ts
FNF:0
FNH:0
DA:5,5
DA:7,5
LF:2
LH:2
BRF:0
BRH:0
end_of_record
TN:
SF:src/schemas/transaction.schemas.ts
FNF:0
FNH:0
DA:5,5
DA:7,5
DA:16,5
LF:3
LH:3
BRF:0
BRH:0
end_of_record
TN:
SF:src/schemas/wallet.schemas.ts
FNF:0
FNH:0
DA:5,5
DA:7,5
DA:15,5
LF:3
LH:3
BRF:0
BRH:0
end_of_record
TN:
SF:src/services/auth.service.ts
FN:54,(anonymous_1)
FN:120,(anonymous_2)
FN:175,(anonymous_3)
FN:205,(anonymous_4)
FN:256,(anonymous_5)
FNF:5
FNH:4
FNDA:6,(anonymous_1)
FNDA:6,(anonymous_2)
FNDA:3,(anonymous_3)
FNDA:3,(anonymous_4)
FNDA:0,(anonymous_5)
DA:6,5
DA:7,5
DA:8,5
DA:9,5
DA:10,5
DA:50,5
DA:55,6
DA:57,6
DA:61,6
DA:62,2
DA:66,4
DA:69,4
DA:87,4
DA:92,4
DA:97,4
DA:121,6
DA:123,6
DA:130,6
DA:131,2
DA:135,4
DA:137,4
DA:138,2
DA:142,2
DA:147,2
DA:152,2
DA:176,3
DA:177,3
DA:179,3
DA:182,2
DA:186,2
DA:187,1
DA:191,1
DA:196,1
DA:198,2
DA:206,3
DA:207,3
DA:214,3
DA:215,1
DA:219,2
DA:220,2
DA:221,2
DA:222,2
DA:225,2
DA:226,2
DA:227,2
DA:233,2
DA:234,2
DA:267,0
DA:270,0
DA:271,0
DA:272,0
DA:273,0
DA:274,0
DA:276,0
DA:286,0
DA:288,0
DA:289,0
DA:290,0
DA:291,0
DA:299,0
DA:300,0
DA:301,0
DA:302,0
DA:305,0
DA:306,0
DA:307,0
DA:310,0
DA:311,0
DA:312,0
DA:316,0
DA:317,0
DA:337,5
LF:72
LH:48
BRDA:61,0,0,2
BRDA:61,0,1,4
BRDA:109,1,0,4
BRDA:109,1,1,4
BRDA:130,2,0,2
BRDA:130,2,1,4
BRDA:137,3,0,2
BRDA:137,3,1,2
BRDA:161,4,0,2
BRDA:161,4,1,0
BRDA:162,5,0,2
BRDA:162,5,1,0
BRDA:163,6,0,2
BRDA:163,6,1,0
BRDA:164,7,0,2
BRDA:164,7,1,2
BRDA:186,8,0,1
BRDA:186,8,1,1
BRDA:214,9,0,1
BRDA:214,9,1,2
BRDA:225,10,0,2
BRDA:225,10,1,0
BRDA:226,11,0,2
BRDA:226,11,1,0
BRDA:227,12,0,2
BRDA:227,12,1,0
BRDA:244,13,0,2
BRDA:244,13,1,0
BRDA:245,14,0,2
BRDA:245,14,1,0
BRDA:246,15,0,2
BRDA:246,15,1,0
BRDA:247,16,0,2
BRDA:247,16,1,2
BRDA:271,17,0,0
BRDA:271,17,1,0
BRDA:272,18,0,0
BRDA:272,18,1,0
BRDA:273,19,0,0
BRDA:273,19,1,0
BRDA:274,20,0,0
BRDA:274,20,1,0
BRDA:286,21,0,0
BRDA:286,21,1,0
BRDA:286,21,2,0
BRDA:286,21,3,0
BRDA:288,22,0,0
BRDA:288,22,1,0
BRDA:289,23,0,0
BRDA:289,23,1,0
BRDA:290,24,0,0
BRDA:290,24,1,0
BRDA:305,25,0,0
BRDA:305,25,1,0
BRDA:306,26,0,0
BRDA:306,26,1,0
BRDA:307,27,0,0
BRDA:307,27,1,0
BRDA:310,28,0,0
BRDA:310,28,1,0
BRDA:311,29,0,0
BRDA:311,29,1,0
BRDA:312,30,0,0
BRDA:312,30,1,0
BRDA:327,31,0,0
BRDA:327,31,1,0
BRDA:328,32,0,0
BRDA:328,32,1,0
BRDA:329,33,0,0
BRDA:329,33,1,0
BRDA:330,34,0,0
BRDA:330,34,1,0
BRF:72
BRH:25
end_of_record
TN:
SF:src/services/billing.service.ts
FN:21,(anonymous_0)
FN:132,(anonymous_1)
FNF:2
FNH:2
FNDA:4,(anonymous_0)
FNDA:2,(anonymous_1)
DA:6,5
DA:7,5
DA:8,5
DA:9,5
DA:17,5
DA:22,4
DA:28,4
DA:33,4
DA:34,1
DA:37,3
DA:40,3
DA:41,3
DA:44,3
DA:46,2
DA:47,1
DA:48,1
DA:52,0
DA:54,1
DA:55,1
DA:56,1
DA:58,0
DA:59,0
DA:60,0
DA:64,1
DA:65,1
DA:67,1
DA:69,1
DA:72,0
DA:73,0
DA:74,0
DA:77,1
DA:99,1
DA:101,1
DA:103,1
DA:113,1
DA:133,2
DA:134,2
DA:176,5
LF:38
LH:31
BRDA:33,0,0,1
BRDA:33,0,1,3
BRDA:37,1,0,3
BRDA:37,1,1,0
BRDA:41,2,0,2
BRDA:41,2,1,1
BRDA:44,3,0,2
BRDA:44,3,1,1
BRDA:46,4,0,1
BRDA:46,4,1,1
BRDA:47,5,0,1
BRDA:47,5,1,0
BRDA:54,6,0,1
BRDA:54,6,1,0
BRDA:55,7,0,1
BRDA:55,7,1,0
BRDA:55,8,0,1
BRDA:55,8,1,0
BRDA:58,9,0,0
BRDA:58,9,1,0
BRDA:59,10,0,0
BRDA:59,10,1,0
BRDA:67,11,0,1
BRDA:67,11,1,0
BRDA:72,12,0,0
BRDA:72,12,1,0
BRDA:101,13,0,1
BRDA:101,13,1,1
BRDA:103,14,0,1
BRDA:103,14,1,0
BRDA:105,15,0,0
BRDA:105,15,1,0
BRDA:106,16,0,0
BRDA:106,16,1,0
BRDA:109,17,0,0
BRDA:109,17,1,0
BRF:36
BRH:17
end_of_record
TN:
SF:src/services/category.service.ts
FN:28,getCategoriesForUser
FN:31,(anonymous_1)
FN:38,(anonymous_2)
FN:50,(anonymous_3)
FN:64,getCustomCategories
FN:76,createCategory
FN:109,updateCategory
FN:155,deleteCategory
FNF:8
FNH:8
FNDA:1,getCategoriesForUser
FNDA:4,(anonymous_1)
FNDA:8,(anonymous_2)
FNDA:1,(anonymous_3)
FNDA:1,getCustomCategories
FNDA:3,createCategory
FNDA:3,updateCategory
FNDA:3,deleteCategory
DA:6,5
DA:7,5
DA:12,5
DA:13,5
DA:28,5
DA:29,1
DA:31,4
DA:38,8
DA:45,1
DA:50,1
DA:57,1
DA:64,5
DA:65,1
DA:67,1
DA:76,5
DA:77,3
DA:79,3
DA:87,3
DA:88,1
DA:91,2
DA:92,2
DA:93,2
DA:94,1
DA:97,1
DA:109,5
DA:114,3
DA:116,3
DA:120,3
DA:121,1
DA:124,2
DA:125,1
DA:128,1
DA:129,1
DA:130,1
DA:138,1
DA:139,0
DA:143,1
DA:155,5
DA:156,3
DA:158,3
DA:162,3
DA:163,1
DA:166,2
DA:167,1
DA:170,1
DA:174,1
LF:46
LH:45
BRDA:33,0,0,4
BRDA:33,0,1,0
BRDA:40,1,0,8
BRDA:40,1,1,0
BRDA:87,2,0,1
BRDA:87,2,1,2
BRDA:93,3,0,1
BRDA:93,3,1,1
BRDA:120,4,0,1
BRDA:120,4,1,2
BRDA:124,5,0,1
BRDA:124,5,1,1
BRDA:128,6,0,1
BRDA:128,6,1,0
BRDA:134,7,0,1
BRDA:134,7,1,1
BRDA:138,8,0,0
BRDA:138,8,1,1
BRDA:146,9,0,1
BRDA:146,9,1,1
BRDA:147,10,0,1
BRDA:147,10,1,0
BRDA:162,11,0,1
BRDA:162,11,1,2
BRDA:166,12,0,1
BRDA:166,12,1,1
BRF:26
BRH:21
end_of_record
TN:
SF:src/services/fx-rates.service.ts
FN:32,(anonymous_0)
FN:74,(anonymous_1)
FNF:2
FNH:0
FNDA:0,(anonymous_0)
FNDA:0,(anonymous_1)
DA:8,4
DA:9,4
DA:11,4
DA:20,4
DA:28,4
DA:33,0
DA:34,0
DA:38,0
DA:39,0
DA:40,0
DA:44,0
DA:55,0
DA:56,0
DA:64,0
DA:79,0
DA:81,0
DA:83,0
DA:84,0
DA:87,0
DA:90,0
DA:92,0
DA:93,0
DA:94,0
DA:97,0
DA:98,0
DA:99,0
DA:101,0
DA:102,0
DA:111,0
DA:114,0
DA:118,0
DA:122,4
LF:32
LH:6
BRDA:38,0,0,0
BRDA:38,0,1,0
BRDA:40,1,0,0
BRDA:40,1,1,0
BRDA:40,2,0,0
BRDA:40,2,1,0
BRDA:45,3,0,0
BRDA:45,3,1,0
BRDA:46,4,0,0
BRDA:46,4,1,0
BRDA:47,5,0,0
BRDA:47,5,1,0
BRDA:83,6,0,0
BRDA:83,6,1,0
BRDA:92,7,0,0
BRDA:92,7,1,0
BRDA:92,8,0,0
BRDA:92,8,1,0
BRDA:98,9,0,0
BRDA:98,9,1,0
BRF:20
BRH:0
end_of_record
TN:
SF:src/services/payment.service.ts
FN:23,(anonymous_0)
FN:182,(anonymous_1)
FNF:2
FNH:0
FNDA:0,(anonymous_0)
FNDA:0,(anonymous_1)
DA:7,4
DA:8,4
DA:9,4
DA:10,4
DA:15,4
DA:16,4
DA:19,4
DA:24,0
DA:31,0
DA:35,0
DA:37,0
DA:40,0
DA:41,0
DA:42,0
DA:43,0
DA:45,0
DA:47,0
DA:48,0
DA:64,0
DA:83,0
DA:84,0
DA:85,0
DA:86,0
DA:87,0
DA:89,0
DA:100,0
DA:101,0
DA:102,0
DA:112,0
DA:113,0
DA:119,0
DA:120,0
DA:121,0
DA:123,0
DA:127,0
DA:136,0
DA:139,0
DA:140,0
DA:150,0
DA:168,0
DA:188,0
DA:192,0
DA:193,0
DA:194,0
DA:198,0
DA:199,0
DA:200,0
DA:204,0
DA:213,0
DA:214,0
DA:215,0
DA:216,0
DA:218,0
DA:236,0
DA:242,0
DA:246,4
LF:56
LH:8
BRDA:35,0,0,0
BRDA:35,0,1,0
BRDA:37,1,0,0
BRDA:37,1,1,0
BRDA:40,2,0,0
BRDA:40,2,1,0
BRDA:41,3,0,0
BRDA:41,3,1,0
BRDA:42,4,0,0
BRDA:42,4,1,0
BRDA:83,5,0,0
BRDA:83,5,1,0
BRDA:87,6,0,0
BRDA:87,6,1,0
BRDA:100,7,0,0
BRDA:100,7,1,0
BRDA:101,8,0,0
BRDA:101,8,1,0
BRDA:101,9,0,0
BRDA:101,9,1,0
BRDA:101,9,2,0
BRDA:112,10,0,0
BRDA:112,10,1,0
BRDA:112,11,0,0
BRDA:112,11,1,0
BRDA:127,12,0,0
BRDA:127,12,1,0
BRDA:128,13,0,0
BRDA:128,13,1,0
BRDA:131,14,0,0
BRDA:131,14,1,0
BRDA:139,15,0,0
BRDA:139,15,1,0
BRDA:158,16,0,0
BRDA:158,16,1,0
BRDA:192,17,0,0
BRDA:192,17,1,0
BRDA:198,18,0,0
BRDA:198,18,1,0
BRDA:214,19,0,0
BRDA:214,19,1,0
BRF:41
BRH:0
end_of_record
TN:
SF:src/services/transaction.service.ts
FN:35,(anonymous_9)
FN:81,(anonymous_10)
FN:111,(anonymous_11)
FN:131,(anonymous_12)
FN:169,(anonymous_13)
FN:193,(anonymous_14)
FN:236,(anonymous_15)
FN:247,(anonymous_16)
FN:270,(anonymous_17)
FN:303,(anonymous_18)
FN:318,(anonymous_19)
FN:337,(anonymous_20)
FN:373,(anonymous_21)
FN:404,(anonymous_22)
FN:407,(anonymous_23)
FN:410,(anonymous_24)
FN:411,(anonymous_25)
FN:429,(anonymous_26)
FN:442,(anonymous_27)
FN:453,(anonymous_28)
FN:462,(anonymous_29)
FNF:21
FNH:9
FNDA:4,(anonymous_9)
FNDA:7,(anonymous_10)
FNDA:5,(anonymous_11)
FNDA:3,(anonymous_12)
FNDA:0,(anonymous_13)
FNDA:0,(anonymous_14)
FNDA:2,(anonymous_15)
FNDA:2,(anonymous_16)
FNDA:3,(anonymous_17)
FNDA:6,(anonymous_18)
FNDA:5,(anonymous_19)
FNDA:0,(anonymous_20)
FNDA:0,(anonymous_21)
FNDA:0,(anonymous_22)
FNDA:0,(anonymous_23)
FNDA:0,(anonymous_24)
FNDA:0,(anonymous_25)
FNDA:0,(anonymous_26)
FNDA:0,(anonymous_27)
FNDA:0,(anonymous_28)
FNDA:0,(anonymous_29)
DA:6,5
DA:7,5
DA:8,5
DA:31,5
DA:36,4
DA:37,4
DA:39,4
DA:40,1
DA:43,4
DA:44,1
DA:47,4
DA:48,1
DA:51,4
DA:52,1
DA:53,1
DA:54,1
DA:56,1
DA:57,1
DA:61,4
DA:75,4
DA:82,7
DA:83,7
DA:96,7
DA:97,2
DA:101,5
DA:102,1
DA:105,4
DA:112,5
DA:114,5
DA:118,5
DA:119,1
DA:122,4
DA:123,1
DA:127,3
DA:128,3
DA:131,3
DA:133,3
DA:155,3
DA:160,3
DA:163,3
DA:170,0
DA:172,0
DA:175,0
DA:178,0
DA:179,0
DA:180,0
DA:181,0
DA:182,0
DA:185,0
DA:187,0
DA:189,0
DA:193,0
DA:195,0
DA:216,0
DA:217,0
DA:227,0
DA:230,0
DA:237,2
DA:239,2
DA:242,2
DA:247,2
DA:249,2
DA:254,2
DA:264,2
DA:271,3
DA:272,3
DA:274,3
DA:275,0
DA:278,3
DA:279,0
DA:280,0
DA:281,0
DA:283,0
DA:284,0
DA:288,3
DA:298,3
DA:299,3
DA:301,3
DA:303,3
DA:304,6
DA:305,2
DA:307,4
DA:311,6
DA:312,6
DA:318,5
DA:324,3
DA:338,0
DA:343,0
DA:345,0
DA:346,0
DA:347,0
DA:348,0
DA:349,0
DA:352,0
DA:361,0
DA:362,0
DA:364,0
DA:365,0
DA:368,0
DA:373,0
DA:374,0
DA:375,0
DA:376,0
DA:381,0
DA:382,0
DA:388,0
DA:389,0
DA:394,0
DA:395,0
DA:397,0
DA:399,0
DA:400,0
DA:403,0
DA:404,0
DA:406,0
DA:407,0
DA:409,0
DA:410,0
DA:411,0
DA:413,0
DA:434,0
DA:440,0
DA:442,0
DA:452,0
DA:453,0
DA:454,0
DA:455,0
DA:456,0
DA:457,0
DA:458,0
DA:462,0
DA:463,0
DA:464,0
DA:465,0
DA:466,0
DA:467,0
DA:468,0
DA:477,5
LF:138
LH:64
BRDA:36,0,0,3
BRDA:36,0,1,1
BRDA:39,1,0,1
BRDA:39,1,1,3
BRDA:43,2,0,1
BRDA:43,2,1,3
BRDA:47,3,0,1
BRDA:47,3,1,3
BRDA:51,4,0,1
BRDA:51,4,1,3
BRDA:51,5,0,4
BRDA:51,5,1,3
BRDA:53,6,0,1
BRDA:53,6,1,0
BRDA:56,7,0,1
BRDA:56,7,1,0
BRDA:96,8,0,2
BRDA:96,8,1,5
BRDA:101,9,0,1
BRDA:101,9,1,4
BRDA:118,10,0,1
BRDA:118,10,1,4
BRDA:122,11,0,1
BRDA:122,11,1,3
BRDA:127,12,0,1
BRDA:127,12,1,2
BRDA:178,13,0,0
BRDA:178,13,1,0
BRDA:178,14,0,0
BRDA:178,14,1,0
BRDA:181,15,0,0
BRDA:181,15,1,0
BRDA:182,16,0,0
BRDA:182,16,1,0
BRDA:185,17,0,0
BRDA:185,17,1,0
BRDA:187,18,0,0
BRDA:187,18,1,0
BRDA:198,19,0,0
BRDA:198,19,1,0
BRDA:199,20,0,0
BRDA:199,20,1,0
BRDA:200,21,0,0
BRDA:200,21,1,0
BRDA:201,22,0,0
BRDA:201,22,1,0
BRDA:202,23,0,0
BRDA:202,23,1,0
BRDA:216,24,0,0
BRDA:216,24,1,0
BRDA:242,25,0,0
BRDA:242,25,1,2
BRDA:271,26,0,1
BRDA:271,26,1,2
BRDA:274,27,0,0
BRDA:274,27,1,3
BRDA:278,28,0,0
BRDA:278,28,1,3
BRDA:278,29,0,3
BRDA:278,29,1,3
BRDA:280,30,0,0
BRDA:280,30,1,0
BRDA:283,31,0,0
BRDA:283,31,1,0
BRDA:304,32,0,2
BRDA:304,32,1,4
BRDA:311,33,0,6
BRDA:311,33,1,5
BRDA:340,34,0,0
BRDA:340,34,1,0
BRDA:345,35,0,0
BRDA:345,35,1,0
BRDA:346,36,0,0
BRDA:346,36,1,0
BRDA:346,37,0,0
BRDA:346,37,1,0
BRDA:348,38,0,0
BRDA:348,38,1,0
BRDA:349,39,0,0
BRDA:349,39,1,0
BRDA:374,40,0,0
BRDA:374,40,1,0
BRDA:378,41,0,0
BRDA:378,41,1,0
BRDA:384,42,0,0
BRDA:384,42,1,0
BRDA:389,43,0,0
BRDA:389,43,1,0
BRDA:394,44,0,0
BRDA:394,44,1,0
BRDA:437,45,0,0
BRDA:437,45,1,0
BRDA:447,46,0,0
BRDA:447,46,1,0
BRDA:448,47,0,0
BRDA:448,47,1,0
BRDA:449,48,0,0
BRDA:449,48,1,0
BRDA:452,49,0,0
BRDA:452,49,1,0
BRF:100
BRH:35
end_of_record
TN:
SF:src/services/wallet.service.ts
FN:28,(anonymous_0)
FN:41,(anonymous_1)
FN:62,(anonymous_2)
FN:166,(anonymous_3)
FN:234,(anonymous_4)
FN:250,(anonymous_5)
FN:263,(anonymous_6)
FNF:7
FNH:6
FNDA:3,(anonymous_0)
FNDA:8,(anonymous_1)
FNDA:6,(anonymous_2)
FNDA:0,(anonymous_3)
FNDA:2,(anonymous_4)
FNDA:3,(anonymous_5)
FNDA:4,(anonymous_6)
DA:6,5
DA:7,5
DA:9,5
DA:10,5
DA:24,5
DA:29,3
DA:30,3
DA:35,3
DA:42,8
DA:43,8
DA:47,8
DA:48,2
DA:52,6
DA:53,2
DA:56,4
DA:63,6
DA:65,6
DA:68,6
DA:69,1
DA:73,5
DA:78,5
DA:79,5
DA:80,5
DA:83,5
DA:84,5
DA:85,5
DA:86,5
DA:87,0
DA:88,0
DA:89,0
DA:90,0
DA:91,0
DA:92,0
DA:93,0
DA:99,5
DA:103,5
DA:104,5
DA:106,5
DA:107,1
DA:108,0
DA:112,1
DA:120,4
DA:129,4
DA:130,1
DA:134,3
DA:146,3
DA:147,3
DA:160,3
DA:167,0
DA:169,0
DA:172,0
DA:173,0
DA:182,0
DA:183,0
DA:188,0
DA:199,0
DA:200,0
DA:201,0
DA:202,0
DA:213,0
DA:214,0
DA:228,0
DA:235,2
DA:237,2
DA:240,2
DA:244,2
DA:251,3
DA:252,3
DA:263,4
DA:265,3
DA:273,5
LF:71
LH:49
BRDA:47,0,0,2
BRDA:47,0,1,6
BRDA:52,1,0,2
BRDA:52,1,1,4
BRDA:68,2,0,1
BRDA:68,2,1,5
BRDA:79,3,0,5
BRDA:79,3,1,0
BRDA:86,4,0,0
BRDA:86,4,1,5
BRDA:87,5,0,0
BRDA:87,5,1,0
BRDA:88,6,0,0
BRDA:88,6,1,0
BRDA:91,7,0,0
BRDA:91,7,1,0
BRDA:91,8,0,0
BRDA:91,8,1,0
BRDA:104,9,0,0
BRDA:104,9,1,5
BRDA:106,10,0,1
BRDA:106,10,1,4
BRDA:106,11,0,5
BRDA:106,11,1,3
BRDA:107,12,0,0
BRDA:107,12,1,1
BRDA:113,13,0,1
BRDA:113,13,1,0
BRDA:129,14,0,1
BRDA:129,14,1,3
BRDA:146,15,0,3
BRDA:146,15,1,0
BRDA:172,16,0,0
BRDA:172,16,1,0
BRDA:172,17,0,0
BRDA:172,17,1,0
BRDA:182,18,0,0
BRDA:182,18,1,0
BRDA:191,19,0,0
BRDA:191,19,1,0
BRDA:192,20,0,0
BRDA:192,20,1,0
BRDA:193,21,0,0
BRDA:193,21,1,0
BRDA:194,22,0,0
BRDA:194,22,1,0
BRDA:199,23,0,0
BRDA:199,23,1,0
BRDA:199,24,0,0
BRDA:199,24,1,0
BRDA:201,25,0,0
BRDA:201,25,1,0
BRDA:213,26,0,0
BRDA:213,26,1,0
BRF:54
BRH:18
end_of_record
TN:
SF:src/utils/errors.ts
FN:7,(anonymous_0)
FN:18,(anonymous_1)
FN:25,(anonymous_2)
FN:32,(anonymous_3)
FN:39,(anonymous_4)
FN:48,(anonymous_5)
FN:55,(anonymous_6)
FNF:7
FNH:7
FNDA:60,(anonymous_0)
FNDA:10,(anonymous_1)
FNDA:21,(anonymous_2)
FNDA:9,(anonymous_3)
FNDA:1,(anonymous_4)
FNDA:11,(anonymous_5)
FNDA:6,(anonymous_6)
DA:6,12
DA:8,60
DA:9,60
DA:10,60
DA:12,60
DA:13,60
DA:17,12
DA:18,10
DA:19,10
DA:20,10
DA:24,12
DA:26,21
DA:27,21
DA:31,12
DA:33,9
DA:34,9
DA:38,12
DA:42,1
DA:43,1
DA:47,12
DA:49,11
DA:50,11
DA:54,12
DA:56,6
DA:57,6
LF:25
LH:25
BRDA:10,0,0,1
BRDA:25,1,0,1
BRDA:32,2,0,1
BRDA:40,3,0,1
BRF:4
BRH:4
end_of_record
TN:
SF:src/utils/jwt.ts
FN:14,(anonymous_1)
FN:20,(anonymous_2)
FN:26,(anonymous_3)
FN:34,(anonymous_4)
FNF:4
FNH:4
FNDA:7,(anonymous_1)
FNDA:7,(anonymous_2)
FNDA:26,(anonymous_3)
FNDA:3,(anonymous_4)
DA:6,6
DA:7,6
DA:14,6
DA:15,7
DA:20,6
DA:21,7
DA:26,6
DA:27,26
DA:28,26
DA:30,5
DA:34,6
DA:35,3
DA:36,3
DA:38,2
LF:14
LH:14
BRF:0
BRH:0
end_of_record
TN:
SF:src/utils/validation.ts
FN:11,(anonymous_0)
FN:14,(anonymous_1)
FNF:2
FNH:2
FNDA:7,(anonymous_0)
FNDA:16,(anonymous_1)
DA:11,5
DA:12,7
DA:14,7
DA:15,16
DA:16,16
DA:17,15
DA:19,16
DA:22,7
LF:8
LH:8
BRDA:16,0,0,15
BRDA:16,0,1,1
BRF:2
BRH:2
end_of_record
