TN:
SF:src/app.ts
FN:37,(anonymous_1)
FN:45,(anonymous_2)
FNF:2
FNH:2
FNDA:1,(anonymous_1)
FNDA:3,(anonymous_2)
DA:6,9
DA:7,9
DA:8,9
DA:9,9
DA:10,9
DA:11,9
DA:12,9
DA:13,9
DA:14,9
DA:16,9
DA:19,9
DA:20,9
DA:24,9
DA:25,9
DA:26,9
DA:29,9
DA:31,9
DA:34,9
DA:37,9
DA:38,1
DA:42,9
DA:45,9
DA:46,3
DA:56,9
DA:58,9
LF:25
LH:25
BRF:0
BRH:0
end_of_record
TN:
SF:src/config/env.ts
FN:6,(anonymous_0)
FN:27,(anonymous_1)
FNF:2
FNH:2
FNDA:318,(anonymous_0)
FNDA:3,(anonymous_1)
DA:6,14
DA:7,318
DA:8,318
DA:9,0
DA:11,318
DA:14,14
DA:28,3
DA:29,2
DA:30,2
DA:31,2
DA:62,14
LF:11
LH:10
BRDA:8,0,0,0
BRDA:8,0,1,318
BRDA:8,1,0,318
BRDA:8,1,1,70
BRDA:11,2,0,318
BRDA:11,2,1,70
BRDA:11,2,2,0
BRDA:28,3,0,1
BRDA:28,3,1,2
BRDA:30,4,0,2
BRDA:30,4,1,0
BRF:11
BRH:8
end_of_record
TN:
SF:src/constants/categories.ts
FN:35,isSystemCategory
FNF:1
FNH:1
FNDA:10,isSystemCategory
DA:6,12
DA:20,12
DA:35,12
DA:36,10
LF:4
LH:4
BRDA:37,0,0,10
BRDA:37,0,1,7
BRF:2
BRH:2
end_of_record
TN:
SF:src/constants/subscription.ts
FNF:0
FNH:0
DA:9,14
DA:12,14
DA:19,14
DA:21,14
LF:4
LH:4
BRF:0
BRH:0
end_of_record
TN:
SF:src/controllers/auth.controller.ts
FN:17,(anonymous_0)
FN:60,(anonymous_1)
FN:103,(anonymous_2)
FN:136,(anonymous_3)
FN:160,(anonymous_4)
FN:200,(anonymous_5)
FNF:6
FNH:6
FNDA:5,(anonymous_0)
FNDA:3,(anonymous_1)
FNDA:2,(anonymous_2)
FNDA:1,(anonymous_3)
FNDA:2,(anonymous_4)
FNDA:1,(anonymous_5)
DA:7,9
DA:8,9
DA:9,9
DA:10,9
DA:12,9
DA:18,5
DA:20,5
DA:22,5
DA:23,2
DA:24,2
DA:28,3
DA:31,2
DA:38,2
DA:45,2
DA:52,3
DA:61,3
DA:63,3
DA:65,3
DA:66,0
DA:67,0
DA:71,3
DA:74,1
DA:81,1
DA:88,1
DA:95,2
DA:104,2
DA:106,2
DA:108,2
DA:109,1
DA:113,1
DA:116,1
DA:123,1
DA:128,1
DA:137,1
DA:139,1
DA:141,1
DA:142,0
DA:145,1
DA:147,1
DA:152,0
DA:161,2
DA:163,2
DA:165,2
DA:166,0
DA:176,2
DA:178,2
DA:187,2
DA:192,0
DA:201,1
DA:203,1
DA:204,1
DA:206,1
DA:211,0
DA:216,9
LF:54
LH:47
BRDA:22,0,0,2
BRDA:22,0,1,3
BRDA:65,1,0,0
BRDA:65,1,1,3
BRDA:108,2,0,1
BRDA:108,2,1,1
BRDA:141,3,0,0
BRDA:141,3,1,1
BRDA:165,4,0,0
BRDA:165,4,1,2
BRF:10
BRH:7
end_of_record
TN:
SF:src/controllers/billing.controller.ts
FN:14,(anonymous_0)
FNF:1
FNH:1
FNDA:1,(anonymous_0)
DA:7,9
DA:9,9
DA:15,1
DA:16,1
DA:17,1
DA:22,0
DA:27,9
LF:7
LH:6
BRF:0
BRH:0
end_of_record
TN:
SF:src/controllers/category.controller.ts
FN:16,getAll
FN:39,getCustom
FN:62,create
FN:92,update
FN:130,remove
FNF:5
FNH:5
FNDA:2,getAll
FNDA:2,getCustom
FNDA:3,create
FNDA:3,update
FNDA:2,remove
DA:7,10
DA:8,10
DA:9,10
DA:10,10
DA:16,10
DA:17,2
DA:18,2
DA:20,2
DA:21,1
DA:24,1
DA:26,1
DA:31,1
DA:39,10
DA:40,2
DA:41,2
DA:43,2
DA:44,1
DA:47,1
DA:49,1
DA:54,1
DA:62,10
DA:63,3
DA:64,3
DA:66,3
DA:67,1
DA:70,2
DA:72,2
DA:73,1
DA:74,1
DA:77,1
DA:79,1
DA:84,2
DA:92,10
DA:93,3
DA:94,3
DA:95,3
DA:97,3
DA:98,1
DA:100,2
DA:101,0
DA:104,2
DA:106,2
DA:107,1
DA:108,1
DA:111,1
DA:117,1
DA:122,2
DA:130,10
DA:131,2
DA:132,2
DA:133,2
DA:135,2
DA:136,1
DA:138,1
DA:139,0
DA:142,1
DA:144,1
DA:149,1
LF:58
LH:56
BRDA:20,0,0,1
BRDA:20,0,1,1
BRDA:43,1,0,1
BRDA:43,1,1,1
BRDA:66,2,0,1
BRDA:66,2,1,2
BRDA:72,3,0,1
BRDA:72,3,1,1
BRDA:95,4,0,0
BRDA:95,4,1,3
BRDA:97,5,0,1
BRDA:97,5,1,2
BRDA:100,6,0,0
BRDA:100,6,1,2
BRDA:100,7,0,2
BRDA:100,7,1,2
BRDA:106,8,0,1
BRDA:106,8,1,1
BRDA:133,9,0,0
BRDA:133,9,1,2
BRDA:135,10,0,1
BRDA:135,10,1,1
BRDA:138,11,0,0
BRDA:138,11,1,1
BRDA:138,12,0,1
BRDA:138,12,1,1
BRF:26
BRH:22
end_of_record
TN:
SF:src/controllers/fx-rates.controller.ts
FN:14,(anonymous_0)
FN:30,(anonymous_1)
FNF:2
FNH:2
FNDA:2,(anonymous_0)
FNDA:1,(anonymous_1)
DA:7,9
DA:9,9
DA:15,2
DA:16,2
DA:17,2
DA:22,0
DA:31,1
DA:32,1
DA:33,1
DA:39,0
DA:44,9
LF:11
LH:9
BRF:0
BRH:0
end_of_record
TN:
SF:src/controllers/payment.controller.ts
FN:16,(anonymous_0)
FNF:1
FNH:1
FNDA:6,(anonymous_0)
DA:7,10
DA:8,10
DA:9,10
DA:10,10
DA:12,10
DA:17,6
DA:18,6
DA:19,6
DA:20,1
DA:23,5
DA:24,5
DA:25,1
DA:26,1
DA:29,4
DA:31,4
DA:39,3
DA:44,3
DA:49,10
LF:18
LH:18
BRDA:19,0,0,1
BRDA:19,0,1,5
BRDA:24,1,0,1
BRDA:24,1,1,4
BRF:4
BRH:4
end_of_record
TN:
SF:src/controllers/transaction.controller.ts
FN:17,(anonymous_0)
FN:49,(anonymous_1)
FN:73,(anonymous_2)
FN:104,(anonymous_3)
FN:140,(anonymous_4)
FN:164,(anonymous_5)
FN:194,(anonymous_6)
FN:223,(anonymous_7)
FNF:8
FNH:8
FNDA:2,(anonymous_0)
FNDA:3,(anonymous_1)
FNDA:4,(anonymous_2)
FNDA:2,(anonymous_3)
FNDA:2,(anonymous_4)
FNDA:2,(anonymous_5)
FNDA:2,(anonymous_6)
FNDA:5,(anonymous_7)
DA:7,10
DA:8,10
DA:9,10
DA:10,10
DA:12,10
DA:18,2
DA:19,2
DA:21,2
DA:22,1
DA:26,1
DA:34,1
DA:36,1
DA:41,1
DA:50,3
DA:51,3
DA:52,3
DA:54,3
DA:55,1
DA:58,2
DA:60,1
DA:65,2
DA:74,4
DA:75,4
DA:77,4
DA:78,1
DA:82,3
DA:84,3
DA:85,2
DA:86,2
DA:89,1
DA:91,1
DA:96,3
DA:105,2
DA:106,2
DA:107,2
DA:109,2
DA:110,1
DA:114,1
DA:116,1
DA:117,0
DA:118,0
DA:121,1
DA:127,1
DA:132,1
DA:141,2
DA:142,2
DA:143,2
DA:145,2
DA:146,1
DA:149,1
DA:151,1
DA:156,1
DA:165,2
DA:166,2
DA:168,2
DA:169,1
DA:173,1
DA:179,1
DA:181,1
DA:186,1
DA:195,2
DA:196,2
DA:198,2
DA:199,1
DA:202,1
DA:208,1
DA:210,1
DA:215,1
DA:224,5
DA:225,5
DA:227,5
DA:228,1
DA:231,4
DA:232,4
DA:233,2
DA:236,2
DA:244,2
DA:250,2
DA:251,2
DA:252,2
DA:254,3
DA:259,10
LF:82
LH:80
BRDA:21,0,0,1
BRDA:21,0,1,1
BRDA:30,1,0,0
BRDA:30,1,1,1
BRDA:31,2,0,0
BRDA:31,2,1,1
BRDA:54,3,0,1
BRDA:54,3,1,2
BRDA:77,4,0,1
BRDA:77,4,1,3
BRDA:84,5,0,2
BRDA:84,5,1,1
BRDA:109,6,0,1
BRDA:109,6,1,1
BRDA:116,7,0,0
BRDA:116,7,1,1
BRDA:145,8,0,1
BRDA:145,8,1,1
BRDA:168,9,0,1
BRDA:168,9,1,1
BRDA:175,10,0,0
BRDA:175,10,1,1
BRDA:176,11,0,0
BRDA:176,11,1,1
BRDA:198,12,0,1
BRDA:198,12,1,1
BRDA:204,13,0,0
BRDA:204,13,1,1
BRDA:205,14,0,0
BRDA:205,14,1,1
BRDA:227,15,0,1
BRDA:227,15,1,4
BRDA:231,16,0,4
BRDA:231,16,1,0
BRDA:232,17,0,2
BRDA:232,17,1,2
BRDA:232,18,0,4
BRDA:232,18,1,3
BRDA:240,19,0,0
BRDA:240,19,1,2
BRDA:241,20,0,0
BRDA:241,20,1,2
BRF:42
BRH:32
end_of_record
TN:
SF:src/controllers/wallet.controller.ts
FN:17,(anonymous_0)
FN:40,(anonymous_1)
FN:64,(anonymous_2)
FN:95,(anonymous_3)
FN:127,(anonymous_4)
FN:151,(anonymous_5)
FNF:6
FNH:6
FNDA:2,(anonymous_0)
FNDA:4,(anonymous_1)
FNDA:3,(anonymous_2)
FNDA:3,(anonymous_3)
FNDA:2,(anonymous_4)
FNDA:2,(anonymous_5)
DA:7,10
DA:8,10
DA:9,10
DA:10,10
DA:12,10
DA:18,2
DA:19,2
DA:21,2
DA:22,1
DA:25,1
DA:27,1
DA:32,1
DA:41,4
DA:42,4
DA:43,4
DA:45,4
DA:46,1
DA:49,3
DA:51,1
DA:56,3
DA:65,3
DA:66,3
DA:68,3
DA:69,1
DA:73,2
DA:75,2
DA:76,1
DA:77,1
DA:80,1
DA:82,1
DA:87,2
DA:96,3
DA:97,3
DA:98,3
DA:100,3
DA:101,1
DA:105,2
DA:107,2
DA:108,1
DA:109,1
DA:112,1
DA:114,1
DA:119,2
DA:128,2
DA:129,2
DA:130,2
DA:132,2
DA:133,1
DA:136,1
DA:138,1
DA:143,1
DA:152,2
DA:153,2
DA:155,2
DA:156,1
DA:159,1
DA:161,1
DA:166,1
DA:171,10
LF:59
LH:59
BRDA:21,0,0,1
BRDA:21,0,1,1
BRDA:45,1,0,1
BRDA:45,1,1,3
BRDA:68,2,0,1
BRDA:68,2,1,2
BRDA:75,3,0,1
BRDA:75,3,1,1
BRDA:100,4,0,1
BRDA:100,4,1,2
BRDA:107,5,0,1
BRDA:107,5,1,1
BRDA:132,6,0,1
BRDA:132,6,1,1
BRDA:155,7,0,1
BRDA:155,7,1,1
BRF:16
BRH:16
end_of_record
TN:
SF:src/controllers/webhook.controller.ts
FN:17,(anonymous_1)
FN:75,(anonymous_2)
FNF:2
FNH:2
FNDA:3,(anonymous_1)
FNDA:2,(anonymous_2)
DA:8,9
DA:9,9
DA:10,9
DA:11,9
DA:13,9
DA:18,3
DA:20,3
DA:22,3
DA:23,1
DA:24,1
DA:25,1
DA:28,2
DA:29,0
DA:30,0
DA:31,0
DA:35,2
DA:36,2
DA:38,1
DA:39,1
DA:40,1
DA:41,1
DA:44,1
DA:46,1
DA:47,1
DA:48,1
DA:50,1
DA:57,1
DA:59,1
DA:60,1
DA:61,0
DA:69,1
DA:76,2
DA:78,2
DA:79,0
DA:80,0
DA:81,0
DA:84,2
DA:90,2
DA:92,2
DA:93,1
DA:95,1
DA:102,1
DA:103,1
DA:104,1
DA:105,0
DA:113,2
DA:117,9
LF:47
LH:39
BRDA:22,0,0,1
BRDA:22,0,1,2
BRDA:22,1,0,3
BRDA:22,1,1,3
BRDA:22,1,2,3
BRDA:28,2,0,0
BRDA:28,2,1,2
BRDA:38,3,0,1
BRDA:38,3,1,0
BRDA:46,4,0,1
BRDA:46,4,1,0
BRDA:57,5,0,1
BRDA:57,5,1,0
BRDA:60,6,0,0
BRDA:60,6,1,1
BRDA:78,7,0,0
BRDA:78,7,1,2
BRDA:78,8,0,2
BRDA:78,8,1,2
BRDA:92,9,0,1
BRDA:92,9,1,1
BRDA:92,10,0,2
BRDA:92,10,1,1
BRDA:102,11,0,1
BRDA:102,11,1,0
BRDA:104,12,0,0
BRDA:104,12,1,1
BRF:27
BRH:19
end_of_record
TN:
SF:src/middleware/auth.middleware.ts
FN:26,(anonymous_0)
FN:58,(anonymous_1)
FNF:2
FNH:2
FNDA:58,(anonymous_0)
FNDA:3,(anonymous_1)
DA:7,10
DA:8,10
DA:26,10
DA:27,58
DA:29,58
DA:31,58
DA:32,12
DA:36,46
DA:39,44
DA:44,44
DA:46,14
DA:47,12
DA:49,2
DA:58,10
DA:59,3
DA:60,3
DA:62,3
DA:63,1
DA:66,2
DA:68,1
DA:73,1
DA:76,1
LF:22
LH:22
BRDA:31,0,0,12
BRDA:31,0,1,46
BRDA:46,1,0,12
BRDA:46,1,1,2
BRDA:62,2,0,1
BRDA:62,2,1,2
BRF:6
BRH:6
end_of_record
TN:
SF:src/middleware/error.middleware.ts
FN:9,(anonymous_0)
FNF:1
FNH:1
FNDA:36,(anonymous_0)
DA:6,10
DA:7,10
DA:9,10
DA:15,36
DA:17,36
DA:18,35
DA:26,35
DA:30,1
DA:40,10
LF:9
LH:9
BRDA:17,0,0,35
BRDA:17,0,1,1
BRDA:23,1,0,35
BRDA:23,1,1,13
BRF:4
BRH:4
end_of_record
TN:
SF:src/middleware/logger.middleware.ts
FN:9,(anonymous_0)
FN:12,(anonymous_1)
FNF:2
FNH:2
FNDA:76,(anonymous_0)
FNDA:76,(anonymous_1)
DA:7,9
DA:9,9
DA:10,76
DA:12,76
DA:13,76
DA:14,76
DA:15,76
DA:18,76
LF:8
LH:8
BRF:0
BRH:0
end_of_record
TN:
SF:src/middleware/subscription.middleware.ts
FN:14,(anonymous_0)
FN:49,(anonymous_1)
FNF:2
FNH:2
FNDA:9,(anonymous_0)
FNDA:11,(anonymous_1)
DA:7,10
DA:8,10
DA:14,10
DA:19,9
DA:20,9
DA:22,9
DA:23,1
DA:26,8
DA:30,8
DA:32,8
DA:33,3
DA:38,5
DA:40,4
DA:49,10
DA:54,11
DA:55,11
DA:57,11
DA:58,0
DA:61,11
DA:65,11
DA:67,11
DA:68,2
DA:69,2
DA:70,2
DA:71,2
DA:72,2
DA:73,1
DA:78,11
DA:80,11
DA:81,3
DA:86,8
DA:88,3
LF:32
LH:31
BRDA:22,0,0,1
BRDA:22,0,1,8
BRDA:30,1,0,8
BRDA:30,1,1,0
BRDA:32,2,0,3
BRDA:32,2,1,5
BRDA:57,3,0,0
BRDA:57,3,1,11
BRDA:65,4,0,11
BRDA:65,4,1,0
BRDA:67,5,0,2
BRDA:67,5,1,9
BRDA:69,6,0,2
BRDA:69,6,1,0
BRDA:72,7,0,1
BRDA:72,7,1,1
BRDA:72,8,0,2
BRDA:72,8,1,2
BRDA:78,9,0,11
BRDA:78,9,1,4
BRDA:80,10,0,3
BRDA:80,10,1,8
BRF:22
BRH:18
end_of_record
TN:
SF:src/routes/webhook.routes.ts
FN:12,(anonymous_0)
FN:16,(anonymous_1)
FNF:2
FNH:2
FNDA:3,(anonymous_0)
FNDA:2,(anonymous_1)
DA:7,9
DA:8,9
DA:11,9
DA:12,9
DA:15,9
DA:16,9
DA:18,9
LF:7
LH:7
BRF:0
BRH:0
end_of_record
TN:
SF:src/routes/v1/auth.routes.ts
FN:18,(anonymous_0)
FN:22,(anonymous_1)
FN:26,(anonymous_2)
FN:34,(anonymous_3)
FN:40,(anonymous_4)
FN:46,(anonymous_5)
FNF:6
FNH:6
FNDA:5,(anonymous_0)
FNDA:3,(anonymous_1)
FNDA:2,(anonymous_2)
FNDA:1,(anonymous_3)
FNDA:2,(anonymous_4)
FNDA:1,(anonymous_5)
DA:6,9
DA:7,9
DA:8,9
DA:10,9
DA:18,9
DA:22,9
DA:26,9
DA:34,9
DA:35,1
DA:40,9
DA:41,2
DA:46,9
DA:47,1
DA:50,9
LF:14
LH:14
BRF:0
BRH:0
end_of_record
TN:
SF:src/routes/v1/billing.routes.ts
FN:12,(anonymous_0)
FNF:1
FNH:1
FNDA:1,(anonymous_0)
DA:6,9
DA:7,9
DA:9,9
DA:12,9
DA:14,9
LF:5
LH:5
BRF:0
BRH:0
end_of_record
TN:
SF:src/routes/v1/category.routes.ts
FN:18,(anonymous_9)
FN:25,(anonymous_10)
FN:29,(anonymous_11)
FN:33,(anonymous_12)
FN:37,(anonymous_13)
FNF:5
FNH:5
FNDA:1,(anonymous_9)
FNDA:1,(anonymous_10)
FNDA:2,(anonymous_11)
FNDA:2,(anonymous_12)
FNDA:1,(anonymous_13)
DA:6,9
DA:7,9
DA:8,9
DA:9,9
DA:11,9
DA:14,9
DA:18,9
DA:21,9
DA:25,9
DA:29,9
DA:33,9
DA:37,9
DA:39,9
LF:13
LH:13
BRF:0
BRH:0
end_of_record
TN:
SF:src/routes/v1/index.ts
FN:27,(anonymous_1)
FNF:1
FNH:0
FNDA:0,(anonymous_1)
DA:6,9
DA:7,9
DA:8,9
DA:9,9
DA:10,9
DA:11,9
DA:12,9
DA:13,9
DA:14,9
DA:16,9
DA:18,9
DA:19,9
DA:20,9
DA:21,9
DA:22,9
DA:23,9
DA:24,9
DA:27,9
DA:28,0
DA:29,0
DA:32,9
LF:21
LH:19
BRF:0
BRH:0
end_of_record
TN:
SF:src/routes/v1/payment.routes.ts
FN:12,(anonymous_0)
FNF:1
FNH:1
FNDA:5,(anonymous_0)
DA:5,9
DA:6,9
DA:7,9
DA:9,9
DA:11,9
DA:12,9
DA:14,9
LF:7
LH:7
BRF:0
BRH:0
end_of_record
TN:
SF:src/routes/v1/settings.routes.ts
FN:14,(anonymous_0)
FN:19,(anonymous_1)
FNF:2
FNH:2
FNDA:2,(anonymous_0)
FNDA:1,(anonymous_1)
DA:6,9
DA:7,9
DA:8,9
DA:10,9
DA:14,9
DA:15,2
DA:19,9
DA:20,1
DA:23,9
LF:9
LH:9
BRF:0
BRH:0
end_of_record
TN:
SF:src/routes/v1/transaction.routes.ts
FN:18,(anonymous_0)
FN:21,(anonymous_1)
FN:22,(anonymous_2)
FN:26,(anonymous_3)
FN:30,(anonymous_4)
FN:34,(anonymous_5)
FN:38,(anonymous_6)
FN:42,(anonymous_7)
FNF:8
FNH:8
FNDA:1,(anonymous_0)
FNDA:1,(anonymous_1)
FNDA:3,(anonymous_2)
FNDA:1,(anonymous_3)
FNDA:2,(anonymous_4)
FNDA:3,(anonymous_5)
FNDA:1,(anonymous_6)
FNDA:1,(anonymous_7)
DA:6,9
DA:7,9
DA:8,9
DA:9,9
DA:11,9
DA:14,9
DA:18,9
DA:21,9
DA:22,9
DA:26,9
DA:30,9
DA:34,9
DA:38,9
DA:42,9
DA:44,9
LF:15
LH:15
BRF:0
BRH:0
end_of_record
TN:
SF:src/routes/v1/wallet.routes.ts
FN:17,(anonymous_0)
FN:21,(anonymous_1)
FN:25,(anonymous_2)
FN:29,(anonymous_3)
FN:33,(anonymous_4)
FN:37,(anonymous_5)
FNF:6
FNH:6
FNDA:1,(anonymous_0)
FNDA:1,(anonymous_1)
FNDA:3,(anonymous_2)
FNDA:2,(anonymous_3)
FNDA:2,(anonymous_4)
FNDA:1,(anonymous_5)
DA:6,9
DA:7,9
DA:8,9
DA:10,9
DA:13,9
DA:17,9
DA:21,9
DA:25,9
DA:29,9
DA:33,9
DA:37,9
DA:39,9
LF:12
LH:12
BRF:0
BRH:0
end_of_record
TN:
SF:src/schemas/auth.schemas.ts
FNF:0
FNH:0
DA:5,10
DA:8,10
DA:10,10
DA:22,10
DA:27,10
LF:5
LH:5
BRF:0
BRH:0
end_of_record
TN:
SF:src/schemas/billing.schemas.ts
FNF:0
FNH:0
DA:5,1
DA:7,1
DA:18,1
LF:3
LH:3
BRF:0
BRH:0
end_of_record
TN:
SF:src/schemas/category.schemas.ts
FNF:0
FNH:0
DA:1,11
DA:3,11
DA:8,11
LF:3
LH:3
BRF:0
BRH:0
end_of_record
TN:
SF:src/schemas/payment.schemas.ts
FNF:0
FNH:0
DA:5,11
DA:7,11
LF:2
LH:2
BRF:0
BRH:0
end_of_record
TN:
SF:src/schemas/transaction.schemas.ts
FNF:0
FNH:0
DA:5,11
DA:7,11
DA:16,11
LF:3
LH:3
BRF:0
BRH:0
end_of_record
TN:
SF:src/schemas/wallet.schemas.ts
FNF:0
FNH:0
DA:5,11
DA:7,11
DA:15,11
LF:3
LH:3
BRF:0
BRH:0
end_of_record
TN:
SF:src/services/auth.service.ts
FN:54,(anonymous_1)
FN:120,(anonymous_2)
FN:175,(anonymous_3)
FN:205,(anonymous_4)
FN:256,(anonymous_5)
FNF:5
FNH:5
FNDA:6,(anonymous_1)
FNDA:6,(anonymous_2)
FNDA:4,(anonymous_3)
FNDA:3,(anonymous_4)
FNDA:3,(anonymous_5)
DA:6,10
DA:7,10
DA:8,10
DA:9,10
DA:10,10
DA:50,10
DA:55,6
DA:57,6
DA:61,6
DA:62,2
DA:66,4
DA:69,4
DA:87,4
DA:92,4
DA:97,4
DA:121,6
DA:123,6
DA:130,6
DA:131,2
DA:135,4
DA:137,4
DA:138,2
DA:142,2
DA:147,2
DA:152,2
DA:176,4
DA:177,4
DA:179,4
DA:182,3
DA:186,3
DA:187,1
DA:191,2
DA:196,2
DA:198,2
DA:206,3
DA:207,3
DA:214,3
DA:215,1
DA:219,2
DA:220,2
DA:221,2
DA:222,2
DA:225,2
DA:226,2
DA:227,2
DA:233,2
DA:234,2
DA:267,3
DA:270,3
DA:271,3
DA:272,3
DA:273,3
DA:274,3
DA:276,3
DA:286,3
DA:288,3
DA:289,2
DA:290,2
DA:291,2
DA:299,3
DA:300,3
DA:301,3
DA:302,3
DA:305,2
DA:306,2
DA:307,2
DA:310,1
DA:311,1
DA:312,1
DA:316,3
DA:317,3
DA:337,10
LF:72
LH:72
BRDA:61,0,0,2
BRDA:61,0,1,4
BRDA:109,1,0,4
BRDA:109,1,1,4
BRDA:130,2,0,2
BRDA:130,2,1,4
BRDA:137,3,0,2
BRDA:137,3,1,2
BRDA:161,4,0,2
BRDA:161,4,1,0
BRDA:162,5,0,2
BRDA:162,5,1,0
BRDA:163,6,0,2
BRDA:163,6,1,0
BRDA:164,7,0,2
BRDA:164,7,1,2
BRDA:186,8,0,1
BRDA:186,8,1,2
BRDA:214,9,0,1
BRDA:214,9,1,2
BRDA:225,10,0,2
BRDA:225,10,1,0
BRDA:226,11,0,2
BRDA:226,11,1,0
BRDA:227,12,0,2
BRDA:227,12,1,0
BRDA:244,13,0,2
BRDA:244,13,1,0
BRDA:245,14,0,2
BRDA:245,14,1,0
BRDA:246,15,0,2
BRDA:246,15,1,0
BRDA:247,16,0,2
BRDA:247,16,1,2
BRDA:271,17,0,1
BRDA:271,17,1,2
BRDA:272,18,0,0
BRDA:272,18,1,3
BRDA:273,19,0,0
BRDA:273,19,1,3
BRDA:274,20,0,1
BRDA:274,20,1,2
BRDA:286,21,0,3
BRDA:286,21,1,1
BRDA:286,21,2,0
BRDA:286,21,3,0
BRDA:288,22,0,2
BRDA:288,22,1,1
BRDA:289,23,0,2
BRDA:289,23,1,0
BRDA:290,24,0,2
BRDA:290,24,1,0
BRDA:305,25,0,2
BRDA:305,25,1,0
BRDA:306,26,0,2
BRDA:306,26,1,0
BRDA:307,27,0,2
BRDA:307,27,1,0
BRDA:310,28,0,1
BRDA:310,28,1,0
BRDA:311,29,0,1
BRDA:311,29,1,0
BRDA:312,30,0,1
BRDA:312,30,1,0
BRDA:327,31,0,3
BRDA:327,31,1,0
BRDA:328,32,0,3
BRDA:328,32,1,0
BRDA:329,33,0,3
BRDA:329,33,1,0
BRDA:330,34,0,3
BRDA:330,34,1,3
BRF:72
BRH:48
end_of_record
TN:
SF:src/services/billing.service.ts
FN:21,(anonymous_0)
FN:132,(anonymous_1)
FNF:2
FNH:2
FNDA:7,(anonymous_0)
FNDA:3,(anonymous_1)
DA:6,10
DA:7,10
DA:8,10
DA:9,10
DA:17,10
DA:22,7
DA:28,7
DA:33,7
DA:34,1
DA:37,6
DA:40,6
DA:41,6
DA:44,6
DA:46,3
DA:47,2
DA:48,1
DA:52,1
DA:54,3
DA:55,2
DA:56,1
DA:58,1
DA:59,1
DA:60,1
DA:64,2
DA:65,2
DA:67,2
DA:69,1
DA:72,1
DA:73,1
DA:74,1
DA:77,2
DA:99,2
DA:101,2
DA:103,2
DA:113,2
DA:133,3
DA:134,3
DA:176,10
LF:38
LH:38
BRDA:33,0,0,1
BRDA:33,0,1,6
BRDA:37,1,0,6
BRDA:37,1,1,0
BRDA:41,2,0,3
BRDA:41,2,1,3
BRDA:44,3,0,3
BRDA:44,3,1,3
BRDA:46,4,0,2
BRDA:46,4,1,1
BRDA:47,5,0,1
BRDA:47,5,1,1
BRDA:54,6,0,2
BRDA:54,6,1,1
BRDA:55,7,0,1
BRDA:55,7,1,1
BRDA:55,8,0,2
BRDA:55,8,1,1
BRDA:58,9,0,1
BRDA:58,9,1,0
BRDA:59,10,0,1
BRDA:59,10,1,0
BRDA:67,11,0,1
BRDA:67,11,1,1
BRDA:72,12,0,1
BRDA:72,12,1,0
BRDA:101,13,0,2
BRDA:101,13,1,1
BRDA:103,14,0,1
BRDA:103,14,1,1
BRDA:105,15,0,1
BRDA:105,15,1,0
BRDA:106,16,0,1
BRDA:106,16,1,0
BRDA:109,17,0,0
BRDA:109,17,1,0
BRF:36
BRH:28
end_of_record
TN:
SF:src/services/category.service.ts
FN:28,getCategoriesForUser
FN:31,(anonymous_1)
FN:38,(anonymous_2)
FN:50,(anonymous_3)
FN:64,getCustomCategories
FN:76,createCategory
FN:109,updateCategory
FN:155,deleteCategory
FNF:8
FNH:8
FNDA:2,getCategoriesForUser
FNDA:8,(anonymous_1)
FNDA:16,(anonymous_2)
FNDA:2,(anonymous_3)
FNDA:2,getCustomCategories
FNDA:4,createCategory
FNDA:6,updateCategory
FNDA:4,deleteCategory
DA:6,11
DA:7,11
DA:12,11
DA:13,11
DA:28,11
DA:29,2
DA:31,8
DA:38,16
DA:45,2
DA:50,2
DA:57,2
DA:64,11
DA:65,2
DA:67,2
DA:76,11
DA:77,4
DA:79,4
DA:87,4
DA:88,1
DA:91,3
DA:92,3
DA:93,3
DA:94,1
DA:97,2
DA:109,11
DA:114,6
DA:116,6
DA:120,6
DA:121,1
DA:124,5
DA:125,1
DA:128,4
DA:129,3
DA:130,3
DA:138,3
DA:139,1
DA:143,3
DA:155,11
DA:156,4
DA:158,4
DA:162,4
DA:163,1
DA:166,3
DA:167,1
DA:170,2
DA:174,2
LF:46
LH:46
BRDA:33,0,0,8
BRDA:33,0,1,0
BRDA:40,1,0,16
BRDA:40,1,1,0
BRDA:87,2,0,1
BRDA:87,2,1,3
BRDA:93,3,0,1
BRDA:93,3,1,2
BRDA:120,4,0,1
BRDA:120,4,1,5
BRDA:124,5,0,1
BRDA:124,5,1,4
BRDA:128,6,0,3
BRDA:128,6,1,1
BRDA:134,7,0,3
BRDA:134,7,1,3
BRDA:138,8,0,1
BRDA:138,8,1,2
BRDA:146,9,0,3
BRDA:146,9,1,2
BRDA:147,10,0,3
BRDA:147,10,1,1
BRDA:162,11,0,1
BRDA:162,11,1,3
BRDA:166,12,0,1
BRDA:166,12,1,2
BRF:26
BRH:24
end_of_record
TN:
SF:src/services/fx-rates.service.ts
FN:32,(anonymous_0)
FN:74,(anonymous_1)
FNF:2
FNH:2
FNDA:9,(anonymous_0)
FNDA:4,(anonymous_1)
DA:8,10
DA:9,10
DA:11,10
DA:20,10
DA:28,10
DA:33,9
DA:34,9
DA:38,8
DA:39,6
DA:40,6
DA:44,6
DA:55,3
DA:56,3
DA:64,3
DA:79,4
DA:81,4
DA:83,4
DA:84,1
DA:87,1
DA:90,3
DA:92,3
DA:93,2
DA:94,2
DA:97,1
DA:98,1
DA:99,1
DA:101,1
DA:102,1
DA:111,0
DA:114,1
DA:118,1
DA:122,10
LF:32
LH:31
BRDA:38,0,0,6
BRDA:38,0,1,2
BRDA:40,1,0,6
BRDA:40,1,1,0
BRDA:40,2,0,6
BRDA:40,2,1,6
BRDA:45,3,0,6
BRDA:45,3,1,0
BRDA:46,4,0,6
BRDA:46,4,1,0
BRDA:47,5,0,6
BRDA:47,5,1,0
BRDA:83,6,0,1
BRDA:83,6,1,3
BRDA:92,7,0,2
BRDA:92,7,1,1
BRDA:92,8,0,3
BRDA:92,8,1,2
BRDA:98,9,0,1
BRDA:98,9,1,0
BRF:20
BRH:15
end_of_record
TN:
SF:src/services/payment.service.ts
FN:23,(anonymous_0)
FN:182,(anonymous_1)
FNF:2
FNH:2
FNDA:12,(anonymous_0)
FNDA:5,(anonymous_1)
DA:7,11
DA:8,11
DA:9,11
DA:10,11
DA:15,11
DA:16,11
DA:19,11
DA:24,12
DA:31,12
DA:35,12
DA:37,11
DA:40,11
DA:41,4
DA:42,2
DA:43,2
DA:45,0
DA:47,2
DA:48,2
DA:64,2
DA:83,7
DA:84,3
DA:85,3
DA:86,3
DA:87,4
DA:89,3
DA:100,3
DA:101,3
DA:102,1
DA:112,2
DA:113,0
DA:119,2
DA:120,2
DA:121,2
DA:123,1
DA:127,5
DA:136,5
DA:139,5
DA:140,1
DA:150,4
DA:168,4
DA:188,5
DA:192,5
DA:193,1
DA:194,1
DA:198,4
DA:199,1
DA:200,1
DA:204,3
DA:213,3
DA:214,3
DA:215,3
DA:216,3
DA:218,3
DA:236,3
DA:242,3
DA:246,11
LF:56
LH:54
BRDA:35,0,0,1
BRDA:35,0,1,11
BRDA:37,1,0,11
BRDA:37,1,1,0
BRDA:40,2,0,4
BRDA:40,2,1,7
BRDA:41,3,0,2
BRDA:41,3,1,2
BRDA:42,4,0,2
BRDA:42,4,1,0
BRDA:83,5,0,3
BRDA:83,5,1,4
BRDA:87,6,0,3
BRDA:87,6,1,1
BRDA:100,7,0,3
BRDA:100,7,1,2
BRDA:101,8,0,1
BRDA:101,8,1,2
BRDA:101,9,0,3
BRDA:101,9,1,1
BRDA:101,9,2,1
BRDA:112,10,0,0
BRDA:112,10,1,2
BRDA:112,11,0,2
BRDA:112,11,1,0
BRDA:127,12,0,4
BRDA:127,12,1,1
BRDA:128,13,0,2
BRDA:128,13,1,2
BRDA:131,14,0,1
BRDA:131,14,1,0
BRDA:139,15,0,1
BRDA:139,15,1,4
BRDA:158,16,0,2
BRDA:158,16,1,2
BRDA:192,17,0,1
BRDA:192,17,1,4
BRDA:198,18,0,1
BRDA:198,18,1,3
BRDA:214,19,0,0
BRDA:214,19,1,3
BRF:41
BRH:35
end_of_record
TN:
SF:src/services/transaction.service.ts
FN:35,(anonymous_9)
FN:81,(anonymous_10)
FN:111,(anonymous_11)
FN:131,(anonymous_12)
FN:169,(anonymous_13)
FN:193,(anonymous_14)
FN:236,(anonymous_15)
FN:247,(anonymous_16)
FN:270,(anonymous_17)
FN:303,(anonymous_18)
FN:318,(anonymous_19)
FN:337,(anonymous_20)
FN:373,(anonymous_21)
FN:404,(anonymous_22)
FN:407,(anonymous_23)
FN:410,(anonymous_24)
FN:411,(anonymous_25)
FN:429,(anonymous_26)
FN:442,(anonymous_27)
FN:453,(anonymous_28)
FN:462,(anonymous_29)
FNF:21
FNH:21
FNDA:7,(anonymous_9)
FNDA:8,(anonymous_10)
FNDA:5,(anonymous_11)
FNDA:3,(anonymous_12)
FNDA:1,(anonymous_13)
FNDA:1,(anonymous_14)
FNDA:2,(anonymous_15)
FNDA:2,(anonymous_16)
FNDA:4,(anonymous_17)
FNDA:6,(anonymous_18)
FNDA:5,(anonymous_19)
FNDA:4,(anonymous_20)
FNDA:5,(anonymous_21)
FNDA:4,(anonymous_22)
FNDA:1,(anonymous_23)
FNDA:4,(anonymous_24)
FNDA:1,(anonymous_25)
FNDA:3,(anonymous_26)
FNDA:3,(anonymous_27)
FNDA:1,(anonymous_28)
FNDA:2,(anonymous_29)
DA:6,11
DA:7,11
DA:8,11
DA:31,11
DA:36,7
DA:37,7
DA:39,7
DA:40,1
DA:43,7
DA:44,1
DA:47,7
DA:48,1
DA:51,7
DA:52,1
DA:53,1
DA:54,1
DA:56,1
DA:57,1
DA:61,7
DA:75,7
DA:82,8
DA:83,8
DA:96,8
DA:97,2
DA:101,6
DA:102,1
DA:105,5
DA:112,5
DA:114,5
DA:118,5
DA:119,1
DA:122,4
DA:123,1
DA:127,3
DA:128,3
DA:131,3
DA:133,3
DA:155,3
DA:160,3
DA:163,3
DA:170,1
DA:172,1
DA:175,1
DA:178,1
DA:179,1
DA:180,1
DA:181,1
DA:182,1
DA:185,1
DA:187,1
DA:189,1
DA:193,1
DA:195,1
DA:216,1
DA:217,1
DA:227,1
DA:230,1
DA:237,2
DA:239,2
DA:242,2
DA:247,2
DA:249,2
DA:254,2
DA:264,2
DA:271,4
DA:272,4
DA:274,4
DA:275,1
DA:278,4
DA:279,1
DA:280,1
DA:281,1
DA:283,1
DA:284,1
DA:288,4
DA:298,4
DA:299,4
DA:301,4
DA:303,4
DA:304,6
DA:305,2
DA:307,4
DA:311,6
DA:312,6
DA:318,5
DA:324,4
DA:338,4
DA:343,4
DA:345,4
DA:346,4
DA:347,1
DA:348,1
DA:349,1
DA:352,4
DA:361,4
DA:362,4
DA:364,4
DA:365,4
DA:368,4
DA:373,4
DA:374,5
DA:375,1
DA:376,1
DA:381,4
DA:382,4
DA:388,5
DA:389,5
DA:394,5
DA:395,1
DA:397,4
DA:399,5
DA:400,5
DA:403,4
DA:404,4
DA:406,4
DA:407,1
DA:409,4
DA:410,4
DA:411,1
DA:413,4
DA:434,3
DA:440,3
DA:442,3
DA:452,3
DA:453,2
DA:454,1
DA:455,1
DA:456,1
DA:457,1
DA:458,1
DA:462,4
DA:463,2
DA:464,2
DA:465,2
DA:466,2
DA:467,2
DA:468,2
DA:477,11
LF:138
LH:138
BRDA:36,0,0,6
BRDA:36,0,1,1
BRDA:39,1,0,1
BRDA:39,1,1,6
BRDA:43,2,0,1
BRDA:43,2,1,6
BRDA:47,3,0,1
BRDA:47,3,1,6
BRDA:51,4,0,1
BRDA:51,4,1,6
BRDA:51,5,0,7
BRDA:51,5,1,6
BRDA:53,6,0,1
BRDA:53,6,1,0
BRDA:56,7,0,1
BRDA:56,7,1,0
BRDA:96,8,0,2
BRDA:96,8,1,6
BRDA:101,9,0,1
BRDA:101,9,1,5
BRDA:118,10,0,1
BRDA:118,10,1,4
BRDA:122,11,0,1
BRDA:122,11,1,3
BRDA:127,12,0,1
BRDA:127,12,1,2
BRDA:178,13,0,1
BRDA:178,13,1,0
BRDA:178,14,0,1
BRDA:178,14,1,0
BRDA:181,15,0,1
BRDA:181,15,1,0
BRDA:182,16,0,1
BRDA:182,16,1,1
BRDA:185,17,0,0
BRDA:185,17,1,1
BRDA:187,18,0,0
BRDA:187,18,1,1
BRDA:198,19,0,1
BRDA:198,19,1,0
BRDA:199,20,0,1
BRDA:199,20,1,0
BRDA:200,21,0,1
BRDA:200,21,1,1
BRDA:201,22,0,1
BRDA:201,22,1,1
BRDA:202,23,0,1
BRDA:202,23,1,0
BRDA:216,24,0,1
BRDA:216,24,1,0
BRDA:242,25,0,0
BRDA:242,25,1,2
BRDA:271,26,0,2
BRDA:271,26,1,2
BRDA:274,27,0,1
BRDA:274,27,1,3
BRDA:278,28,0,1
BRDA:278,28,1,3
BRDA:278,29,0,4
BRDA:278,29,1,3
BRDA:280,30,0,1
BRDA:280,30,1,0
BRDA:283,31,0,1
BRDA:283,31,1,0
BRDA:304,32,0,2
BRDA:304,32,1,4
BRDA:311,33,0,6
BRDA:311,33,1,5
BRDA:340,34,0,2
BRDA:340,34,1,2
BRDA:345,35,0,1
BRDA:345,35,1,3
BRDA:346,36,0,1
BRDA:346,36,1,3
BRDA:346,37,0,4
BRDA:346,37,1,3
BRDA:348,38,0,1
BRDA:348,38,1,0
BRDA:349,39,0,1
BRDA:349,39,1,0
BRDA:374,40,0,1
BRDA:374,40,1,4
BRDA:378,41,0,1
BRDA:378,41,1,1
BRDA:384,42,0,4
BRDA:384,42,1,4
BRDA:389,43,0,5
BRDA:389,43,1,4
BRDA:394,44,0,1
BRDA:394,44,1,4
BRDA:437,45,0,3
BRDA:437,45,1,0
BRDA:447,46,0,3
BRDA:447,46,1,0
BRDA:448,47,0,3
BRDA:448,47,1,0
BRDA:449,48,0,3
BRDA:449,48,1,0
BRDA:452,49,0,1
BRDA:452,49,1,2
BRF:100
BRH:80
end_of_record
TN:
SF:src/services/wallet.service.ts
FN:28,(anonymous_0)
FN:41,(anonymous_1)
FN:62,(anonymous_2)
FN:166,(anonymous_3)
FN:234,(anonymous_4)
FN:250,(anonymous_5)
FN:263,(anonymous_6)
FNF:7
FNH:7
FNDA:3,(anonymous_0)
FNDA:12,(anonymous_1)
FNDA:10,(anonymous_2)
FNDA:4,(anonymous_3)
FNDA:2,(anonymous_4)
FNDA:3,(anonymous_5)
FNDA:4,(anonymous_6)
DA:6,11
DA:7,11
DA:9,11
DA:10,11
DA:24,11
DA:29,3
DA:30,3
DA:35,3
DA:42,12
DA:43,12
DA:47,12
DA:48,2
DA:52,10
DA:53,2
DA:56,8
DA:63,10
DA:65,10
DA:68,10
DA:69,1
DA:73,9
DA:78,9
DA:79,9
DA:80,9
DA:83,9
DA:84,9
DA:85,9
DA:86,9
DA:87,3
DA:88,3
DA:89,2
DA:90,2
DA:91,2
DA:92,1
DA:93,1
DA:99,9
DA:103,9
DA:104,9
DA:106,9
DA:107,2
DA:108,1
DA:112,1
DA:120,7
DA:129,7
DA:130,1
DA:134,6
DA:146,6
DA:147,3
DA:160,6
DA:167,4
DA:169,4
DA:172,4
DA:173,1
DA:182,1
DA:183,1
DA:188,3
DA:199,3
DA:200,3
DA:201,3
DA:202,2
DA:213,1
DA:214,1
DA:228,3
DA:235,2
DA:237,2
DA:240,2
DA:244,2
DA:251,3
DA:252,3
DA:263,4
DA:265,3
DA:273,11
LF:71
LH:71
BRDA:47,0,0,2
BRDA:47,0,1,10
BRDA:52,1,0,2
BRDA:52,1,1,8
BRDA:68,2,0,1
BRDA:68,2,1,9
BRDA:79,3,0,9
BRDA:79,3,1,1
BRDA:86,4,0,3
BRDA:86,4,1,6
BRDA:87,5,0,3
BRDA:87,5,1,1
BRDA:88,6,0,2
BRDA:88,6,1,1
BRDA:91,7,0,1
BRDA:91,7,1,1
BRDA:91,8,0,2
BRDA:91,8,1,2
BRDA:104,9,0,0
BRDA:104,9,1,9
BRDA:106,10,0,2
BRDA:106,10,1,7
BRDA:106,11,0,9
BRDA:106,11,1,5
BRDA:107,12,0,1
BRDA:107,12,1,1
BRDA:113,13,0,1
BRDA:113,13,1,0
BRDA:129,14,0,1
BRDA:129,14,1,6
BRDA:146,15,0,3
BRDA:146,15,1,3
BRDA:172,16,0,1
BRDA:172,16,1,3
BRDA:172,17,0,4
BRDA:172,17,1,1
BRDA:182,18,0,1
BRDA:182,18,1,0
BRDA:191,19,0,3
BRDA:191,19,1,0
BRDA:192,20,0,3
BRDA:192,20,1,3
BRDA:193,21,0,3
BRDA:193,21,1,0
BRDA:194,22,0,3
BRDA:194,22,1,0
BRDA:199,23,0,3
BRDA:199,23,1,0
BRDA:199,24,0,3
BRDA:199,24,1,3
BRDA:201,25,0,2
BRDA:201,25,1,1
BRDA:213,26,0,1
BRDA:213,26,1,0
BRF:54
BRH:46
end_of_record
TN:
SF:src/utils/errors.ts
FN:7,(anonymous_0)
FN:18,(anonymous_1)
FN:25,(anonymous_2)
FN:32,(anonymous_3)
FN:39,(anonymous_4)
FN:48,(anonymous_5)
FN:55,(anonymous_6)
FNF:7
FNH:7
FNDA:106,(anonymous_0)
FNDA:43,(anonymous_1)
FNDA:24,(anonymous_2)
FNDA:16,(anonymous_3)
FNDA:2,(anonymous_4)
FNDA:11,(anonymous_5)
FNDA:8,(anonymous_6)
DA:6,20
DA:8,106
DA:9,106
DA:10,106
DA:12,106
DA:13,106
DA:17,20
DA:18,43
DA:19,43
DA:20,43
DA:24,20
DA:26,24
DA:27,24
DA:31,20
DA:33,16
DA:34,16
DA:38,20
DA:42,2
DA:43,2
DA:47,20
DA:49,11
DA:50,11
DA:54,20
DA:56,8
DA:57,8
LF:25
LH:25
BRDA:10,0,0,1
BRDA:25,1,0,1
BRDA:32,2,0,1
BRDA:40,3,0,1
BRF:4
BRH:4
end_of_record
TN:
SF:src/utils/jwt.ts
FN:14,(anonymous_1)
FN:20,(anonymous_2)
FN:26,(anonymous_3)
FN:34,(anonymous_4)
FNF:4
FNH:4
FNDA:8,(anonymous_1)
FNDA:7,(anonymous_2)
FNDA:51,(anonymous_3)
FNDA:4,(anonymous_4)
DA:6,11
DA:7,11
DA:14,11
DA:15,8
DA:20,11
DA:21,7
DA:26,11
DA:27,51
DA:28,51
DA:30,5
DA:34,11
DA:35,4
DA:36,4
DA:38,2
LF:14
LH:14
BRF:0
BRH:0
end_of_record
TN:
SF:src/utils/validation.ts
FN:11,(anonymous_0)
FN:14,(anonymous_1)
FNF:2
FNH:2
FNDA:11,(anonymous_0)
FNDA:21,(anonymous_1)
DA:11,11
DA:12,11
DA:14,11
DA:15,21
DA:16,21
DA:17,20
DA:19,21
DA:22,11
LF:8
LH:8
BRDA:16,0,0,20
BRDA:16,0,1,1
BRF:2
BRH:2
end_of_record
